#
# There is insufficient memory for the Java Runtime Environment to continue.
# Native memory allocation (malloc) failed to allocate 842656 bytes for Chunk::new
# Possible reasons:
#   The system is out of physical RAM or swap space
#   The process is running with CompressedOops enabled, and the Java Heap may be blocking the growth of the native heap
# Possible solutions:
#   Reduce memory load on the system
#   Increase physical memory or swap space
#   Check if swap backing store is full
#   Decrease Java heap size (-Xmx/-Xms)
#   Decrease number of Java threads
#   Decrease Java thread stack sizes (-Xss)
#   Set larger code cache with -XX:ReservedCodeCacheSize=
#   JVM is running with Unscaled Compressed Oops mode in which the Java heap is
#     placed in the first 4GB address space. The Java Heap base address is the
#     maximum limit for the native heap growth. Please use -XX:HeapBaseMinAddress
#     to set the Java Heap base and to place the Java Heap above 4GB virtual address.
# This output file may be truncated or incomplete.
#
#  Out of Memory Error (./src/hotspot/share/memory/arena.cpp:196), pid=2756, tid=20992
#
# JRE version: OpenJDK Runtime Environment Zulu13.35+17-CA (13.0.5+3) (build 13.0.5+3-MTS)
# Java VM: OpenJDK 64-Bit Server VM Zulu13.35+17-CA (13.0.5+3-MTS, mixed mode, sharing, tiered, compressed oops, g1 gc, windows-amd64)
# No core dump will be written. Minidumps are not enabled by default on client versions of Windows
#

---------------  S U M M A R Y ------------

Command Line: -agentlib:jdwp=transport=dt_socket,address=127.0.0.1:50513,suspend=y,server=n -javaagent:C:\Users\Entrepreware\AppData\Local\JetBrains\IdeaIC2020.3\captureAgent\debugger-agent.jar -Dfile.encoding=UTF-8 com.sun.supplierpoc.SupplierPocApplication

Host: Intel(R) Core(TM) i5-2400 CPU @ 3.10GHz, 4 cores, 7G,  Windows 10 , 64 bit Build 19041 (10.0.19041.1706)
Time: Tue May 17 17:43:14 2022 Egypt Standard Time elapsed time: 97 seconds (0d 0h 1m 37s)

---------------  T H R E A D  ---------------

Current thread (0x000002277f916800):  JavaThread "C2 CompilerThread0" daemon [_thread_in_native, id=20992, stack(0x000000e5a7300000,0x000000e5a7400000)]


Current CompileTask:
C2:  97407 9905       4       sun.security.util.AlgorithmDecomposer::decompose (336 bytes)

Stack: [0x000000e5a7300000,0x000000e5a7400000]
Native frames: (J=compiled Java code, j=interpreted, Vv=VM code, C=native code)
V  [jvm.dll+0x63325a]
V  [jvm.dll+0x7dd2fa]
V  [jvm.dll+0x7deaaf]
V  [jvm.dll+0x7df0f3]
V  [jvm.dll+0x250fe8]
V  [jvm.dll+0xc51c7]
V  [jvm.dll+0xc58bc]
V  [jvm.dll+0x2c3944]
V  [jvm.dll+0x54d3dd]
V  [jvm.dll+0x212cda]
V  [jvm.dll+0x20c95e]
V  [jvm.dll+0x209b4d]
V  [jvm.dll+0x18e03c]
V  [jvm.dll+0x218d6d]
V  [jvm.dll+0x216fbb]
V  [jvm.dll+0x7a2c46]
V  [jvm.dll+0x79bb0a]
V  [jvm.dll+0x632166]
C  [ucrtbase.dll+0x21bb2]
C  [KERNEL32.DLL+0x17034]
C  [ntdll.dll+0x52651]


---------------  P R O C E S S  ---------------

Threads class SMR info:
_java_thread_list=0x00000227030440e0, length=90, elements={
0x000002277f8f7800, 0x000002277f8fc800, 0x000002277f914800, 0x000002277f915800,
0x000002277f916800, 0x000002277f938000, 0x000002277f939000, 0x000002277f8d4000,
0x000002277fd41800, 0x000002277fd43000, 0x000002277fcde800, 0x000002270113b800,
0x0000022701345000, 0x0000022705c28800, 0x0000022705a22800, 0x000002270858b000,
0x000002270658f800, 0x0000022701d6d800, 0x000002270477f000, 0x0000022700fd8800,
0x0000022709b56800, 0x0000022709b57800, 0x0000022709b59000, 0x0000022702efa000,
0x0000022702efb000, 0x0000022702efb800, 0x0000022702efc800, 0x0000022702efd000,
0x0000022702efe000, 0x0000022702ef8800, 0x0000022702eff000, 0x0000022702ef9000,
0x0000022702f04000, 0x0000022702f02000, 0x0000022702f03000, 0x0000022702f00800,
0x0000022702f05800, 0x0000022702eff800, 0x0000022702f06000, 0x0000022702f07000,
0x0000022702f04800, 0x0000022702f01800, 0x0000022702deb000, 0x0000022702dec800,
0x0000022702deb800, 0x0000022702ded000, 0x0000022702dea000, 0x0000022702def000,
0x0000022702de9000, 0x0000022702df4000, 0x0000022702dee000, 0x0000022702df5800,
0x0000022702df4800, 0x0000022702df3000, 0x0000022702df1800, 0x0000022702def800,
0x0000022702df6000, 0x0000022702df0800, 0x0000022702df7000, 0x0000022702df8000,
0x0000022702df2000, 0x0000022709b58000, 0x000002270167d800, 0x000002270167a000,
0x000002270167c000, 0x000002270167b000, 0x000002270167e800, 0x000002270167c800,
0x0000022701678800, 0x000002270167f000, 0x0000022701679800, 0x0000022701681000,
0x0000022701684000, 0x0000022701685000, 0x0000022701683000, 0x0000022701685800,
0x0000022701680000, 0x0000022701686800, 0x0000022701687800, 0x0000022701682800,
0x0000022701681800, 0x0000022701890000, 0x000002270188b800, 0x000002270188a800,
0x000002270188c000, 0x0000022701891000, 0x000002270188d000, 0x000002270188f800,
0x000002270188e800, 0x000002270188d800
}

Java Threads: ( => current thread )
  0x000002277f8f7800 JavaThread "Reference Handler" daemon [_thread_blocked, id=6132, stack(0x000000e5a6f00000,0x000000e5a7000000)]
  0x000002277f8fc800 JavaThread "Finalizer" daemon [_thread_blocked, id=9112, stack(0x000000e5a7000000,0x000000e5a7100000)]
  0x000002277f914800 JavaThread "Signal Dispatcher" daemon [_thread_blocked, id=16132, stack(0x000000e5a7100000,0x000000e5a7200000)]
  0x000002277f915800 JavaThread "Attach Listener" daemon [_thread_blocked, id=15860, stack(0x000000e5a7200000,0x000000e5a7300000)]
=>0x000002277f916800 JavaThread "C2 CompilerThread0" daemon [_thread_in_native, id=20992, stack(0x000000e5a7300000,0x000000e5a7400000)]
  0x000002277f938000 JavaThread "C1 CompilerThread0" daemon [_thread_blocked, id=10376, stack(0x000000e5a7400000,0x000000e5a7500000)]
  0x000002277f939000 JavaThread "Sweeper thread" daemon [_thread_blocked, id=14676, stack(0x000000e5a7500000,0x000000e5a7600000)]
  0x000002277f8d4000 JavaThread "Common-Cleaner" daemon [_thread_blocked, id=10152, stack(0x000000e5a7600000,0x000000e5a7700000)]
  0x000002277fd41800 JavaThread "JDWP Transport Listener: dt_socket" daemon [_thread_blocked, id=20392, stack(0x000000e5a7700000,0x000000e5a7800000)]
  0x000002277fd43000 JavaThread "JDWP Event Helper Thread" daemon [_thread_blocked, id=13656, stack(0x000000e5a7800000,0x000000e5a7900000)]
  0x000002277fcde800 JavaThread "JDWP Command Reader" daemon [_thread_in_native, id=21984, stack(0x000000e5a7900000,0x000000e5a7a00000)]
  0x000002270113b800 JavaThread "Service Thread" daemon [_thread_blocked, id=8944, stack(0x000000e5a7c00000,0x000000e5a7d00000)]
  0x0000022701345000 JavaThread "Catalina-utility-1" [_thread_blocked, id=20052, stack(0x000000e5a8000000,0x000000e5a8100000)]
  0x0000022705c28800 JavaThread "Catalina-utility-2" [_thread_blocked, id=6924, stack(0x000000e5a8100000,0x000000e5a8200000)]
  0x0000022705a22800 JavaThread "container-0" [_thread_blocked, id=18864, stack(0x000000e5a8200000,0x000000e5a8300000)]
  0x000002270858b000 JavaThread "Thread-1" daemon [_thread_in_native, id=11192, stack(0x000000e5a8300000,0x000000e5a8400000)]
  0x000002270658f800 JavaThread "CleanCursors-1-thread-1" daemon [_thread_blocked, id=12740, stack(0x000000e5a8400000,0x000000e5a8500000)]
  0x0000022701d6d800 JavaThread "cluster-ClusterId{value='6283c24467c3420ac43f981f', description='null'}-oraclehospitality-shard-00-02-q9dzj.mongodb.net:27017" daemon [_thread_blocked, id=19728, stack(0x000000e5a8600000,0x000000e5a8700000)]
  0x000002270477f000 JavaThread "cluster-ClusterId{value='6283c24467c3420ac43f981f', description='null'}-oraclehospitality-shard-00-01-q9dzj.mongodb.net:27017" daemon [_thread_blocked, id=17920, stack(0x000000e5a8700000,0x000000e5a8800000)]
  0x0000022700fd8800 JavaThread "cluster-ClusterId{value='6283c24467c3420ac43f981f', description='null'}-oraclehospitality-shard-00-00-q9dzj.mongodb.net:27017" daemon [_thread_blocked, id=17980, stack(0x000000e5a8800000,0x000000e5a8900000)]
  0x0000022709b56800 JavaThread "MessageBroker-1" [_thread_blocked, id=17184, stack(0x000000e5a8a00000,0x000000e5a8b00000)]
  0x0000022709b57800 JavaThread "my-scheduled-task-pool-1" [_thread_in_native, id=3976, stack(0x000000e5a8b00000,0x000000e5a8c00000)]
  0x0000022709b59000 JavaThread "my-scheduled-task-pool-2" [_thread_blocked, id=6860, stack(0x000000e5a8c00000,0x000000e5a8d00000)]
  0x0000022702efa000 JavaThread "my-scheduled-task-pool-3" [_thread_blocked, id=20240, stack(0x000000e5a8d00000,0x000000e5a8e00000)]
  0x0000022702efb000 JavaThread "http-nio-8081-BlockPoller" daemon [_thread_in_native, id=14560, stack(0x000000e5a8500000,0x000000e5a8600000)]
  0x0000022702efb800 JavaThread "http-nio-8081-exec-1" daemon [_thread_blocked, id=20920, stack(0x000000e5a8e00000,0x000000e5a8f00000)]
  0x0000022702efc800 JavaThread "http-nio-8081-exec-2" daemon [_thread_blocked, id=11788, stack(0x000000e5a8f00000,0x000000e5a9000000)]
  0x0000022702efd000 JavaThread "http-nio-8081-exec-3" daemon [_thread_blocked, id=816, stack(0x000000e5a9000000,0x000000e5a9100000)]
  0x0000022702efe000 JavaThread "http-nio-8081-exec-4" daemon [_thread_blocked, id=21968, stack(0x000000e5a9100000,0x000000e5a9200000)]
  0x0000022702ef8800 JavaThread "http-nio-8081-exec-5" daemon [_thread_blocked, id=13852, stack(0x000000e5a9200000,0x000000e5a9300000)]
  0x0000022702eff000 JavaThread "http-nio-8081-exec-6" daemon [_thread_blocked, id=16940, stack(0x000000e5a9300000,0x000000e5a9400000)]
  0x0000022702ef9000 JavaThread "http-nio-8081-exec-7" daemon [_thread_blocked, id=10444, stack(0x000000e5a9400000,0x000000e5a9500000)]
  0x0000022702f04000 JavaThread "http-nio-8081-exec-8" daemon [_thread_blocked, id=18768, stack(0x000000e5a9500000,0x000000e5a9600000)]
  0x0000022702f02000 JavaThread "http-nio-8081-exec-9" daemon [_thread_in_native, id=16140, stack(0x000000e5a9600000,0x000000e5a9700000)]
  0x0000022702f03000 JavaThread "http-nio-8081-exec-10" daemon [_thread_blocked, id=18444, stack(0x000000e5a9700000,0x000000e5a9800000)]
  0x0000022702f00800 JavaThread "http-nio-8081-ClientPoller" daemon [_thread_in_native, id=14664, stack(0x000000e5a9800000,0x000000e5a9900000)]
  0x0000022702f05800 JavaThread "http-nio-8081-Acceptor" daemon [_thread_in_native, id=14096, stack(0x000000e5a9900000,0x000000e5a9a00000)]
  0x0000022702eff800 JavaThread "DestroyJavaVM" [_thread_blocked, id=15696, stack(0x000000e5a6800000,0x000000e5a6900000)]
  0x0000022702f06000 JavaThread "Exec Default Executor" daemon [_thread_in_native, id=13236, stack(0x000000e5a6500000,0x000000e5a6600000)]
  0x0000022702f07000 JavaThread "Exec Stream Pumper" daemon [_thread_in_native, id=21028, stack(0x000000e5a6600000,0x000000e5a6700000)]
  0x0000022702f04800 JavaThread "Exec Stream Pumper" daemon [_thread_in_native, id=13216, stack(0x000000e5a6700000,0x000000e5a6800000)]
  0x0000022702f01800 JavaThread "ForkJoinPool.commonPool-worker-3" daemon [_thread_blocked, id=10112, stack(0x000000e5a9c00000,0x000000e5a9d00000)]
  0x0000022702deb000 JavaThread "ForkJoinPool.commonPool-worker-5" daemon [_thread_blocked, id=8964, stack(0x000000e5a9d00000,0x000000e5a9e00000)]
  0x0000022702dec800 JavaThread "ForkJoinPool.commonPool-worker-7" daemon [_thread_blocked, id=21356, stack(0x000000e5a9e00000,0x000000e5a9f00000)]
  0x0000022702deb800 JavaThread "OkHttp ConnectionPool" daemon [_thread_blocked, id=17268, stack(0x000000e5a9f00000,0x000000e5aa000000)]
  0x0000022702ded000 JavaThread "Okio Watchdog" daemon [_thread_blocked, id=6376, stack(0x000000e5aa000000,0x000000e5aa100000)]
  0x0000022702dea000 JavaThread "MessageBroker-2" [_thread_blocked, id=14532, stack(0x000000e5a7f00000,0x000000e5a8000000)]
  0x0000022702def000 JavaThread "OkHttp crs.me.restaurant-partners.com" [_thread_in_native, id=11320, stack(0x000000e5aa300000,0x000000e5aa400000)]
  0x0000022702de9000 JavaThread "OkHttp ConnectionPool" daemon [_thread_blocked, id=21736, stack(0x000000e5aa400000,0x000000e5aa500000)]
  0x0000022702df4000 JavaThread "OkHttp crs.me.restaurant-partners.com Writer" [_thread_blocked, id=17016, stack(0x000000e5aa500000,0x000000e5aa600000)]
  0x0000022702dee000 JavaThread "OkHttp Http2Connection" daemon [_thread_blocked, id=11632, stack(0x000000e5aa600000,0x000000e5aa700000)]
  0x0000022702df5800 JavaThread "OkHttp crs.me.restaurant-partners.com" [_thread_in_native, id=21964, stack(0x000000e5aa700000,0x000000e5aa800000)]
  0x0000022702df4800 JavaThread "OkHttp ConnectionPool" daemon [_thread_blocked, id=15992, stack(0x000000e5aa800000,0x000000e5aa900000)]
  0x0000022702df3000 JavaThread "OkHttp crs.me.restaurant-partners.com Writer" [_thread_blocked, id=13592, stack(0x000000e5aa900000,0x000000e5aaa00000)]
  0x0000022702df1800 JavaThread "OkHttp api-sandbox.foodics.com" [_thread_in_native, id=7980, stack(0x000000e5aab00000,0x000000e5aac00000)]
  0x0000022702def800 JavaThread "OkHttp ConnectionPool" daemon [_thread_blocked, id=19108, stack(0x000000e5aac00000,0x000000e5aad00000)]
  0x0000022702df6000 JavaThread "OkHttp api-sandbox.foodics.com Writer" [_thread_blocked, id=19580, stack(0x000000e5aad00000,0x000000e5aae00000)]
  0x0000022702df0800 JavaThread "OkHttp api-sandbox.foodics.com" [_thread_in_native, id=22716, stack(0x000000e5aaa00000,0x000000e5aab00000)]
  0x0000022702df7000 JavaThread "OkHttp ConnectionPool" daemon [_thread_blocked, id=22724, stack(0x000000e5aae00000,0x000000e5aaf00000)]
  0x0000022702df8000 JavaThread "OkHttp api-sandbox.foodics.com Writer" [_thread_blocked, id=22788, stack(0x000000e5aaf00000,0x000000e5ab000000)]
  0x0000022702df2000 JavaThread "OkHttp api-sandbox.foodics.com" [_thread_in_native, id=23108, stack(0x000000e5ab000000,0x000000e5ab100000)]
  0x0000022709b58000 JavaThread "OkHttp ConnectionPool" daemon [_thread_blocked, id=23112, stack(0x000000e5ab100000,0x000000e5ab200000)]
  0x000002270167d800 JavaThread "OkHttp api-sandbox.foodics.com Writer" [_thread_blocked, id=23116, stack(0x000000e5ab200000,0x000000e5ab300000)]
  0x000002270167a000 JavaThread "OkHttp api-sandbox.foodics.com" [_thread_in_native, id=23216, stack(0x000000e5ab300000,0x000000e5ab400000)]
  0x000002270167c000 JavaThread "OkHttp ConnectionPool" daemon [_thread_blocked, id=23220, stack(0x000000e5ab400000,0x000000e5ab500000)]
  0x000002270167b000 JavaThread "OkHttp api-sandbox.foodics.com Writer" [_thread_blocked, id=23228, stack(0x000000e5ab500000,0x000000e5ab600000)]
  0x000002270167e800 JavaThread "OkHttp api-sandbox.foodics.com" [_thread_in_native, id=23328, stack(0x000000e5ab600000,0x000000e5ab700000)]
  0x000002270167c800 JavaThread "OkHttp ConnectionPool" daemon [_thread_blocked, id=23332, stack(0x000000e5ab700000,0x000000e5ab800000)]
  0x0000022701678800 JavaThread "OkHttp api-sandbox.foodics.com Writer" [_thread_blocked, id=23336, stack(0x000000e5ab800000,0x000000e5ab900000)]
  0x000002270167f000 JavaThread "OkHttp api-sandbox.foodics.com" [_thread_in_native, id=23340, stack(0x000000e5ab900000,0x000000e5aba00000)]
  0x0000022701679800 JavaThread "OkHttp ConnectionPool" daemon [_thread_blocked, id=23344, stack(0x000000e5aba00000,0x000000e5abb00000)]
  0x0000022701681000 JavaThread "OkHttp api-sandbox.foodics.com Writer" [_thread_blocked, id=23348, stack(0x000000e5abb00000,0x000000e5abc00000)]
  0x0000022701684000 JavaThread "OkHttp api-sandbox.foodics.com" [_thread_in_native, id=23356, stack(0x000000e5abc00000,0x000000e5abd00000)]
  0x0000022701685000 JavaThread "OkHttp ConnectionPool" daemon [_thread_blocked, id=23360, stack(0x000000e5abd00000,0x000000e5abe00000)]
  0x0000022701683000 JavaThread "OkHttp api-sandbox.foodics.com Writer" [_thread_blocked, id=23364, stack(0x000000e5abe00000,0x000000e5abf00000)]
  0x0000022701685800 JavaThread "OkHttp api-sandbox.foodics.com" [_thread_in_native, id=23376, stack(0x000000e5abf00000,0x000000e5ac000000)]
  0x0000022701680000 JavaThread "OkHttp ConnectionPool" daemon [_thread_blocked, id=23380, stack(0x000000e5ac000000,0x000000e5ac100000)]
  0x0000022701686800 JavaThread "OkHttp api-sandbox.foodics.com Writer" [_thread_blocked, id=23400, stack(0x000000e5ac100000,0x000000e5ac200000)]
  0x0000022701687800 JavaThread "OkHttp api-sandbox.foodics.com" [_thread_in_native, id=23428, stack(0x000000e5ac200000,0x000000e5ac300000)]
  0x0000022701682800 JavaThread "OkHttp ConnectionPool" daemon [_thread_blocked, id=23432, stack(0x000000e5ac300000,0x000000e5ac400000)]
  0x0000022701681800 JavaThread "OkHttp api-sandbox.foodics.com Writer" [_thread_blocked, id=23436, stack(0x000000e5ac400000,0x000000e5ac500000)]
  0x0000022701890000 JavaThread "OkHttp api-sandbox.foodics.com" [_thread_in_native, id=23460, stack(0x000000e5ac500000,0x000000e5ac600000)]
  0x000002270188b800 JavaThread "OkHttp ConnectionPool" daemon [_thread_blocked, id=23464, stack(0x000000e5ac600000,0x000000e5ac700000)]
  0x000002270188a800 JavaThread "OkHttp api-sandbox.foodics.com Writer" [_thread_blocked, id=23468, stack(0x000000e5ac700000,0x000000e5ac800000)]
  0x000002270188c000 JavaThread "OkHttp api-sandbox.foodics.com" [_thread_in_native, id=23496, stack(0x000000e5ac900000,0x000000e5aca00000)]
  0x0000022701891000 JavaThread "OkHttp ConnectionPool" daemon [_thread_blocked, id=23500, stack(0x000000e5aca00000,0x000000e5acb00000)]
  0x000002270188d000 JavaThread "OkHttp api-sandbox.foodics.com Writer" [_thread_blocked, id=23504, stack(0x000000e5acb00000,0x000000e5acc00000)]
  0x000002270188f800 JavaThread "OkHttp api-sandbox.foodics.com" [_thread_in_native, id=23516, stack(0x000000e5ac800000,0x000000e5ac900000)]
  0x000002270188e800 JavaThread "OkHttp ConnectionPool" daemon [_thread_blocked, id=23520, stack(0x000000e5acc00000,0x000000e5acd00000)]
  0x000002270188d800 JavaThread "OkHttp api-sandbox.foodics.com Writer" [_thread_blocked, id=23524, stack(0x000000e5acd00000,0x000000e5ace00000)]

Other Threads:
  0x000002277f8f0800 VMThread "VM Thread" [stack: 0x000000e5a6e00000,0x000000e5a6f00000] [id=19436]
  0x0000022700a90000 WatcherThread [stack: 0x000000e5a7d00000,0x000000e5a7e00000] [id=16184]
  0x000002276115d000 GCTaskThread "GC Thread#0" [stack: 0x000000e5a6900000,0x000000e5a6a00000] [id=15128]
  0x0000022700cee000 GCTaskThread "GC Thread#1" [stack: 0x000000e5a7a00000,0x000000e5a7b00000] [id=21568]
  0x0000022700cef000 GCTaskThread "GC Thread#2" [stack: 0x000000e5a7b00000,0x000000e5a7c00000] [id=18040]
  0x0000022701b73800 GCTaskThread "GC Thread#3" [stack: 0x000000e5a7e00000,0x000000e5a7f00000] [id=15852]
  0x000002276116f000 ConcurrentGCThread "G1 Main Marker" [stack: 0x000000e5a6a00000,0x000000e5a6b00000] [id=17256]
  0x0000022761170800 ConcurrentGCThread "G1 Conc#0" [stack: 0x000000e5a6b00000,0x000000e5a6c00000] [id=16268]
  0x000002277f76d800 ConcurrentGCThread "G1 Refine#0" [stack: 0x000000e5a6c00000,0x000000e5a6d00000] [id=21976]
  0x00000227098a7800 ConcurrentGCThread "G1 Refine#1" [stack: 0x000000e5aa100000,0x000000e5aa200000] [id=15404]
  0x0000022701dd1800 ConcurrentGCThread "G1 Refine#2" [stack: 0x000000e5aa200000,0x000000e5aa300000] [id=2764]
  0x000002277f76f800 ConcurrentGCThread "G1 Young RemSet Sampling" [stack: 0x000000e5a6d00000,0x000000e5a6e00000] [id=20696]

Threads with active compile tasks:
C2 CompilerThread0   101144 9905       4       sun.security.util.AlgorithmDecomposer::decompose (336 bytes)
C1 CompilerThread0   101144 10029       3       com.google.gson.stream.JsonWriter::value (94 bytes)

VM state:not at safepoint (normal execution)

VM Mutex/Monitor currently owned by a thread: None

Heap address: 0x0000000081c00000, size: 2020 MB, Compressed Oops mode: 32-bit
Narrow klass base: 0x0000000800000000, Narrow klass shift: 3
Compressed class space size: 1073741824 Address: 0x0000000800b20000

Heap:
 garbage-first heap   total 109568K, used 62005K [0x0000000081c00000, 0x0000000100000000)
  region size 1024K, 10 young (10240K), 5 survivors (5120K)
 Metaspace       used 69301K, capacity 71611K, committed 71936K, reserved 1112064K
  class space    used 8459K, capacity 9334K, committed 9472K, reserved 1048576K
Heap Regions: E=young(eden), S=young(survivor), O=old, HS=humongous(starts), HC=humongous(continues), CS=collection set, F=free, A=archive, TAMS=top-at-mark-start (previous, next)
|   0|0x0000000081c00000, 0x0000000081d00000, 0x0000000081d00000|100%|HS|  |TAMS 0x0000000081d00000, 0x0000000081c00000| Complete 
|   1|0x0000000081d00000, 0x0000000081e00000, 0x0000000081e00000|100%| O|  |TAMS 0x0000000081e00000, 0x0000000081d00000| Untracked 
|   2|0x0000000081e00000, 0x0000000081e00000, 0x0000000081f00000|  0%| F|  |TAMS 0x0000000081e00000, 0x0000000081e00000| Untracked 
|   3|0x0000000081f00000, 0x0000000082000000, 0x0000000082000000|100%| O|  |TAMS 0x0000000082000000, 0x0000000081f00000| Untracked 
|   4|0x0000000082000000, 0x0000000082100000, 0x0000000082100000|100%| O|  |TAMS 0x0000000082100000, 0x0000000082000000| Untracked 
|   5|0x0000000082100000, 0x0000000082200000, 0x0000000082200000|100%| O|  |TAMS 0x0000000082200000, 0x0000000082100000| Untracked 
|   6|0x0000000082200000, 0x0000000082300000, 0x0000000082300000|100%| O|  |TAMS 0x0000000082300000, 0x0000000082200000| Untracked 
|   7|0x0000000082300000, 0x0000000082400000, 0x0000000082400000|100%| O|  |TAMS 0x0000000082400000, 0x0000000082300000| Untracked 
|   8|0x0000000082400000, 0x0000000082500000, 0x0000000082500000|100%| O|  |TAMS 0x0000000082500000, 0x0000000082400000| Untracked 
|   9|0x0000000082500000, 0x0000000082600000, 0x0000000082600000|100%| O|  |TAMS 0x0000000082600000, 0x0000000082500000| Untracked 
|  10|0x0000000082600000, 0x0000000082700000, 0x0000000082700000|100%| O|  |TAMS 0x0000000082700000, 0x0000000082600000| Untracked 
|  11|0x0000000082700000, 0x0000000082800000, 0x0000000082800000|100%| O|  |TAMS 0x0000000082800000, 0x0000000082700000| Untracked 
|  12|0x0000000082800000, 0x0000000082800000, 0x0000000082900000|  0%| F|  |TAMS 0x0000000082800000, 0x0000000082800000| Untracked 
|  13|0x0000000082900000, 0x0000000082a00000, 0x0000000082a00000|100%| O|  |TAMS 0x0000000082a00000, 0x0000000082900000| Untracked 
|  14|0x0000000082a00000, 0x0000000082b00000, 0x0000000082b00000|100%| O|  |TAMS 0x0000000082b00000, 0x0000000082a00000| Untracked 
|  15|0x0000000082b00000, 0x0000000082c00000, 0x0000000082c00000|100%| O|  |TAMS 0x0000000082c00000, 0x0000000082b00000| Untracked 
|  16|0x0000000082c00000, 0x0000000082d00000, 0x0000000082d00000|100%| O|  |TAMS 0x0000000082d00000, 0x0000000082c00000| Untracked 
|  17|0x0000000082d00000, 0x0000000082e00000, 0x0000000082e00000|100%| O|  |TAMS 0x0000000082e00000, 0x0000000082d00000| Untracked 
|  18|0x0000000082e00000, 0x0000000082f00000, 0x0000000082f00000|100%| O|  |TAMS 0x0000000082f00000, 0x0000000082e00000| Untracked 
|  19|0x0000000082f00000, 0x0000000083000000, 0x0000000083000000|100%| O|  |TAMS 0x0000000083000000, 0x0000000082f00000| Untracked 
|  20|0x0000000083000000, 0x0000000083100000, 0x0000000083100000|100%| O|  |TAMS 0x0000000083100000, 0x0000000083000000| Untracked 
|  21|0x0000000083100000, 0x0000000083200000, 0x0000000083200000|100%| O|  |TAMS 0x0000000083200000, 0x0000000083100000| Untracked 
|  22|0x0000000083200000, 0x0000000083200000, 0x0000000083300000|  0%| F|  |TAMS 0x0000000083200000, 0x0000000083200000| Untracked 
|  23|0x0000000083300000, 0x0000000083400000, 0x0000000083400000|100%| O|  |TAMS 0x0000000083400000, 0x0000000083300000| Untracked 
|  24|0x0000000083400000, 0x0000000083500000, 0x0000000083500000|100%| O|  |TAMS 0x0000000083500000, 0x0000000083400000| Untracked 
|  25|0x0000000083500000, 0x0000000083600000, 0x0000000083600000|100%| O|  |TAMS 0x0000000083600000, 0x0000000083500000| Untracked 
|  26|0x0000000083600000, 0x0000000083700000, 0x0000000083700000|100%| O|  |TAMS 0x0000000083700000, 0x0000000083600000| Untracked 
|  27|0x0000000083700000, 0x0000000083800000, 0x0000000083800000|100%| O|  |TAMS 0x0000000083800000, 0x0000000083700000| Untracked 
|  28|0x0000000083800000, 0x0000000083900000, 0x0000000083900000|100%| O|  |TAMS 0x0000000083900000, 0x0000000083800000| Untracked 
|  29|0x0000000083900000, 0x0000000083900000, 0x0000000083a00000|  0%| F|  |TAMS 0x0000000083900000, 0x0000000083900000| Untracked 
|  30|0x0000000083a00000, 0x0000000083a00000, 0x0000000083b00000|  0%| F|  |TAMS 0x0000000083a00000, 0x0000000083a00000| Untracked 
|  31|0x0000000083b00000, 0x0000000083c00000, 0x0000000083c00000|100%| O|  |TAMS 0x0000000083c00000, 0x0000000083b00000| Untracked 
|  32|0x0000000083c00000, 0x0000000083c00000, 0x0000000083d00000|  0%| F|  |TAMS 0x0000000083c00000, 0x0000000083c00000| Untracked 
|  33|0x0000000083d00000, 0x0000000083e00000, 0x0000000083e00000|100%| O|  |TAMS 0x0000000083e00000, 0x0000000083d00000| Untracked 
|  34|0x0000000083e00000, 0x0000000083e00000, 0x0000000083f00000|  0%| F|  |TAMS 0x0000000083e00000, 0x0000000083e00000| Untracked 
|  35|0x0000000083f00000, 0x0000000083f00000, 0x0000000084000000|  0%| F|  |TAMS 0x0000000083f00000, 0x0000000083f00000| Untracked 
|  36|0x0000000084000000, 0x0000000084100000, 0x0000000084100000|100%| O|  |TAMS 0x0000000084100000, 0x0000000084000000| Untracked 
|  37|0x0000000084100000, 0x0000000084100000, 0x0000000084200000|  0%| F|  |TAMS 0x0000000084100000, 0x0000000084100000| Untracked 
|  38|0x0000000084200000, 0x0000000084300000, 0x0000000084300000|100%| O|  |TAMS 0x0000000084300000, 0x0000000084200000| Untracked 
|  39|0x0000000084300000, 0x0000000084400000, 0x0000000084400000|100%| O|  |TAMS 0x0000000084400000, 0x0000000084300000| Untracked 
|  40|0x0000000084400000, 0x0000000084400000, 0x0000000084500000|  0%| F|  |TAMS 0x0000000084400000, 0x0000000084400000| Untracked 
|  41|0x0000000084500000, 0x0000000084500000, 0x0000000084600000|  0%| F|  |TAMS 0x0000000084500000, 0x0000000084500000| Untracked 
|  42|0x0000000084600000, 0x0000000084700000, 0x0000000084700000|100%| O|  |TAMS 0x0000000084700000, 0x0000000084600000| Untracked 
|  43|0x0000000084700000, 0x0000000084800000, 0x0000000084800000|100%| O|  |TAMS 0x0000000084800000, 0x0000000084700000| Untracked 
|  44|0x0000000084800000, 0x0000000084900000, 0x0000000084900000|100%| O|  |TAMS 0x0000000084900000, 0x0000000084800000| Untracked 
|  45|0x0000000084900000, 0x0000000084a00000, 0x0000000084a00000|100%| O|  |TAMS 0x0000000084a00000, 0x0000000084900000| Untracked 
|  46|0x0000000084a00000, 0x0000000084b00000, 0x0000000084b00000|100%| O|  |TAMS 0x0000000084b00000, 0x0000000084a00000| Untracked 
|  47|0x0000000084b00000, 0x0000000084c00000, 0x0000000084c00000|100%| O|  |TAMS 0x0000000084c00000, 0x0000000084b00000| Untracked 
|  48|0x0000000084c00000, 0x0000000084d00000, 0x0000000084d00000|100%| O|  |TAMS 0x0000000084d00000, 0x0000000084c00000| Untracked 
|  49|0x0000000084d00000, 0x0000000084e00000, 0x0000000084e00000|100%| O|  |TAMS 0x0000000084e00000, 0x0000000084d00000| Untracked 
|  50|0x0000000084e00000, 0x0000000084f00000, 0x0000000084f00000|100%| O|  |TAMS 0x0000000084f00000, 0x0000000084e00000| Untracked 
|  51|0x0000000084f00000, 0x0000000085000000, 0x0000000085000000|100%| O|  |TAMS 0x0000000085000000, 0x0000000084f00000| Untracked 
|  52|0x0000000085000000, 0x0000000085100000, 0x0000000085100000|100%| O|  |TAMS 0x0000000085100000, 0x0000000085000000| Untracked 
|  53|0x0000000085100000, 0x0000000085200000, 0x0000000085200000|100%| O|  |TAMS 0x0000000085200000, 0x0000000085100000| Untracked 
|  54|0x0000000085200000, 0x0000000085300000, 0x0000000085300000|100%| O|  |TAMS 0x0000000085300000, 0x0000000085200000| Untracked 
|  55|0x0000000085300000, 0x0000000085400000, 0x0000000085400000|100%| O|  |TAMS 0x0000000085400000, 0x0000000085300000| Untracked 
|  56|0x0000000085400000, 0x0000000085500000, 0x0000000085500000|100%| O|  |TAMS 0x0000000085500000, 0x0000000085400000| Untracked 
|  57|0x0000000085500000, 0x0000000085600000, 0x0000000085600000|100%| O|  |TAMS 0x0000000085600000, 0x0000000085500000| Untracked 
|  58|0x0000000085600000, 0x0000000085700000, 0x0000000085700000|100%| O|  |TAMS 0x0000000085700000, 0x0000000085600000| Untracked 
|  59|0x0000000085700000, 0x0000000085800000, 0x0000000085800000|100%| O|  |TAMS 0x0000000085800000, 0x0000000085700000| Untracked 
|  60|0x0000000085800000, 0x0000000085900000, 0x0000000085900000|100%| O|  |TAMS 0x0000000085900000, 0x0000000085800000| Untracked 
|  61|0x0000000085900000, 0x0000000085a00000, 0x0000000085a00000|100%| O|  |TAMS 0x0000000085a00000, 0x0000000085900000| Untracked 
|  62|0x0000000085a00000, 0x0000000085a8d400, 0x0000000085b00000| 55%| O|  |TAMS 0x0000000085a25600, 0x0000000085a00000| Untracked 
|  63|0x0000000085b00000, 0x0000000085b00000, 0x0000000085c00000|  0%| F|  |TAMS 0x0000000085b00000, 0x0000000085b00000| Untracked 
|  64|0x0000000085c00000, 0x0000000085c00000, 0x0000000085d00000|  0%| F|  |TAMS 0x0000000085c00000, 0x0000000085c00000| Untracked 
|  65|0x0000000085d00000, 0x0000000085d00000, 0x0000000085e00000|  0%| F|  |TAMS 0x0000000085d00000, 0x0000000085d00000| Untracked 
|  66|0x0000000085e00000, 0x0000000085e00000, 0x0000000085f00000|  0%| F|  |TAMS 0x0000000085e00000, 0x0000000085e00000| Untracked 
|  67|0x0000000085f00000, 0x0000000085f00000, 0x0000000086000000|  0%| F|  |TAMS 0x0000000085f00000, 0x0000000085f00000| Untracked 
|  68|0x0000000086000000, 0x0000000086000000, 0x0000000086100000|  0%| F|  |TAMS 0x0000000086000000, 0x0000000086000000| Untracked 
|  69|0x0000000086100000, 0x0000000086200000, 0x0000000086200000|100%| S|CS|TAMS 0x0000000086100000, 0x0000000086100000| Complete 
|  70|0x0000000086200000, 0x0000000086300000, 0x0000000086300000|100%| S|CS|TAMS 0x0000000086200000, 0x0000000086200000| Complete 
|  71|0x0000000086300000, 0x0000000086400000, 0x0000000086400000|100%| S|CS|TAMS 0x0000000086300000, 0x0000000086300000| Complete 
|  72|0x0000000086400000, 0x0000000086500000, 0x0000000086500000|100%| S|CS|TAMS 0x0000000086400000, 0x0000000086400000| Complete 
|  73|0x0000000086500000, 0x0000000086600000, 0x0000000086600000|100%| S|CS|TAMS 0x0000000086500000, 0x0000000086500000| Complete 
|  74|0x0000000086600000, 0x0000000086600000, 0x0000000086700000|  0%| F|  |TAMS 0x0000000086600000, 0x0000000086600000| Untracked 
|  75|0x0000000086700000, 0x0000000086700000, 0x0000000086800000|  0%| F|  |TAMS 0x0000000086700000, 0x0000000086700000| Untracked 
|  76|0x0000000086800000, 0x0000000086800000, 0x0000000086900000|  0%| F|  |TAMS 0x0000000086800000, 0x0000000086800000| Untracked 
|  77|0x0000000086900000, 0x0000000086900000, 0x0000000086a00000|  0%| F|  |TAMS 0x0000000086900000, 0x0000000086900000| Untracked 
|  78|0x0000000086a00000, 0x0000000086a00000, 0x0000000086b00000|  0%| F|  |TAMS 0x0000000086a00000, 0x0000000086a00000| Untracked 
|  79|0x0000000086b00000, 0x0000000086b00000, 0x0000000086c00000|  0%| F|  |TAMS 0x0000000086b00000, 0x0000000086b00000| Untracked 
|  80|0x0000000086c00000, 0x0000000086c00000, 0x0000000086d00000|  0%| F|  |TAMS 0x0000000086c00000, 0x0000000086c00000| Untracked 
|  81|0x0000000086d00000, 0x0000000086d00000, 0x0000000086e00000|  0%| F|  |TAMS 0x0000000086d00000, 0x0000000086d00000| Untracked 
|  82|0x0000000086e00000, 0x0000000086e00000, 0x0000000086f00000|  0%| F|  |TAMS 0x0000000086e00000, 0x0000000086e00000| Untracked 
|  83|0x0000000086f00000, 0x0000000086f00000, 0x0000000087000000|  0%| F|  |TAMS 0x0000000086f00000, 0x0000000086f00000| Untracked 
|  84|0x0000000087000000, 0x0000000087000000, 0x0000000087100000|  0%| F|  |TAMS 0x0000000087000000, 0x0000000087000000| Untracked 
|  85|0x0000000087100000, 0x0000000087100000, 0x0000000087200000|  0%| F|  |TAMS 0x0000000087100000, 0x0000000087100000| Untracked 
|  86|0x0000000087200000, 0x0000000087200000, 0x0000000087300000|  0%| F|  |TAMS 0x0000000087200000, 0x0000000087200000| Untracked 
|  87|0x0000000087300000, 0x0000000087300000, 0x0000000087400000|  0%| F|  |TAMS 0x0000000087300000, 0x0000000087300000| Untracked 
|  88|0x0000000087400000, 0x0000000087400000, 0x0000000087500000|  0%| F|  |TAMS 0x0000000087400000, 0x0000000087400000| Untracked 
|  89|0x0000000087500000, 0x0000000087500000, 0x0000000087600000|  0%| F|  |TAMS 0x0000000087500000, 0x0000000087500000| Untracked 
|  90|0x0000000087600000, 0x0000000087600000, 0x0000000087700000|  0%| F|  |TAMS 0x0000000087600000, 0x0000000087600000| Untracked 
|  91|0x0000000087700000, 0x0000000087700000, 0x0000000087800000|  0%| F|  |TAMS 0x0000000087700000, 0x0000000087700000| Untracked 
|  92|0x0000000087800000, 0x0000000087800000, 0x0000000087900000|  0%| F|  |TAMS 0x0000000087800000, 0x0000000087800000| Untracked 
|  93|0x0000000087900000, 0x0000000087900000, 0x0000000087a00000|  0%| F|  |TAMS 0x0000000087900000, 0x0000000087900000| Untracked 
|  94|0x0000000087a00000, 0x0000000087a00000, 0x0000000087b00000|  0%| F|  |TAMS 0x0000000087a00000, 0x0000000087a00000| Untracked 
|  95|0x0000000087b00000, 0x0000000087b00000, 0x0000000087c00000|  0%| F|  |TAMS 0x0000000087b00000, 0x0000000087b00000| Untracked 
|  96|0x0000000087c00000, 0x0000000087c00000, 0x0000000087d00000|  0%| F|  |TAMS 0x0000000087c00000, 0x0000000087c00000| Untracked 
|  97|0x0000000087d00000, 0x0000000087d00000, 0x0000000087e00000|  0%| F|  |TAMS 0x0000000087d00000, 0x0000000087d00000| Untracked 
|  98|0x0000000087e00000, 0x0000000087e00000, 0x0000000087f00000|  0%| F|  |TAMS 0x0000000087e00000, 0x0000000087e00000| Untracked 
|  99|0x0000000087f00000, 0x0000000087f00000, 0x0000000088000000|  0%| F|  |TAMS 0x0000000087f00000, 0x0000000087f00000| Untracked 
| 100|0x0000000088000000, 0x00000000880e7920, 0x0000000088100000| 90%| E|  |TAMS 0x0000000088000000, 0x0000000088000000| Complete 
| 101|0x0000000088100000, 0x0000000088200000, 0x0000000088200000|100%| E|CS|TAMS 0x0000000088100000, 0x0000000088100000| Complete 
| 102|0x0000000088200000, 0x0000000088300000, 0x0000000088300000|100%| E|CS|TAMS 0x0000000088200000, 0x0000000088200000| Complete 
| 103|0x0000000088300000, 0x0000000088400000, 0x0000000088400000|100%| E|CS|TAMS 0x0000000088300000, 0x0000000088300000| Complete 
| 104|0x0000000088400000, 0x0000000088500000, 0x0000000088500000|100%| E|CS|TAMS 0x0000000088400000, 0x0000000088400000| Complete 
| 105|0x0000000088500000, 0x0000000088600000, 0x0000000088600000|100%| E|CS|TAMS 0x0000000088500000, 0x0000000088500000| Complete 
| 127|0x0000000089b00000, 0x0000000089c00000, 0x0000000089c00000|100%| E|CS|TAMS 0x0000000089b00000, 0x0000000089b00000| Complete 

Card table byte_map: [0x0000022778cf0000,0x00000227790f0000] _byte_map_base: 0x00000227788e2000

Marking Bits (Prev, Next): (CMBitMap*) 0x000002276115da48, (CMBitMap*) 0x000002276115da08
 Prev Bits: [0x000002277b480000, 0x000002277d410000)
 Next Bits: [0x00000227794f0000, 0x000002277b480000)

Polling page: 0x000002275f040000

Metaspace:

Usage:
  Non-class:     60.82 MB capacity,    59.43 MB ( 98%) used,     1.12 MB (  2%) free+waste,   281.63 KB ( <1%) overhead. 
      Class:      9.12 MB capacity,     8.26 MB ( 91%) used,   747.95 KB (  8%) free+waste,   126.63 KB (  1%) overhead. 
       Both:     69.93 MB capacity,    67.69 MB ( 97%) used,     1.85 MB (  3%) free+waste,   408.25 KB ( <1%) overhead. 

Virtual space:
  Non-class space:       62.00 MB reserved,      61.00 MB ( 98%) committed 
      Class space:        1.00 GB reserved,       9.25 MB ( <1%) committed 
             Both:        1.06 GB reserved,      70.25 MB (  6%) committed 

Chunk freelists:
   Non-Class:  123.00 KB
       Class:  74.00 KB
        Both:  197.00 KB

MaxMetaspaceSize: 17179869184.00 GB
CompressedClassSpaceSize: 1.00 GB

CodeHeap 'non-profiled nmethods': size=120000Kb used=6391Kb max_used=6391Kb free=113608Kb
 bounds [0x00000227713c0000, 0x0000022771a00000, 0x00000227788f0000]
CodeHeap 'profiled nmethods': size=120000Kb used=20585Kb max_used=20585Kb free=99414Kb
 bounds [0x0000022769e90000, 0x000002276b2b0000, 0x00000227713c0000]
CodeHeap 'non-nmethods': size=5760Kb used=1409Kb max_used=1481Kb free=4351Kb
 bounds [0x00000227698f0000, 0x0000022769b60000, 0x0000022769e90000]
 total_blobs=9326 nmethods=8707 adapters=539
 compilation: enabled
              stopped_count=0, restarted_count=0
 full_count=0

Compilation events (20 events):
Event: 96.922 Thread 0x000002277f938000 9909       1       sun.security.ssl.SSLSocketImpl::useDelegatedTask (2 bytes)
Event: 96.922 Thread 0x000002277f938000 nmethod 9909 0x00000227719f0f10 code [0x00000227719f10a0, 0x00000227719f1178]
Event: 96.923 Thread 0x000002277f938000 9910       3       javax.security.auth.x500.X500Principal::equals (33 bytes)
Event: 96.923 Thread 0x000002277f938000 nmethod 9910 0x000002276b222f10 code [0x000002276b2230e0, 0x000002276b223528]
Event: 96.923 Thread 0x000002277f938000 9911   !   3       java.util.Collections$SynchronizedMap::values (50 bytes)
Event: 96.924 Thread 0x000002277f938000 nmethod 9911 0x000002276b223690 code [0x000002276b2238c0, 0x000002276b224348]
Event: 96.924 Thread 0x000002277f938000 9912       1       sun.security.ssl.SSLSessionImpl::getPeerHost (5 bytes)
Event: 96.924 Thread 0x000002277f938000 nmethod 9912 0x00000227719f1210 code [0x00000227719f13a0, 0x00000227719f1478]
Event: 96.925 Thread 0x000002277f938000 9914   !   3       jdk.internal.reflect.GeneratedConstructorAccessor115::newInstance (49 bytes)
Event: 96.925 Thread 0x000002277f938000 nmethod 9914 0x000002276b224790 code [0x000002276b2249c0, 0x000002276b224f88]
Event: 96.925 Thread 0x000002277f938000 9916       3       okio.AsyncTimeout::enter (50 bytes)
Event: 96.925 Thread 0x000002277f938000 nmethod 9916 0x000002276b225290 code [0x000002276b225460, 0x000002276b2258d8]
Event: 96.925 Thread 0x000002277f938000 9915       1       sun.security.ssl.SSLSocketImpl::isClosed (5 bytes)
Event: 96.925 Thread 0x000002277f938000 nmethod 9915 0x00000227719f1510 code [0x00000227719f16a0, 0x00000227719f1778]
Event: 96.926 Thread 0x000002277f938000 9917       3       okio.Buffer::readFully (40 bytes)
Event: 96.927 Thread 0x000002277f938000 nmethod 9917 0x000002276b225a10 code [0x000002276b225be0, 0x000002276b225f38]
Event: 96.927 Thread 0x000002277f938000 9918       3       okio.RealBufferedSink::writeByte (31 bytes)
Event: 96.927 Thread 0x000002277f938000 nmethod 9918 0x000002276b226090 code [0x000002276b226260, 0x000002276b226528]
Event: 97.004 Thread 0x000002277f938000 9919       1       sun.security.ssl.SSLSessionImpl::getPeerPort (5 bytes)
Event: 97.004 Thread 0x000002277f938000 nmethod 9919 0x00000227719f1810 code [0x00000227719f19a0, 0x00000227719f1a78]

GC Heap History (20 events):
Event: 22.358 GC heap before
{Heap before GC invocations=25 (full 0):
 garbage-first heap   total 80896K, used 63912K [0x0000000081c00000, 0x0000000100000000)
  region size 1024K, 21 young (21504K), 3 survivors (3072K)
 Metaspace       used 49976K, capacity 51323K, committed 51456K, reserved 1093632K
  class space    used 6053K, capacity 6563K, committed 6656K, reserved 1048576K
}
Event: 22.364 GC heap after
{Heap after GC invocations=26 (full 0):
 garbage-first heap   total 80896K, used 46759K [0x0000000081c00000, 0x0000000100000000)
  region size 1024K, 2 young (2048K), 2 survivors (2048K)
 Metaspace       used 49976K, capacity 51323K, committed 51456K, reserved 1093632K
  class space    used 6053K, capacity 6563K, committed 6656K, reserved 1048576K
}
Event: 22.666 GC heap before
{Heap before GC invocations=27 (full 0):
 garbage-first heap   total 89088K, used 64167K [0x0000000081c00000, 0x0000000100000000)
  region size 1024K, 19 young (19456K), 2 survivors (2048K)
 Metaspace       used 51542K, capacity 52806K, committed 52864K, reserved 1095680K
  class space    used 6243K, capacity 6734K, committed 6784K, reserved 1048576K
}
Event: 22.670 GC heap after
{Heap after GC invocations=28 (full 0):
 garbage-first heap   total 89088K, used 47161K [0x0000000081c00000, 0x0000000100000000)
  region size 1024K, 2 young (2048K), 2 survivors (2048K)
 Metaspace       used 51542K, capacity 52806K, committed 52864K, reserved 1095680K
  class space    used 6243K, capacity 6734K, committed 6784K, reserved 1048576K
}
Event: 22.976 GC heap before
{Heap before GC invocations=28 (full 0):
 garbage-first heap   total 89088K, used 68665K [0x0000000081c00000, 0x0000000100000000)
  region size 1024K, 23 young (23552K), 2 survivors (2048K)
 Metaspace       used 53350K, capacity 54677K, committed 54912K, reserved 1097728K
  class space    used 6521K, capacity 7034K, committed 7040K, reserved 1048576K
}
Event: 22.984 GC heap after
{Heap after GC invocations=29 (full 0):
 garbage-first heap   total 89088K, used 47905K [0x0000000081c00000, 0x0000000100000000)
  region size 1024K, 2 young (2048K), 2 survivors (2048K)
 Metaspace       used 53350K, capacity 54677K, committed 54912K, reserved 1097728K
  class space    used 6521K, capacity 7034K, committed 7040K, reserved 1048576K
}
Event: 23.365 GC heap before
{Heap before GC invocations=30 (full 0):
 garbage-first heap   total 91136K, used 69409K [0x0000000081c00000, 0x0000000100000000)
  region size 1024K, 23 young (23552K), 2 survivors (2048K)
 Metaspace       used 54513K, capacity 55934K, committed 56192K, reserved 1097728K
  class space    used 6684K, capacity 7217K, committed 7296K, reserved 1048576K
}
Event: 23.374 GC heap after
{Heap after GC invocations=31 (full 0):
 garbage-first heap   total 109568K, used 48879K [0x0000000081c00000, 0x0000000100000000)
  region size 1024K, 3 young (3072K), 3 survivors (3072K)
 Metaspace       used 54513K, capacity 55934K, committed 56192K, reserved 1097728K
  class space    used 6684K, capacity 7217K, committed 7296K, reserved 1048576K
}
Event: 23.884 GC heap before
{Heap before GC invocations=31 (full 0):
 garbage-first heap   total 109568K, used 78575K [0x0000000081c00000, 0x0000000100000000)
  region size 1024K, 32 young (32768K), 3 survivors (3072K)
 Metaspace       used 56035K, capacity 57462K, committed 57728K, reserved 1099776K
  class space    used 6896K, capacity 7443K, committed 7552K, reserved 1048576K
}
Event: 23.891 GC heap after
{Heap after GC invocations=32 (full 0):
 garbage-first heap   total 109568K, used 50623K [0x0000000081c00000, 0x0000000100000000)
  region size 1024K, 4 young (4096K), 4 survivors (4096K)
 Metaspace       used 56035K, capacity 57462K, committed 57728K, reserved 1099776K
  class space    used 6896K, capacity 7443K, committed 7552K, reserved 1048576K
}
Event: 41.170 GC heap before
{Heap before GC invocations=32 (full 0):
 garbage-first heap   total 109568K, used 81343K [0x0000000081c00000, 0x0000000100000000)
  region size 1024K, 34 young (34816K), 4 survivors (4096K)
 Metaspace       used 58885K, capacity 60469K, committed 60672K, reserved 1101824K
  class space    used 7228K, capacity 7846K, committed 7936K, reserved 1048576K
}
Event: 41.178 GC heap after
{Heap after GC invocations=33 (full 0):
 garbage-first heap   total 109568K, used 52300K [0x0000000081c00000, 0x0000000100000000)
  region size 1024K, 5 young (5120K), 5 survivors (5120K)
 Metaspace       used 58885K, capacity 60469K, committed 60672K, reserved 1101824K
  class space    used 7228K, capacity 7846K, committed 7936K, reserved 1048576K
}
Event: 47.866 GC heap before
{Heap before GC invocations=33 (full 0):
 garbage-first heap   total 109568K, used 83020K [0x0000000081c00000, 0x0000000100000000)
  region size 1024K, 35 young (35840K), 5 survivors (5120K)
 Metaspace       used 61701K, capacity 63542K, committed 63616K, reserved 1103872K
  class space    used 7567K, capacity 8261K, committed 8320K, reserved 1048576K
}
Event: 47.877 GC heap after
{Heap after GC invocations=34 (full 0):
 garbage-first heap   total 109568K, used 53856K [0x0000000081c00000, 0x0000000100000000)
  region size 1024K, 4 young (4096K), 4 survivors (4096K)
 Metaspace       used 61701K, capacity 63542K, committed 63616K, reserved 1103872K
  class space    used 7567K, capacity 8261K, committed 8320K, reserved 1048576K
}
Event: 73.973 GC heap before
{Heap before GC invocations=34 (full 0):
 garbage-first heap   total 109568K, used 84576K [0x0000000081c00000, 0x0000000100000000)
  region size 1024K, 35 young (35840K), 4 survivors (4096K)
 Metaspace       used 64321K, capacity 66351K, committed 66560K, reserved 1107968K
  class space    used 7859K, capacity 8631K, committed 8704K, reserved 1048576K
}
Event: 73.983 GC heap after
{Heap after GC invocations=35 (full 0):
 garbage-first heap   total 109568K, used 55679K [0x0000000081c00000, 0x0000000100000000)
  region size 1024K, 4 young (4096K), 4 survivors (4096K)
 Metaspace       used 64321K, capacity 66351K, committed 66560K, reserved 1107968K
  class space    used 7859K, capacity 8631K, committed 8704K, reserved 1048576K
}
Event: 85.170 GC heap before
{Heap before GC invocations=36 (full 0):
 garbage-first heap   total 109568K, used 85375K [0x0000000081c00000, 0x0000000100000000)
  region size 1024K, 34 young (34816K), 4 survivors (4096K)
 Metaspace       used 68080K, capacity 70396K, committed 70528K, reserved 1110016K
  class space    used 8396K, capacity 9252K, committed 9344K, reserved 1048576K
}
Event: 85.179 GC heap after
{Heap after GC invocations=37 (full 0):
 garbage-first heap   total 109568K, used 57245K [0x0000000081c00000, 0x0000000100000000)
  region size 1024K, 4 young (4096K), 4 survivors (4096K)
 Metaspace       used 68080K, capacity 70396K, committed 70528K, reserved 1110016K
  class space    used 8396K, capacity 9252K, committed 9344K, reserved 1048576K
}
Event: 85.667 GC heap before
{Heap before GC invocations=37 (full 0):
 garbage-first heap   total 109568K, used 58269K [0x0000000081c00000, 0x0000000100000000)
  region size 1024K, 5 young (5120K), 4 survivors (4096K)
 Metaspace       used 68132K, capacity 70396K, committed 70528K, reserved 1110016K
  class space    used 8400K, capacity 9252K, committed 9344K, reserved 1048576K
}
Event: 85.681 GC heap after
{Heap after GC invocations=38 (full 0):
 garbage-first heap   total 109568K, used 53210K [0x0000000081c00000, 0x0000000100000000)
  region size 1024K, 1 young (1024K), 1 survivors (1024K)
 Metaspace       used 68132K, capacity 70396K, committed 70528K, reserved 1110016K
  class space    used 8400K, capacity 9252K, committed 9344K, reserved 1048576K
}

Deoptimization events (20 events):
Event: 96.548 Thread 0x0000022709b57800 DEOPT PACKING pc=0x000002276ab1c3e4 sp=0x000000e5a8bfb9f0
Event: 96.548 Thread 0x0000022709b57800 DEOPT UNPACKING pc=0x000002276993964e sp=0x000000e5a8bfaf48 mode 1
Event: 96.548 Thread 0x0000022709b57800 DEOPT PACKING pc=0x000002276abc04e4 sp=0x000000e5a8bfbb90
Event: 96.548 Thread 0x0000022709b57800 DEOPT UNPACKING pc=0x000002276993964e sp=0x000000e5a8bfb088 mode 1
Event: 96.738 Thread 0x0000022709b57800 DEOPT PACKING pc=0x000002276a464934 sp=0x000000e5a8bfd8d0
Event: 96.738 Thread 0x0000022709b57800 DEOPT UNPACKING pc=0x000002276993964e sp=0x000000e5a8bfce28 mode 1
Event: 96.739 Thread 0x0000022709b57800 DEOPT PACKING pc=0x000002276a464934 sp=0x000000e5a8bfd8d0
Event: 96.739 Thread 0x0000022709b57800 DEOPT UNPACKING pc=0x000002276993964e sp=0x000000e5a8bfce28 mode 1
Event: 96.823 Thread 0x0000022709b57800 DEOPT PACKING pc=0x000002276b178cc7 sp=0x000000e5a8bfcf10
Event: 96.823 Thread 0x0000022709b57800 DEOPT UNPACKING pc=0x000002276993964e sp=0x000000e5a8bfc3d8 mode 0
Event: 96.921 Thread 0x0000022709b57800 DEOPT PACKING pc=0x000002276acfac41 sp=0x000000e5a8bfcea0
Event: 96.921 Thread 0x0000022709b57800 DEOPT UNPACKING pc=0x000002276993964e sp=0x000000e5a8bfc358 mode 1
Event: 96.921 Thread 0x0000022709b57800 DEOPT PACKING pc=0x000002276acfac41 sp=0x000000e5a8bfce90
Event: 96.921 Thread 0x0000022709b57800 DEOPT UNPACKING pc=0x000002276993964e sp=0x000000e5a8bfc348 mode 1
Event: 96.924 Thread 0x0000022709b57800 DEOPT PACKING pc=0x000002276b216822 sp=0x000000e5a8bfca80
Event: 96.924 Thread 0x0000022709b57800 DEOPT UNPACKING pc=0x000002276993964e sp=0x000000e5a8bfbf10 mode 0
Event: 96.924 Thread 0x0000022709b57800 DEOPT PACKING pc=0x000002276acfac41 sp=0x000000e5a8bfcf50
Event: 96.924 Thread 0x0000022709b57800 DEOPT UNPACKING pc=0x000002276993964e sp=0x000000e5a8bfc408 mode 1
Event: 96.925 Thread 0x0000022709b57800 DEOPT PACKING pc=0x000002276acfac41 sp=0x000000e5a8bfcda0
Event: 96.925 Thread 0x0000022709b57800 DEOPT UNPACKING pc=0x000002276993964e sp=0x000000e5a8bfc258 mode 1

Classes unloaded (6 events):
Event: 21.296 Thread 0x000002277f8f0800 Unloading class 0x00000008010cf040 'jdk/internal/reflect/GeneratedConstructorAccessor48'
Event: 21.296 Thread 0x000002277f8f0800 Unloading class 0x00000008010cf840 'jdk/internal/reflect/GeneratedConstructorAccessor47'
Event: 21.296 Thread 0x000002277f8f0800 Unloading class 0x00000008010c8c40 'jdk/internal/reflect/GeneratedConstructorAccessor45'
Event: 21.296 Thread 0x000002277f8f0800 Unloading class 0x00000008010b5440 'sun/security/ssl/KeyShareExtension$SHKeyShareConsumer$$Lambda$684'
Event: 21.296 Thread 0x000002277f8f0800 Unloading class 0x0000000801066040 'java/lang/invoke/LambdaForm$MH'
Event: 21.296 Thread 0x000002277f8f0800 Unloading class 0x0000000801066840 'sun/security/ec/XDHKeyPairGenerator$$Lambda$659'

Classes redefined (0 events):
No events

Internal exceptions (20 events):
Event: 46.563 Thread 0x0000022702ef8800 Implicit null exception at 0x000002277158f0f2 to 0x000002277158f900
Event: 46.965 Thread 0x0000022702efe000 Implicit null exception at 0x00000227715724e8 to 0x000002277157255c
Event: 49.675 Thread 0x0000022702efb800 Implicit null exception at 0x000002277162382a to 0x000002277162572c
Event: 50.693 Thread 0x0000022702f03000 Implicit null exception at 0x00000227718c3232 to 0x00000227718c5500
Event: 51.242 Thread 0x0000022702f02000 Implicit null exception at 0x00000227718d73db to 0x00000227718d8c88
Event: 54.008 Thread 0x0000022702eff000 Implicit null exception at 0x00000227718e7c57 to 0x00000227718e9568
Event: 64.438 Thread 0x0000022702ef9000 Exception <a 'java/lang/NoSuchMethodError'{0x000000008739b290}: 'java.lang.Object java.lang.invoke.Invokers$Holder.invoke_MT(java.lang.Object, java.lang.Object, java.lang.Object)'> (0x000000008739b290) 
thrown [./src/hotspot/share/interpreter/linkResolver.cpp, line 767]
Event: 64.463 Thread 0x0000022702ef9000 Implicit null exception at 0x0000022771636c88 to 0x0000022771636f18
Event: 64.469 Thread 0x0000022702ef9000 Exception <a 'java/lang/NoSuchMethodError'{0x00000000873fac08}: 'float java.lang.invoke.DelegatingMethodHandle$Holder.reinvoke_L(java.lang.Object, java.lang.Object)'> (0x00000000873fac08) 
thrown [./src/hotspot/share/interpreter/linkResolver.cpp, line 767]
Event: 74.164 Thread 0x0000022702f02000 Exception <a 'java/net/SocketException'{0x0000000088413a58}: Socket is not connected: shutdown> (0x0000000088413a58) 
thrown [./src/hotspot/share/prims/jni.cpp, line 619]
Event: 74.317 Thread 0x0000022702f02000 Implicit null exception at 0x00000227717c7932 to 0x00000227717cde58
Event: 74.433 Thread 0x0000022702f06000 Exception <a 'java/lang/NoSuchMethodError'{0x0000000087e476e8}: 'void java.lang.invoke.DirectMethodHandle$Holder.invokeStatic(java.lang.Object, long)'> (0x0000000087e476e8) 
thrown [./src/hotspot/share/interpreter/linkResolver.cpp, line 767]
Event: 74.436 Thread 0x0000022702f06000 Exception <a 'java/lang/NoSuchMethodError'{0x0000000087e55478}: 'java.lang.Object java.lang.invoke.DirectMethodHandle$Holder.invokeStaticInit(java.lang.Object, java.lang.Object, long, java.lang.Object)'> (0x0000000087e55478) 
thrown [./src/hotspot/share/interpreter/linkResolver.cpp, line 767]
Event: 74.436 Thread 0x0000022702f06000 Exception <a 'java/lang/NoSuchMethodError'{0x0000000087e5abc8}: 'java.lang.Object java.lang.invoke.Invokers$Holder.linkToTargetMethod(java.lang.Object, long, java.lang.Object)'> (0x0000000087e5abc8) 
thrown [./src/hotspot/share/interpreter/linkResolver.cpp, line 767]
Event: 75.418 Thread 0x0000022702f02000 Exception <a 'java/lang/IncompatibleClassChangeError'{0x0000000087d745b0}: Found class java.lang.Object, but interface was expected> (0x0000000087d745b0) 
thrown [./src/hotspot/share/interpreter/linkResolver.cpp, line 833]
Event: 75.475 Thread 0x0000022702f02000 Exception <a 'java/lang/NoSuchMethodError'{0x0000000087c2c680}: 'double java.lang.invoke.DirectMethodHandle$Holder.invokeVirtual(java.lang.Object, java.lang.Object)'> (0x0000000087c2c680) 
thrown [./src/hotspot/share/interpreter/linkResolver.cpp, line 767]
Event: 75.476 Thread 0x0000022702f02000 Exception <a 'java/lang/NoSuchMethodError'{0x0000000087c32178}: 'float java.lang.invoke.DirectMethodHandle$Holder.invokeVirtual(java.lang.Object, java.lang.Object)'> (0x0000000087c32178) 
thrown [./src/hotspot/share/interpreter/linkResolver.cpp, line 767]
Event: 83.225 Thread 0x0000022709b57800 Implicit null exception at 0x00000227718f01d1 to 0x00000227718f04ec
Event: 83.226 Thread 0x0000022709b57800 Implicit null exception at 0x000002277194f914 to 0x000002277194fa3c
Event: 88.576 Thread 0x0000022709b57800 Exception <a 'java/lang/NoSuchMethodError'{0x0000000087726148}: 'double java.lang.invoke.DelegatingMethodHandle$Holder.reinvoke_L(java.lang.Object, java.lang.Object)'> (0x0000000087726148) 
thrown [./src/hotspot/share/interpreter/linkResolver.cpp, line 767]

Events (20 events):
Event: 96.925 Thread 0x0000022701682800 Thread added: 0x0000022701682800
Event: 96.926 Executing VM operation: RevokeBias
Event: 96.926 Executing VM operation: RevokeBias done
Event: 96.926 Executing VM operation: RevokeBias
Event: 96.926 Executing VM operation: RevokeBias done
Event: 97.003 Executing VM operation: RevokeBias
Event: 97.004 Executing VM operation: RevokeBias done
Event: 97.004 Executing VM operation: RevokeBias
Event: 97.004 Executing VM operation: RevokeBias done
Event: 97.004 Executing VM operation: RevokeBias
Event: 97.004 Executing VM operation: RevokeBias done
Event: 97.004 Thread 0x0000022701681800 Thread added: 0x0000022701681800
Event: 97.004 Executing VM operation: RevokeBias
Event: 97.005 Executing VM operation: RevokeBias done
Event: 97.005 Executing VM operation: RevokeBias
Event: 97.005 Executing VM operation: RevokeBias done
Event: 97.005 Executing VM operation: RevokeBias
Event: 97.005 Executing VM operation: RevokeBias done
Event: 97.005 Executing VM operation: RevokeBias
Event: 97.005 Executing VM operation: RevokeBias done


Dynamic libraries:
0x00007ff664650000 - 0x00007ff66465d000 	D:\zulu13.35.17-ca-jdk13.0.5-win_x64\bin\java.exe
0x00007ff802050000 - 0x00007ff802245000 	C:\WINDOWS\SYSTEM32\ntdll.dll
0x00007ff800ef0000 - 0x00007ff800fad000 	C:\WINDOWS\System32\KERNEL32.DLL
0x00007fffff750000 - 0x00007fffffa1d000 	C:\WINDOWS\System32\KERNELBASE.dll
0x00007fffffb30000 - 0x00007fffffc30000 	C:\WINDOWS\System32\ucrtbase.dll
0x00007ffffb0b0000 - 0x00007ffffb0c7000 	D:\zulu13.35.17-ca-jdk13.0.5-win_x64\bin\jli.dll
0x00007ff8002d0000 - 0x00007ff800470000 	C:\WINDOWS\System32\USER32.dll
0x00007fffffd80000 - 0x00007fffffda2000 	C:\WINDOWS\System32\win32u.dll
0x00007ff8006c0000 - 0x00007ff8006ea000 	C:\WINDOWS\System32\GDI32.dll
0x00007fffffa20000 - 0x00007fffffb2b000 	C:\WINDOWS\System32\gdi32full.dll
0x00007ff800000000 - 0x00007ff80009d000 	C:\WINDOWS\System32\msvcp_win.dll
0x00007ffffb0d0000 - 0x00007ffffb0e5000 	D:\zulu13.35.17-ca-jdk13.0.5-win_x64\bin\VCRUNTIME140.dll
0x00007ffff00d0000 - 0x00007ffff036a000 	C:\WINDOWS\WinSxS\amd64_microsoft.windows.common-controls_6595b64144ccf1df_6.0.19041.1110_none_60b5254171f9507e\COMCTL32.dll
0x00007ff801a50000 - 0x00007ff801aee000 	C:\WINDOWS\System32\msvcrt.dll
0x00007ff8006f0000 - 0x00007ff800720000 	C:\WINDOWS\System32\IMM32.DLL
0x00007ffffb010000 - 0x00007ffffb0ab000 	D:\zulu13.35.17-ca-jdk13.0.5-win_x64\bin\msvcp140.dll
0x00007fffcc960000 - 0x00007fffcd54f000 	D:\zulu13.35.17-ca-jdk13.0.5-win_x64\bin\server\jvm.dll
0x00007ff8008c0000 - 0x00007ff80096e000 	C:\WINDOWS\System32\ADVAPI32.dll
0x00007ff800230000 - 0x00007ff8002cc000 	C:\WINDOWS\System32\sechost.dll
0x00007ff800790000 - 0x00007ff8008b5000 	C:\WINDOWS\System32\RPCRT4.dll
0x00007ff8009d0000 - 0x00007ff8009d8000 	C:\WINDOWS\System32\PSAPI.DLL
0x00007fffddc80000 - 0x00007fffddc89000 	C:\WINDOWS\SYSTEM32\WSOCK32.dll
0x00007ff800720000 - 0x00007ff80078b000 	C:\WINDOWS\System32\WS2_32.dll
0x00007fffec730000 - 0x00007fffec757000 	C:\WINDOWS\SYSTEM32\WINMM.dll
0x00007ffff9cc0000 - 0x00007ffff9cca000 	C:\WINDOWS\SYSTEM32\VERSION.dll
0x00007ffffe250000 - 0x00007ffffe262000 	C:\WINDOWS\SYSTEM32\kernel.appcore.dll
0x00007ffffb000000 - 0x00007ffffb010000 	D:\zulu13.35.17-ca-jdk13.0.5-win_x64\bin\verify.dll
0x00007fffed9b0000 - 0x00007fffedb94000 	C:\WINDOWS\SYSTEM32\DBGHELP.DLL
0x00007ffff0bc0000 - 0x00007ffff0bec000 	C:\WINDOWS\SYSTEM32\dbgcore.DLL
0x00007fffffca0000 - 0x00007fffffd22000 	C:\WINDOWS\System32\bcryptPrimitives.dll
0x00007ffffac80000 - 0x00007ffffaca6000 	D:\zulu13.35.17-ca-jdk13.0.5-win_x64\bin\java.dll
0x00007ffffaff0000 - 0x00007ffffaffa000 	D:\zulu13.35.17-ca-jdk13.0.5-win_x64\bin\jimage.dll
0x00007ffffabe0000 - 0x00007ffffac18000 	D:\zulu13.35.17-ca-jdk13.0.5-win_x64\bin\jdwp.dll
0x00007ffffafe0000 - 0x00007ffffafee000 	D:\zulu13.35.17-ca-jdk13.0.5-win_x64\bin\instrument.dll
0x00007ffffac60000 - 0x00007ffffac77000 	D:\zulu13.35.17-ca-jdk13.0.5-win_x64\bin\zip.dll
0x00007ff801210000 - 0x00007ff801954000 	C:\WINDOWS\System32\SHELL32.dll
0x00007ffffd640000 - 0x00007ffffddd4000 	C:\WINDOWS\SYSTEM32\windows.storage.dll
0x00007ff801af0000 - 0x00007ff801e44000 	C:\WINDOWS\System32\combase.dll
0x00007fffff0e0000 - 0x00007fffff10c000 	C:\WINDOWS\SYSTEM32\Wldp.dll
0x00007ff801f60000 - 0x00007ff80200d000 	C:\WINDOWS\System32\SHCORE.dll
0x00007ff800970000 - 0x00007ff8009c5000 	C:\WINDOWS\System32\shlwapi.dll
0x00007fffff690000 - 0x00007fffff6af000 	C:\WINDOWS\SYSTEM32\profapi.dll
0x00007ffff9fe0000 - 0x00007ffff9fea000 	D:\zulu13.35.17-ca-jdk13.0.5-win_x64\bin\dt_socket.dll
0x00007ffffee40000 - 0x00007ffffeeaa000 	C:\WINDOWS\system32\mswsock.dll
0x00007ffffac40000 - 0x00007ffffac59000 	D:\zulu13.35.17-ca-jdk13.0.5-win_x64\bin\net.dll
0x00007ffff8390000 - 0x00007ffff849a000 	C:\WINDOWS\SYSTEM32\WINHTTP.dll
0x00007ffffac20000 - 0x00007ffffac32000 	D:\zulu13.35.17-ca-jdk13.0.5-win_x64\bin\nio.dll
0x00007ffffabd0000 - 0x00007ffffabd9000 	D:\zulu13.35.17-ca-jdk13.0.5-win_x64\bin\management.dll
0x00007ffffabc0000 - 0x00007ffffabcb000 	D:\zulu13.35.17-ca-jdk13.0.5-win_x64\bin\management_ext.dll
0x00007ffff7910000 - 0x00007ffff7927000 	C:\WINDOWS\system32\napinsp.dll
0x00007ffff78f0000 - 0x00007ffff790b000 	C:\WINDOWS\system32\pnrpnsp.dll
0x00007fffddef0000 - 0x00007fffddf05000 	C:\WINDOWS\system32\wshbth.dll
0x00007ffffaf80000 - 0x00007ffffaf9d000 	C:\WINDOWS\system32\NLAapi.dll
0x00007ffffeb30000 - 0x00007ffffeb6b000 	C:\WINDOWS\SYSTEM32\IPHLPAPI.DLL
0x00007ffffebc0000 - 0x00007ffffec8b000 	C:\WINDOWS\SYSTEM32\DNSAPI.dll
0x00007ff8001c0000 - 0x00007ff8001c8000 	C:\WINDOWS\System32\NSI.dll
0x00007fffdd850000 - 0x00007fffdd862000 	C:\WINDOWS\System32\winrnr.dll
0x00007ffff6f10000 - 0x00007ffff6f1a000 	C:\Windows\System32\rasadhlp.dll
0x00007ffff8170000 - 0x00007ffff81f0000 	C:\WINDOWS\System32\fwpuclnt.dll
0x00007ffffff10000 - 0x00007ffffff37000 	C:\WINDOWS\System32\bcrypt.dll
0x0000000180000000 - 0x0000000180286000 	E:\xampp\tomcat\bin\tcnative-1.dll
0x00007fffffdb0000 - 0x00007ffffff06000 	C:\WINDOWS\System32\CRYPT32.dll
0x00007fffff030000 - 0x00007fffff048000 	C:\WINDOWS\SYSTEM32\CRYPTSP.dll
0x00007ffffe7c0000 - 0x00007ffffe7f4000 	C:\WINDOWS\system32\rsaenh.dll
0x00007fffff610000 - 0x00007fffff63e000 	C:\WINDOWS\SYSTEM32\USERENV.dll
0x00007fffff050000 - 0x00007fffff05c000 	C:\WINDOWS\SYSTEM32\CRYPTBASE.dll
0x00007ffff9940000 - 0x00007ffff9957000 	C:\WINDOWS\SYSTEM32\dhcpcsvc6.DLL
0x00007ffff9920000 - 0x00007ffff993d000 	C:\WINDOWS\SYSTEM32\dhcpcsvc.DLL
0x00007ffff9fd0000 - 0x00007ffff9fde000 	D:\zulu13.35.17-ca-jdk13.0.5-win_x64\bin\sunmscapi.dll
0x00007fffff150000 - 0x00007fffff177000 	C:\WINDOWS\SYSTEM32\ncrypt.dll
0x00007fffff110000 - 0x00007fffff14b000 	C:\WINDOWS\SYSTEM32\NTASN1.dll
0x00007ffff9d90000 - 0x00007ffff9db5000 	D:\zulu13.35.17-ca-jdk13.0.5-win_x64\bin\sunec.dll

dbghelp: loaded successfully - version: 4.0.5 - missing functions: none
symbol engine: initialized successfully - sym options: 0x614 - pdb path: .;D:\zulu13.35.17-ca-jdk13.0.5-win_x64\bin;C:\WINDOWS\SYSTEM32;C:\WINDOWS\WinSxS\amd64_microsoft.windows.common-controls_6595b64144ccf1df_6.0.19041.1110_none_60b5254171f9507e;D:\zulu13.35.17-ca-jdk13.0.5-win_x64\bin\server;E:\xampp\tomcat\bin

VM Arguments:
jvm_args: -agentlib:jdwp=transport=dt_socket,address=127.0.0.1:50513,suspend=y,server=n -javaagent:C:\Users\Entrepreware\AppData\Local\JetBrains\IdeaIC2020.3\captureAgent\debugger-agent.jar -Dfile.encoding=UTF-8 
java_command: com.sun.supplierpoc.SupplierPocApplication
java_class_path (initial): E:\bendary\projects\backend\infor-sun-poc\target\classes;E:\bendary\jars\libphonenumber-8.12.10.jar;C:\Users\Entrepreware\.m2\repository\org\springframework\boot\spring-boot-starter-web\2.2.4.RELEASE\spring-boot-starter-web-2.2.4.RELEASE.jar;C:\Users\Entrepreware\.m2\repository\org\springframework\boot\spring-boot-starter-json\2.2.4.RELEASE\spring-boot-starter-json-2.2.4.RELEASE.jar;C:\Users\Entrepreware\.m2\repository\com\fasterxml\jackson\datatype\jackson-datatype-jdk8\2.10.2\jackson-datatype-jdk8-2.10.2.jar;C:\Users\Entrepreware\.m2\repository\com\fasterxml\jackson\datatype\jackson-datatype-jsr310\2.10.2\jackson-datatype-jsr310-2.10.2.jar;C:\Users\Entrepreware\.m2\repository\com\fasterxml\jackson\module\jackson-module-parameter-names\2.10.2\jackson-module-parameter-names-2.10.2.jar;C:\Users\Entrepreware\.m2\repository\org\springframework\boot\spring-boot-starter-tomcat\2.2.4.RELEASE\spring-boot-starter-tomcat-2.2.4.RELEASE.jar;C:\Users\Entrepreware\.m2\repository\org\apache\tomcat\embed\tomcat-embed-core\9.0.30\tomcat-embed-core-9.0.30.jar;C:\Users\Entrepreware\.m2\repository\org\apache\tomcat\embed\tomcat-embed-el\9.0.30\tomcat-embed-el-9.0.30.jar;C:\Users\Entrepreware\.m2\repository\org\apache\tomcat\embed\tomcat-embed-websocket\9.0.30\tomcat-embed-websocket-9.0.30.jar;C:\Users\Entrepreware\.m2\repository\org\springframework\boot\spring-boot-starter-validation\2.2.4.RELEASE\spring-boot-starter-validation-2.2.4.RELEASE.jar;C:\Users\Entrepreware\.m2\repository\jakarta\validation\jakarta.validation-api\2.0.2\jakarta.validation-api-2.0.2.jar;C:\Users\Entrepreware\.m2\repository\org\hibernate\validator\hibernate-validator\6.0.18.Final\hibernate-validator-6.0.18.Final.jar;C:\Users\Entrepreware\.m2\repository\org\jboss\logging\jboss-logging\3.4.1.Final\jboss-logging-3.4.1.Final.jar;C:\Users\Entrepreware\.m2\repository\com\fasterxml\classmate\1.5.1\classmate-1.5.1.jar;C:\Users\Entrepreware\.m2\repository\org\springframework\spring-web\5.2.3
Launcher Type: SUN_STANDARD

[Global flags]
     intx CICompilerCount                          = 3                                         {product} {ergonomic}
     uint ConcGCThreads                            = 1                                         {product} {ergonomic}
     uint G1ConcRefinementThreads                  = 4                                         {product} {ergonomic}
   size_t G1HeapRegionSize                         = 1048576                                   {product} {ergonomic}
    uintx GCDrainStackTargetSize                   = 64                                        {product} {ergonomic}
   size_t InitialHeapSize                          = 134217728                                 {product} {ergonomic}
   size_t MarkStackSize                            = 4194304                                   {product} {ergonomic}
   size_t MaxHeapSize                              = 2118123520                                {product} {ergonomic}
   size_t MaxNewSize                               = 1270874112                                {product} {ergonomic}
   size_t MinHeapDeltaBytes                        = 1048576                                   {product} {ergonomic}
   size_t MinHeapSize                              = 8388608                                   {product} {ergonomic}
    uintx NonNMethodCodeHeapSize                   = 5832780                                {pd product} {ergonomic}
    uintx NonProfiledCodeHeapSize                  = 122912730                              {pd product} {ergonomic}
    uintx ProfiledCodeHeapSize                     = 122912730                              {pd product} {ergonomic}
    uintx ReservedCodeCacheSize                    = 251658240                              {pd product} {ergonomic}
     bool SegmentedCodeCache                       = true                                      {product} {ergonomic}
   size_t SoftMaxHeapSize                          = 2118123520                             {manageable} {ergonomic}
     bool UseCompressedClassPointers               = true                                 {lp64_product} {ergonomic}
     bool UseCompressedOops                        = true                                 {lp64_product} {ergonomic}
     bool UseG1GC                                  = true                                      {product} {ergonomic}
     bool UseLargePagesIndividualAllocation        = false                                  {pd product} {ergonomic}

Logging:
Log output configuration:
 #0: stdout all=warning uptime,level,tags
 #1: stderr all=off uptime,level,tags

Environment Variables:
JAVA_HOME=C:\Program Files\Java\jdk1.8.0_271
PATH=D:\1.Bassel\dbhomeXE\bin;C:\ProgramData\Oracle\Java\javapath;C:\WINDOWS\system32;C:\WINDOWS;C:\WINDOWS\System32\Wbem;C:\WINDOWS\System32\WindowsPowerShell\v1.0\;E:\gradle-3.3\bin;E:\MySQL\MySQL Utilities 1.6;E:\MySQL\MySQL Server 5.6\bin;C:\WINDOWS\System32\OpenSSH\;E:\PUTTY\;D:\Android-SDK\sdk;D:\Android-SDK\sdk\tools;D:\Android-SDK\sdk\platform-tools;D:\Android-SDK\sdk\build-tools\27.0.3;C:\Program Files (x86)\Google\Cloud SDK\google-cloud-sdk\bin;C:\Program Files (x86)\Microsoft SQL Server\90\Tools\binn\;C:\Program Files (x86)\Microsoft SQL Server\100\Tools\Binn\VSShell\Common7\IDE\;C:\Program Files (x86)\Microsoft SQL Server\100\Tools\Binn\;C:\Program Files (x86)\Microsoft SQL Server\100\DTS\Binn\;C:\Program Files (x86)\Microsoft SQL Server\Client SDK\ODBC\130\Tools\Binn\;C:\Program Files (x86)\Microsoft SQL Server\140\Tools\Binn\;C:\Program Files (x86)\Microsoft SQL Server\140\DTS\Binn\;C:\Program Files (x86)\Microsoft SQL Server\140\Tools\Binn\ManagementStudio\;C:\Users\Entrepreware\AppData\Local\Programs\Python\Python37\Scripts;C:\Users\Entrepreware\AppData\Local\Programs\Python\Python37;C:\Program Files (x86)\Gpg4win\..\GnuPG\bin;C:\Program Files\dotnet\;C:\Program Files\Microsoft SQL Server\130\Tools\Binn\;C:\Program Files\Microsoft SQL Server\Client SDK\ODBC\170\Tools\Binn\;C:\Program Files (x86)\dotnet\;E:\Downloads\jad158g.win;E:\xampp\tomcat\bin;D:\zulu13.35.17-ca-jdk13.0.5-win_x64\bin;E:\1.Bassel\gradle-6.9.1\bin;E:\nodejs\;C:/Users/Entrepreware/.m2/wrapper/dists/apache-maven-3.6.3-bin/1iopthnavndlasol9gbrbg6bf2/apache-maven-3.6.3\bin;C:\WINDOWS\system32;C:\WINDOWS;C:\WINDOWS\System32\Wbem;C:\WINDOWS\System32\WindowsPowerShell\v1.0\;C:\WINDOWS\System32\OpenSSH\;C:\Program Files (x86)\Microsoft SQL Server\150\Tools\Binn\;C:\Program Files\Microsoft SQL Server\150\Tools\Binn\;C:\Program Files\Microsoft SQL Server\150\DTS\Binn\;E:\Git\cmd;C:\Users\Entrepreware\AppData\Local\Programs\Python\Python37\Scripts\;C:\Users\Entrepreware\AppData\Local\Programs\Py
USERNAME=Entrepreware
OS=Windows_NT
PROCESSOR_IDENTIFIER=Intel64 Family 6 Model 42 Stepping 7, GenuineIntel



---------------  S Y S T E M  ---------------

OS: Windows 10 , 64 bit Build 19041 (10.0.19041.1706)
OS uptime: 2 days 7:39 hours

CPU:total 4 (initial active 4) (4 cores per cpu, 1 threads per core) family 6 model 42 stepping 7, cmov, cx8, fxsr, mmx, sse, sse2, sse3, ssse3, sse4.1, sse4.2, popcnt, avx, aes, clmul, tsc, tscinvbit

Memory: 4k page, system-wide physical 8072M (622M free)
TotalPageFile size 20466M (AvailPageFile size 432M)
current process WorkingSet (physical memory assigned to process): 323M, peak: 359M
current process commit charge ("private bytes"): 358M, peak: 394M

vm_info: OpenJDK 64-Bit Server VM (13.0.5+3-MTS) for windows-amd64 JRE (13.0.5+3-MTS) (Zulu13.35+17-CA), built on Oct  6 2020 05:30:46 by "zulu_re" with MS VC++ 15.9 (VS2017)

END.
