#
# There is insufficient memory for the Java Runtime Environment to continue.
# Native memory allocation (malloc) failed to allocate 590880 bytes for Chunk::new
# Possible reasons:
#   The system is out of physical RAM or swap space
#   The process is running with CompressedOops enabled, and the Java Heap may be blocking the growth of the native heap
# Possible solutions:
#   Reduce memory load on the system
#   Increase physical memory or swap space
#   Check if swap backing store is full
#   Decrease Java heap size (-Xmx/-Xms)
#   Decrease number of Java threads
#   Decrease Java thread stack sizes (-Xss)
#   Set larger code cache with -XX:ReservedCodeCacheSize=
#   JVM is running with Unscaled Compressed Oops mode in which the Java heap is
#     placed in the first 4GB address space. The Java Heap base address is the
#     maximum limit for the native heap growth. Please use -XX:HeapBaseMinAddress
#     to set the Java Heap base and to place the Java Heap above 4GB virtual address.
# This output file may be truncated or incomplete.
#
#  Out of Memory Error (./src/hotspot/share/memory/arena.cpp:196), pid=16884, tid=23856
#
# JRE version: OpenJDK Runtime Environment Zulu13.35+17-CA (13.0.5+3) (build 13.0.5+3-MTS)
# Java VM: OpenJDK 64-Bit Server VM Zulu13.35+17-CA (13.0.5+3-MTS, mixed mode, sharing, tiered, compressed oops, g1 gc, windows-amd64)
# No core dump will be written. Minidumps are not enabled by default on client versions of Windows
#

---------------  S U M M A R Y ------------

Command Line: -agentlib:jdwp=transport=dt_socket,address=127.0.0.1:53996,suspend=y,server=n -javaagent:C:\Users\Entrepreware\AppData\Local\JetBrains\IdeaIC2020.3\captureAgent\debugger-agent.jar -Dfile.encoding=UTF-8 com.sun.supplierpoc.SupplierPocApplication

Host: Intel(R) Core(TM) i5-2400 CPU @ 3.10GHz, 4 cores, 7G,  Windows 10 , 64 bit Build 19041 (10.0.19041.1706)
Time: Tue May 31 15:22:13 2022 Egypt Standard Time elapsed time: 108 seconds (0d 0h 1m 48s)

---------------  T H R E A D  ---------------

Current thread (0x000002286ad5b000):  JavaThread "C2 CompilerThread0" daemon [_thread_in_native, id=23856, stack(0x0000009e1c800000,0x0000009e1c900000)]


Current CompileTask:
C2: 108262 7463       4       java.lang.String::split (327 bytes)

Stack: [0x0000009e1c800000,0x0000009e1c900000]
Native frames: (J=compiled Java code, j=interpreted, Vv=VM code, C=native code)
V  [jvm.dll+0x63325a]
V  [jvm.dll+0x7dd2fa]
V  [jvm.dll+0x7deaaf]
V  [jvm.dll+0x7df0f3]
V  [jvm.dll+0x250fe8]
V  [jvm.dll+0xc51c7]
V  [jvm.dll+0xc58bc]
V  [jvm.dll+0x364885]
V  [jvm.dll+0x32fc23]
V  [jvm.dll+0x32ef5a]
V  [jvm.dll+0x20aa87]
V  [jvm.dll+0x209c6f]
V  [jvm.dll+0x18e03c]
V  [jvm.dll+0x218d6d]
V  [jvm.dll+0x216fbb]
V  [jvm.dll+0x7a2c46]
V  [jvm.dll+0x79bb0a]
V  [jvm.dll+0x632166]
C  [ucrtbase.dll+0x21bb2]
C  [KERNEL32.DLL+0x17034]
C  [ntdll.dll+0x52651]


---------------  P R O C E S S  ---------------

Threads class SMR info:
_java_thread_list=0x0000022878a30180, length=39, elements={
0x000002286ad39000, 0x000002286ad3e800, 0x000002286ad58000, 0x000002286ad5a000,
0x000002286ad5b000, 0x000002286ad5e000, 0x000002286ad7d000, 0x000002286b77f800,
0x000002286b933800, 0x000002286b93a800, 0x000002286b93c000, 0x000002286b951000,
0x00000228710ce800, 0x000002287230b800, 0x0000022872f70800, 0x000002286ed2b000,
0x0000022872596800, 0x000002286f871800, 0x0000022870e5d000, 0x0000022870a62800,
0x0000022878246000, 0x000002286e422800, 0x000002286e424000, 0x000002286e423000,
0x000002286e424800, 0x000002286ea93800, 0x000002286ea93000, 0x000002286ea97000,
0x000002286ea94800, 0x000002286ea95800, 0x000002286ea91800, 0x000002286ea96000,
0x000002286ea98000, 0x000002286ea92000, 0x000002286ea9b000, 0x000002286ea9a800,
0x000002286ea9c000, 0x000002286ea9c800, 0x000002286ea9d800
}

Java Threads: ( => current thread )
  0x000002286ad39000 JavaThread "Reference Handler" daemon [_thread_blocked, id=6432, stack(0x0000009e1c400000,0x0000009e1c500000)]
  0x000002286ad3e800 JavaThread "Finalizer" daemon [_thread_blocked, id=23628, stack(0x0000009e1c500000,0x0000009e1c600000)]
  0x000002286ad58000 JavaThread "Signal Dispatcher" daemon [_thread_blocked, id=23564, stack(0x0000009e1c600000,0x0000009e1c700000)]
  0x000002286ad5a000 JavaThread "Attach Listener" daemon [_thread_blocked, id=21144, stack(0x0000009e1c700000,0x0000009e1c800000)]
=>0x000002286ad5b000 JavaThread "C2 CompilerThread0" daemon [_thread_in_native, id=23856, stack(0x0000009e1c800000,0x0000009e1c900000)]
  0x000002286ad5e000 JavaThread "C1 CompilerThread0" daemon [_thread_blocked, id=22432, stack(0x0000009e1c900000,0x0000009e1ca00000)]
  0x000002286ad7d000 JavaThread "Sweeper thread" daemon [_thread_blocked, id=20512, stack(0x0000009e1ca00000,0x0000009e1cb00000)]
  0x000002286b77f800 JavaThread "Common-Cleaner" daemon [_thread_blocked, id=23964, stack(0x0000009e1cb00000,0x0000009e1cc00000)]
  0x000002286b933800 JavaThread "JDWP Transport Listener: dt_socket" daemon [_thread_blocked, id=24532, stack(0x0000009e1cc00000,0x0000009e1cd00000)]
  0x000002286b93a800 JavaThread "JDWP Event Helper Thread" daemon [_thread_blocked, id=22760, stack(0x0000009e1cd00000,0x0000009e1ce00000)]
  0x000002286b93c000 JavaThread "JDWP Command Reader" daemon [_thread_in_native, id=24452, stack(0x0000009e1ce00000,0x0000009e1cf00000)]
  0x000002286b951000 JavaThread "Service Thread" daemon [_thread_blocked, id=24048, stack(0x0000009e1d100000,0x0000009e1d200000)]
  0x00000228710ce800 JavaThread "Catalina-utility-1" [_thread_blocked, id=23760, stack(0x0000009e1d700000,0x0000009e1d800000)]
  0x000002287230b800 JavaThread "Catalina-utility-2" [_thread_blocked, id=14780, stack(0x0000009e1d800000,0x0000009e1d900000)]
  0x0000022872f70800 JavaThread "container-0" [_thread_blocked, id=23596, stack(0x0000009e1d900000,0x0000009e1da00000)]
  0x000002286ed2b000 JavaThread "Thread-1" daemon [_thread_in_native, id=24200, stack(0x0000009e1bc00000,0x0000009e1bd00000)]
  0x0000022872596800 JavaThread "cluster-ClusterId{value='629616607abf5d41f4bdaecd', description='null'}-srv-oraclehospitality-q9dzj.mongodb.net" daemon [_thread_blocked, id=23676, stack(0x0000009e1d600000,0x0000009e1d700000)]
  0x000002286f871800 JavaThread "CleanCursors-1-thread-1" daemon [_thread_blocked, id=16600, stack(0x0000009e1da00000,0x0000009e1db00000)]
  0x0000022870e5d000 JavaThread "cluster-ClusterId{value='629616607abf5d41f4bdaecd', description='null'}-oraclehospitality-shard-00-02-q9dzj.mongodb.net:27017" daemon [_thread_blocked, id=12728, stack(0x0000009e1dc00000,0x0000009e1dd00000)]
  0x0000022870a62800 JavaThread "cluster-ClusterId{value='629616607abf5d41f4bdaecd', description='null'}-oraclehospitality-shard-00-01-q9dzj.mongodb.net:27017" daemon [_thread_blocked, id=15172, stack(0x0000009e1dd00000,0x0000009e1de00000)]
  0x0000022878246000 JavaThread "cluster-ClusterId{value='629616607abf5d41f4bdaecd', description='null'}-oraclehospitality-shard-00-00-q9dzj.mongodb.net:27017" daemon [_thread_blocked, id=24240, stack(0x0000009e1de00000,0x0000009e1df00000)]
  0x000002286e422800 JavaThread "MessageBroker-1" [_thread_blocked, id=24100, stack(0x0000009e1df00000,0x0000009e1e000000)]
  0x000002286e424000 JavaThread "my-scheduled-task-pool-1" [_thread_blocked, id=19824, stack(0x0000009e1e000000,0x0000009e1e100000)]
  0x000002286e423000 JavaThread "my-scheduled-task-pool-2" [_thread_blocked, id=9084, stack(0x0000009e1e100000,0x0000009e1e200000)]
  0x000002286e424800 JavaThread "my-scheduled-task-pool-3" [_thread_blocked, id=23696, stack(0x0000009e1e200000,0x0000009e1e300000)]
  0x000002286ea93800 JavaThread "http-nio-8081-BlockPoller" daemon [_thread_in_native, id=24412, stack(0x0000009e1e300000,0x0000009e1e400000)]
  0x000002286ea93000 JavaThread "http-nio-8081-exec-1" daemon [_thread_blocked, id=23312, stack(0x0000009e1e400000,0x0000009e1e500000)]
  0x000002286ea97000 JavaThread "http-nio-8081-exec-2" daemon [_thread_blocked, id=16400, stack(0x0000009e1e500000,0x0000009e1e600000)]
  0x000002286ea94800 JavaThread "http-nio-8081-exec-3" daemon [_thread_blocked, id=10924, stack(0x0000009e1e600000,0x0000009e1e700000)]
  0x000002286ea95800 JavaThread "http-nio-8081-exec-4" daemon [_thread_in_vm, id=8104, stack(0x0000009e1e700000,0x0000009e1e800000)]
  0x000002286ea91800 JavaThread "http-nio-8081-exec-5" daemon [_thread_blocked, id=9072, stack(0x0000009e1e800000,0x0000009e1e900000)]
  0x000002286ea96000 JavaThread "http-nio-8081-exec-6" daemon [_thread_in_native, id=10160, stack(0x0000009e1e900000,0x0000009e1ea00000)]
  0x000002286ea98000 JavaThread "http-nio-8081-exec-7" daemon [_thread_blocked, id=5952, stack(0x0000009e1ea00000,0x0000009e1eb00000)]
  0x000002286ea92000 JavaThread "http-nio-8081-exec-8" daemon [_thread_blocked, id=9596, stack(0x0000009e1eb00000,0x0000009e1ec00000)]
  0x000002286ea9b000 JavaThread "http-nio-8081-exec-9" daemon [_thread_blocked, id=15232, stack(0x0000009e1ec00000,0x0000009e1ed00000)]
  0x000002286ea9a800 JavaThread "http-nio-8081-exec-10" daemon [_thread_blocked, id=2296, stack(0x0000009e1ed00000,0x0000009e1ee00000)]
  0x000002286ea9c000 JavaThread "http-nio-8081-ClientPoller" daemon [_thread_in_native, id=9096, stack(0x0000009e1ee00000,0x0000009e1ef00000)]
  0x000002286ea9c800 JavaThread "http-nio-8081-Acceptor" daemon [_thread_in_native, id=7452, stack(0x0000009e1ef00000,0x0000009e1f000000)]
  0x000002286ea9d800 JavaThread "DestroyJavaVM" [_thread_blocked, id=23080, stack(0x0000009e1bd00000,0x0000009e1be00000)]

Other Threads:
  0x000002286ad36000 VMThread "VM Thread" [stack: 0x0000009e1c300000,0x0000009e1c400000] [id=22192] _threads_hazard_ptr=0x0000022878a30180
  0x000002286c2f8000 WatcherThread [stack: 0x0000009e1d200000,0x0000009e1d300000] [id=14624]
  0x000002284a65d800 GCTaskThread "GC Thread#0" [stack: 0x0000009e1be00000,0x0000009e1bf00000] [id=21636]
  0x000002286ba27800 GCTaskThread "GC Thread#1" [stack: 0x0000009e1cf00000,0x0000009e1d000000] [id=5208]
  0x000002286bd05000 GCTaskThread "GC Thread#2" [stack: 0x0000009e1d000000,0x0000009e1d100000] [id=23876]
  0x000002286c58b800 GCTaskThread "GC Thread#3" [stack: 0x0000009e1d400000,0x0000009e1d500000] [id=24124]
  0x000002284a66f000 ConcurrentGCThread "G1 Main Marker" [stack: 0x0000009e1bf00000,0x0000009e1c000000] [id=18924]
  0x000002284a670000 ConcurrentGCThread "G1 Conc#0" [stack: 0x0000009e1c000000,0x0000009e1c100000] [id=17496]
  0x000002286abb1800 ConcurrentGCThread "G1 Refine#0" [stack: 0x0000009e1c100000,0x0000009e1c200000] [id=24088]
  0x000002286abb3000 ConcurrentGCThread "G1 Young RemSet Sampling" [stack: 0x0000009e1c200000,0x0000009e1c300000] [id=22332]

Threads with active compile tasks:
C2 CompilerThread0   110080 7463       4       java.lang.String::split (327 bytes)

VM state:synchronizing (normal execution)

VM Mutex/Monitor currently owned by a thread:  ([mutex/lock_event])
[0x000002284a615740] Threads_lock - owner thread: 0x000002286ad36000

Heap address: 0x0000000081c00000, size: 2020 MB, Compressed Oops mode: 32-bit
Narrow klass base: 0x0000000800000000, Narrow klass shift: 3
Compressed class space size: 1073741824 Address: 0x0000000800b20000

Heap:
 garbage-first heap   total 94208K, used 52511K [0x0000000081c00000, 0x0000000100000000)
  region size 1024K, 3 young (3072K), 1 survivors (1024K)
 Metaspace       used 59138K, capacity 60700K, committed 60928K, reserved 1101824K
  class space    used 7253K, capacity 7860K, committed 7936K, reserved 1048576K
Heap Regions: E=young(eden), S=young(survivor), O=old, HS=humongous(starts), HC=humongous(continues), CS=collection set, F=free, A=archive, TAMS=top-at-mark-start (previous, next)
|   0|0x0000000081c00000, 0x0000000081d00000, 0x0000000081d00000|100%|HS|  |TAMS 0x0000000081d00000, 0x0000000081c00000| Complete 
|   1|0x0000000081d00000, 0x0000000081e00000, 0x0000000081e00000|100%| O|  |TAMS 0x0000000081e00000, 0x0000000081d00000| Untracked 
|   2|0x0000000081e00000, 0x0000000081f00000, 0x0000000081f00000|100%| O|  |TAMS 0x0000000081f00000, 0x0000000081e00000| Untracked 
|   3|0x0000000081f00000, 0x0000000082000000, 0x0000000082000000|100%| O|  |TAMS 0x0000000082000000, 0x0000000081f00000| Untracked 
|   4|0x0000000082000000, 0x0000000082100000, 0x0000000082100000|100%| O|  |TAMS 0x0000000082100000, 0x0000000082000000| Untracked 
|   5|0x0000000082100000, 0x0000000082200000, 0x0000000082200000|100%| O|  |TAMS 0x0000000082200000, 0x0000000082100000| Untracked 
|   6|0x0000000082200000, 0x0000000082300000, 0x0000000082300000|100%| O|  |TAMS 0x0000000082300000, 0x0000000082200000| Untracked 
|   7|0x0000000082300000, 0x0000000082400000, 0x0000000082400000|100%| O|  |TAMS 0x0000000082400000, 0x0000000082300000| Untracked 
|   8|0x0000000082400000, 0x0000000082500000, 0x0000000082500000|100%| O|  |TAMS 0x0000000082500000, 0x0000000082400000| Untracked 
|   9|0x0000000082500000, 0x0000000082600000, 0x0000000082600000|100%| O|  |TAMS 0x0000000082600000, 0x0000000082500000| Untracked 
|  10|0x0000000082600000, 0x0000000082700000, 0x0000000082700000|100%| O|  |TAMS 0x0000000082700000, 0x0000000082600000| Untracked 
|  11|0x0000000082700000, 0x0000000082800000, 0x0000000082800000|100%| O|  |TAMS 0x0000000082800000, 0x0000000082700000| Untracked 
|  12|0x0000000082800000, 0x0000000082838a00, 0x0000000082900000| 22%| O|  |TAMS 0x0000000082838a00, 0x0000000082800000| Complete 
|  13|0x0000000082900000, 0x0000000082a00000, 0x0000000082a00000|100%| O|  |TAMS 0x0000000082a00000, 0x0000000082900000| Untracked 
|  14|0x0000000082a00000, 0x0000000082b00000, 0x0000000082b00000|100%| O|  |TAMS 0x0000000082b00000, 0x0000000082a00000| Complete 
|  15|0x0000000082b00000, 0x0000000082c00000, 0x0000000082c00000|100%| O|  |TAMS 0x0000000082c00000, 0x0000000082b00000| Complete 
|  16|0x0000000082c00000, 0x0000000082d00000, 0x0000000082d00000|100%| O|  |TAMS 0x0000000082d00000, 0x0000000082c00000| Complete 
|  17|0x0000000082d00000, 0x0000000082e00000, 0x0000000082e00000|100%| O|  |TAMS 0x0000000082e00000, 0x0000000082d00000| Untracked 
|  18|0x0000000082e00000, 0x0000000082f00000, 0x0000000082f00000|100%| O|  |TAMS 0x0000000082f00000, 0x0000000082e00000| Complete 
|  19|0x0000000082f00000, 0x0000000083000000, 0x0000000083000000|100%| O|  |TAMS 0x0000000083000000, 0x0000000082f00000| Complete 
|  20|0x0000000083000000, 0x0000000083100000, 0x0000000083100000|100%| O|  |TAMS 0x0000000083100000, 0x0000000083000000| Complete 
|  21|0x0000000083100000, 0x0000000083200000, 0x0000000083200000|100%| O|  |TAMS 0x0000000083200000, 0x0000000083100000| Complete 
|  22|0x0000000083200000, 0x0000000083300000, 0x0000000083300000|100%| O|  |TAMS 0x0000000083300000, 0x0000000083200000| Untracked 
|  23|0x0000000083300000, 0x0000000083400000, 0x0000000083400000|100%| O|  |TAMS 0x0000000083400000, 0x0000000083300000| Complete 
|  24|0x0000000083400000, 0x0000000083500000, 0x0000000083500000|100%| O|  |TAMS 0x0000000083500000, 0x0000000083400000| Complete 
|  25|0x0000000083500000, 0x0000000083600000, 0x0000000083600000|100%| O|  |TAMS 0x0000000083600000, 0x0000000083500000| Untracked 
|  26|0x0000000083600000, 0x0000000083700000, 0x0000000083700000|100%| O|  |TAMS 0x0000000083700000, 0x0000000083600000| Untracked 
|  27|0x0000000083700000, 0x0000000083800000, 0x0000000083800000|100%| O|  |TAMS 0x0000000083800000, 0x0000000083700000| Untracked 
|  28|0x0000000083800000, 0x0000000083900000, 0x0000000083900000|100%| O|  |TAMS 0x0000000083900000, 0x0000000083800000| Complete 
|  29|0x0000000083900000, 0x0000000083a00000, 0x0000000083a00000|100%| O|  |TAMS 0x0000000083a00000, 0x0000000083900000| Complete 
|  30|0x0000000083a00000, 0x0000000083b00000, 0x0000000083b00000|100%| O|  |TAMS 0x0000000083b00000, 0x0000000083a00000| Complete 
|  31|0x0000000083b00000, 0x0000000083c00000, 0x0000000083c00000|100%| O|  |TAMS 0x0000000083c00000, 0x0000000083b00000| Complete 
|  32|0x0000000083c00000, 0x0000000083d00000, 0x0000000083d00000|100%| O|  |TAMS 0x0000000083d00000, 0x0000000083c00000| Complete 
|  33|0x0000000083d00000, 0x0000000083e00000, 0x0000000083e00000|100%| O|  |TAMS 0x0000000083e00000, 0x0000000083d00000| Complete 
|  34|0x0000000083e00000, 0x0000000083f00000, 0x0000000083f00000|100%| O|  |TAMS 0x0000000083f00000, 0x0000000083e00000| Complete 
|  35|0x0000000083f00000, 0x0000000084000000, 0x0000000084000000|100%| O|  |TAMS 0x0000000084000000, 0x0000000083f00000| Complete 
|  36|0x0000000084000000, 0x0000000084100000, 0x0000000084100000|100%| O|  |TAMS 0x0000000084100000, 0x0000000084000000| Complete 
|  37|0x0000000084100000, 0x0000000084200000, 0x0000000084200000|100%| O|  |TAMS 0x0000000084200000, 0x0000000084100000| Untracked 
|  38|0x0000000084200000, 0x0000000084300000, 0x0000000084300000|100%| O|  |TAMS 0x0000000084300000, 0x0000000084200000| Untracked 
|  39|0x0000000084300000, 0x0000000084400000, 0x0000000084400000|100%| O|  |TAMS 0x0000000084400000, 0x0000000084300000| Complete 
|  40|0x0000000084400000, 0x0000000084500000, 0x0000000084500000|100%| O|  |TAMS 0x0000000084500000, 0x0000000084400000| Complete 
|  41|0x0000000084500000, 0x0000000084600000, 0x0000000084600000|100%| O|  |TAMS 0x0000000084600000, 0x0000000084500000| Complete 
|  42|0x0000000084600000, 0x0000000084700000, 0x0000000084700000|100%| O|  |TAMS 0x0000000084700000, 0x0000000084600000| Untracked 
|  43|0x0000000084700000, 0x0000000084800000, 0x0000000084800000|100%| O|  |TAMS 0x0000000084800000, 0x0000000084700000| Complete 
|  44|0x0000000084800000, 0x0000000084900000, 0x0000000084900000|100%| O|  |TAMS 0x0000000084900000, 0x0000000084800000| Complete 
|  45|0x0000000084900000, 0x0000000084a00000, 0x0000000084a00000|100%| O|  |TAMS 0x0000000084a00000, 0x0000000084900000| Complete 
|  46|0x0000000084a00000, 0x0000000084b00000, 0x0000000084b00000|100%| O|  |TAMS 0x0000000084acbe00, 0x0000000084a00000| Complete 
|  47|0x0000000084b00000, 0x0000000084c00000, 0x0000000084c00000|100%| O|  |TAMS 0x0000000084b00000, 0x0000000084b00000| Untracked 
|  48|0x0000000084c00000, 0x0000000084d00000, 0x0000000084d00000|100%| O|  |TAMS 0x0000000084c00000, 0x0000000084c00000| Untracked 
|  49|0x0000000084d00000, 0x0000000084e00000, 0x0000000084e00000|100%| O|  |TAMS 0x0000000084d00000, 0x0000000084d00000| Untracked 
|  50|0x0000000084e00000, 0x0000000084e54400, 0x0000000084f00000| 32%| O|  |TAMS 0x0000000084e00000, 0x0000000084e00000| Untracked 
|  51|0x0000000084f00000, 0x0000000084f00000, 0x0000000085000000|  0%| F|  |TAMS 0x0000000084f00000, 0x0000000084f00000| Untracked 
|  52|0x0000000085000000, 0x0000000085000000, 0x0000000085100000|  0%| F|  |TAMS 0x0000000085000000, 0x0000000085000000| Untracked 
|  53|0x0000000085100000, 0x0000000085100000, 0x0000000085200000|  0%| F|  |TAMS 0x0000000085100000, 0x0000000085100000| Untracked 
|  54|0x0000000085200000, 0x0000000085200000, 0x0000000085300000|  0%| F|  |TAMS 0x0000000085200000, 0x0000000085200000| Untracked 
|  55|0x0000000085300000, 0x0000000085300000, 0x0000000085400000|  0%| F|  |TAMS 0x0000000085300000, 0x0000000085300000| Untracked 
|  56|0x0000000085400000, 0x0000000085400000, 0x0000000085500000|  0%| F|  |TAMS 0x0000000085400000, 0x0000000085400000| Untracked 
|  57|0x0000000085500000, 0x0000000085500000, 0x0000000085600000|  0%| F|  |TAMS 0x0000000085500000, 0x0000000085500000| Untracked 
|  58|0x0000000085600000, 0x0000000085600000, 0x0000000085700000|  0%| F|  |TAMS 0x0000000085600000, 0x0000000085600000| Untracked 
|  59|0x0000000085700000, 0x0000000085700000, 0x0000000085800000|  0%| F|  |TAMS 0x0000000085700000, 0x0000000085700000| Untracked 
|  60|0x0000000085800000, 0x0000000085800000, 0x0000000085900000|  0%| F|  |TAMS 0x0000000085800000, 0x0000000085800000| Untracked 
|  61|0x0000000085900000, 0x0000000085900000, 0x0000000085a00000|  0%| F|  |TAMS 0x0000000085900000, 0x0000000085900000| Untracked 
|  62|0x0000000085a00000, 0x0000000085a00000, 0x0000000085b00000|  0%| F|  |TAMS 0x0000000085a00000, 0x0000000085a00000| Untracked 
|  63|0x0000000085b00000, 0x0000000085b00000, 0x0000000085c00000|  0%| F|  |TAMS 0x0000000085b00000, 0x0000000085b00000| Untracked 
|  64|0x0000000085c00000, 0x0000000085c00000, 0x0000000085d00000|  0%| F|  |TAMS 0x0000000085c00000, 0x0000000085c00000| Untracked 
|  65|0x0000000085d00000, 0x0000000085d00000, 0x0000000085e00000|  0%| F|  |TAMS 0x0000000085d00000, 0x0000000085d00000| Untracked 
|  66|0x0000000085e00000, 0x0000000085e00000, 0x0000000085f00000|  0%| F|  |TAMS 0x0000000085e00000, 0x0000000085e00000| Untracked 
|  67|0x0000000085f00000, 0x0000000085f00000, 0x0000000086000000|  0%| F|  |TAMS 0x0000000085f00000, 0x0000000085f00000| Untracked 
|  68|0x0000000086000000, 0x0000000086000000, 0x0000000086100000|  0%| F|  |TAMS 0x0000000086000000, 0x0000000086000000| Untracked 
|  69|0x0000000086100000, 0x0000000086100000, 0x0000000086200000|  0%| F|  |TAMS 0x0000000086100000, 0x0000000086100000| Untracked 
|  70|0x0000000086200000, 0x0000000086200000, 0x0000000086300000|  0%| F|  |TAMS 0x0000000086200000, 0x0000000086200000| Untracked 
|  71|0x0000000086300000, 0x0000000086300000, 0x0000000086400000|  0%| F|  |TAMS 0x0000000086300000, 0x0000000086300000| Untracked 
|  72|0x0000000086400000, 0x0000000086400000, 0x0000000086500000|  0%| F|  |TAMS 0x0000000086400000, 0x0000000086400000| Untracked 
|  73|0x0000000086500000, 0x0000000086500000, 0x0000000086600000|  0%| F|  |TAMS 0x0000000086500000, 0x0000000086500000| Untracked 
|  74|0x0000000086600000, 0x00000000866baeb8, 0x0000000086700000| 73%| S|CS|TAMS 0x0000000086600000, 0x0000000086600000| Complete 
|  75|0x0000000086700000, 0x0000000086700000, 0x0000000086800000|  0%| F|  |TAMS 0x0000000086700000, 0x0000000086700000| Untracked 
|  76|0x0000000086800000, 0x0000000086800000, 0x0000000086900000|  0%| F|  |TAMS 0x0000000086800000, 0x0000000086800000| Untracked 
|  77|0x0000000086900000, 0x0000000086900000, 0x0000000086a00000|  0%| F|  |TAMS 0x0000000086900000, 0x0000000086900000| Untracked 
|  78|0x0000000086a00000, 0x0000000086a00000, 0x0000000086b00000|  0%| F|  |TAMS 0x0000000086a00000, 0x0000000086a00000| Untracked 
|  79|0x0000000086b00000, 0x0000000086b00000, 0x0000000086c00000|  0%| F|  |TAMS 0x0000000086b00000, 0x0000000086b00000| Untracked 
|  80|0x0000000086c00000, 0x0000000086c00000, 0x0000000086d00000|  0%| F|  |TAMS 0x0000000086c00000, 0x0000000086c00000| Untracked 
|  81|0x0000000086d00000, 0x0000000086d00000, 0x0000000086e00000|  0%| F|  |TAMS 0x0000000086d00000, 0x0000000086d00000| Untracked 
|  82|0x0000000086e00000, 0x0000000086e00000, 0x0000000086f00000|  0%| F|  |TAMS 0x0000000086e00000, 0x0000000086e00000| Untracked 
|  83|0x0000000086f00000, 0x0000000086f00000, 0x0000000087000000|  0%| F|  |TAMS 0x0000000086f00000, 0x0000000086f00000| Untracked 
|  84|0x0000000087000000, 0x0000000087000000, 0x0000000087100000|  0%| F|  |TAMS 0x0000000087000000, 0x0000000087000000| Untracked 
|  99|0x0000000087f00000, 0x0000000087f00000, 0x0000000088000000|  0%| F|  |TAMS 0x0000000087f00000, 0x0000000087f00000| Untracked 
| 100|0x0000000088000000, 0x0000000088000000, 0x0000000088100000|  0%| F|  |TAMS 0x0000000088000000, 0x0000000088000000| Untracked 
| 101|0x0000000088100000, 0x0000000088100000, 0x0000000088200000|  0%| F|  |TAMS 0x0000000088100000, 0x0000000088100000| Untracked 
| 102|0x0000000088200000, 0x0000000088200000, 0x0000000088300000|  0%| F|  |TAMS 0x0000000088200000, 0x0000000088200000| Untracked 
| 103|0x0000000088300000, 0x0000000088300000, 0x0000000088400000|  0%| F|  |TAMS 0x0000000088300000, 0x0000000088300000| Untracked 
| 104|0x0000000088400000, 0x00000000884a5320, 0x0000000088500000| 64%| E|  |TAMS 0x0000000088400000, 0x0000000088400000| Complete 
| 127|0x0000000089b00000, 0x0000000089c00000, 0x0000000089c00000|100%| E|CS|TAMS 0x0000000089b00000, 0x0000000089b00000| Complete 

Card table byte_map: [0x0000022863fc0000,0x00000228643c0000] _byte_map_base: 0x0000022863bb2000

Marking Bits (Prev, Next): (CMBitMap*) 0x000002284a65e418, (CMBitMap*) 0x000002284a65e3d8
 Prev Bits: [0x0000022866750000, 0x00000228686e0000)
 Next Bits: [0x00000228647c0000, 0x0000022866750000)

Polling page: 0x000002284a3c0000

Metaspace:

Usage:
  Non-class:     51.60 MB capacity,    50.67 MB ( 98%) used,   750.12 KB (  1%) free+waste,   204.63 KB ( <1%) overhead. 
      Class:      7.68 MB capacity,     7.08 MB ( 92%) used,   515.99 KB (  7%) free+waste,    90.69 KB (  1%) overhead. 
       Both:     59.28 MB capacity,    57.75 MB ( 97%) used,     1.24 MB (  2%) free+waste,   295.31 KB ( <1%) overhead. 

Virtual space:
  Non-class space:       52.00 MB reserved,      51.75 MB (>99%) committed 
      Class space:        1.00 GB reserved,       7.75 MB ( <1%) committed 
             Both:        1.05 GB reserved,      59.50 MB (  6%) committed 

Chunk freelists:
   Non-Class:  24.00 KB
       Class:  0 bytes
        Both:  24.00 KB

MaxMetaspaceSize: 17179869184.00 GB
CompressedClassSpaceSize: 1.00 GB

CodeHeap 'non-profiled nmethods': size=120000Kb used=5505Kb max_used=5505Kb free=114494Kb
 bounds [0x000002285c070000, 0x000002285c5e0000, 0x00000228635a0000]
CodeHeap 'profiled nmethods': size=120000Kb used=15869Kb max_used=15869Kb free=104130Kb
 bounds [0x0000022854b40000, 0x0000022855ad0000, 0x000002285c070000]
CodeHeap 'non-nmethods': size=5760Kb used=1382Kb max_used=1464Kb free=4377Kb
 bounds [0x00000228545a0000, 0x0000022854810000, 0x0000022854b40000]
 total_blobs=7028 nmethods=6446 adapters=502
 compilation: enabled
              stopped_count=0, restarted_count=0
 full_count=0

Compilation events (20 events):
Event: 108.144 Thread 0x000002286ad5b000 nmethod 7461 0x000002285c5cc890 code [0x000002285c5cca20, 0x000002285c5ccd98]
Event: 108.144 Thread 0x000002286ad5b000 7463       4       java.lang.String::split (327 bytes)
Event: 108.146 Thread 0x000002286ad5e000 7464       3       java.nio.HeapByteBuffer::put (60 bytes)
Event: 108.146 Thread 0x000002286ad5e000 nmethod 7464 0x0000022855a81f10 code [0x0000022855a82140, 0x0000022855a82878]
Event: 108.146 Thread 0x000002286ad5e000 7465       3       sun.security.ssl.HandshakeOutStream::putInt16 (20 bytes)
Event: 108.147 Thread 0x000002286ad5e000 nmethod 7465 0x0000022855a82b90 code [0x0000022855a82d80, 0x0000022855a83448]
Event: 108.212 Thread 0x000002286ad5e000 7467       3       org.bson.BsonBinaryWriter::writeCurrentName (49 bytes)
Event: 108.213 Thread 0x000002286ad5e000 nmethod 7467 0x0000022855a83710 code [0x0000022855a83940, 0x0000022855a84328]
Event: 108.213 Thread 0x000002286ad5e000 7469       3       org.bson.codecs.EncoderContext::encodeWithChildContext (12 bytes)
Event: 108.213 Thread 0x000002286ad5e000 nmethod 7469 0x0000022855a84610 code [0x0000022855a847c0, 0x0000022855a849c8]
Event: 108.213 Thread 0x000002286ad5e000 7468       1       com.mongodb.internal.connection.RequestMessage::getOpCode (5 bytes)
Event: 108.213 Thread 0x000002286ad5e000 nmethod 7468 0x000002285c5cce90 code [0x000002285c5cd020, 0x000002285c5cd0f8]
Event: 108.213 Thread 0x000002286ad5e000 7470       1       org.bson.BsonBinarySubType::getValue (5 bytes)
Event: 108.213 Thread 0x000002286ad5e000 nmethod 7470 0x000002285c5cd190 code [0x000002285c5cd320, 0x000002285c5cd3f8]
Event: 108.213 Thread 0x000002286ad5e000 7471       3       org.bson.AbstractBsonWriter::checkState (39 bytes)
Event: 108.214 Thread 0x000002286ad5e000 nmethod 7471 0x0000022855a84a90 code [0x0000022855a84c40, 0x0000022855a84f18]
Event: 108.214 Thread 0x000002286ad5e000 7472       1       com.mongodb.internal.connection.RequestMessage::getId (5 bytes)
Event: 108.214 Thread 0x000002286ad5e000 nmethod 7472 0x000002285c5cd490 code [0x000002285c5cd620, 0x000002285c5cd6f8]
Event: 108.214 Thread 0x000002286ad5e000 7473       1       org.bson.BsonWriterSettings::getMaxSerializationDepth (5 bytes)
Event: 108.214 Thread 0x000002286ad5e000 nmethod 7473 0x000002285c5cd790 code [0x000002285c5cd920, 0x000002285c5cd9f8]

GC Heap History (20 events):
Event: 80.977 GC heap before
{Heap before GC invocations=23 (full 0):
 garbage-first heap   total 71680K, used 55006K [0x0000000081c00000, 0x0000000100000000)
  region size 1024K, 18 young (18432K), 3 survivors (3072K)
 Metaspace       used 47626K, capacity 48908K, committed 49024K, reserved 1091584K
  class space    used 5755K, capacity 6257K, committed 6272K, reserved 1048576K
}
Event: 80.984 GC heap after
{Heap after GC invocations=24 (full 0):
 garbage-first heap   total 71680K, used 41429K [0x0000000081c00000, 0x0000000100000000)
  region size 1024K, 2 young (2048K), 2 survivors (2048K)
 Metaspace       used 47626K, capacity 48908K, committed 49024K, reserved 1091584K
  class space    used 5755K, capacity 6257K, committed 6272K, reserved 1048576K
}
Event: 81.320 GC heap before
{Heap before GC invocations=24 (full 0):
 garbage-first heap   total 71680K, used 56789K [0x0000000081c00000, 0x0000000100000000)
  region size 1024K, 17 young (17408K), 2 survivors (2048K)
 Metaspace       used 48106K, capacity 49425K, committed 49664K, reserved 1093632K
  class space    used 5791K, capacity 6298K, committed 6400K, reserved 1048576K
}
Event: 81.326 GC heap after
{Heap after GC invocations=25 (full 0):
 garbage-first heap   total 71680K, used 42731K [0x0000000081c00000, 0x0000000100000000)
  region size 1024K, 3 young (3072K), 3 survivors (3072K)
 Metaspace       used 48106K, capacity 49425K, committed 49664K, reserved 1093632K
  class space    used 5791K, capacity 6298K, committed 6400K, reserved 1048576K
}
Event: 81.791 GC heap before
{Heap before GC invocations=26 (full 0):
 garbage-first heap   total 78848K, used 57067K [0x0000000081c00000, 0x0000000100000000)
  region size 1024K, 17 young (17408K), 3 survivors (3072K)
 Metaspace       used 48949K, capacity 50234K, committed 50432K, reserved 1093632K
  class space    used 5906K, capacity 6396K, committed 6400K, reserved 1048576K
}
Event: 81.798 GC heap after
{Heap after GC invocations=27 (full 0):
 garbage-first heap   total 78848K, used 44341K [0x0000000081c00000, 0x0000000100000000)
  region size 1024K, 3 young (3072K), 3 survivors (3072K)
 Metaspace       used 48949K, capacity 50234K, committed 50432K, reserved 1093632K
  class space    used 5906K, capacity 6396K, committed 6400K, reserved 1048576K
}
Event: 82.330 GC heap before
{Heap before GC invocations=27 (full 0):
 garbage-first heap   total 78848K, used 60725K [0x0000000081c00000, 0x0000000100000000)
  region size 1024K, 19 young (19456K), 3 survivors (3072K)
 Metaspace       used 49886K, capacity 51151K, committed 51456K, reserved 1093632K
  class space    used 6041K, capacity 6529K, committed 6656K, reserved 1048576K
}
Event: 82.337 GC heap after
{Heap after GC invocations=28 (full 0):
 garbage-first heap   total 78848K, used 45694K [0x0000000081c00000, 0x0000000100000000)
  region size 1024K, 2 young (2048K), 2 survivors (2048K)
 Metaspace       used 49886K, capacity 51151K, committed 51456K, reserved 1093632K
  class space    used 6041K, capacity 6529K, committed 6656K, reserved 1048576K
}
Event: 83.001 GC heap before
{Heap before GC invocations=29 (full 0):
 garbage-first heap   total 81920K, used 61054K [0x0000000081c00000, 0x0000000100000000)
  region size 1024K, 17 young (17408K), 2 survivors (2048K)
 Metaspace       used 51264K, capacity 52573K, committed 52864K, reserved 1095680K
  class space    used 6204K, capacity 6701K, committed 6784K, reserved 1048576K
}
Event: 83.007 GC heap after
{Heap after GC invocations=30 (full 0):
 garbage-first heap   total 81920K, used 46076K [0x0000000081c00000, 0x0000000100000000)
  region size 1024K, 2 young (2048K), 2 survivors (2048K)
 Metaspace       used 51264K, capacity 52573K, committed 52864K, reserved 1095680K
  class space    used 6204K, capacity 6701K, committed 6784K, reserved 1048576K
}
Event: 85.358 GC heap before
{Heap before GC invocations=30 (full 0):
 garbage-first heap   total 81920K, used 63484K [0x0000000081c00000, 0x0000000100000000)
  region size 1024K, 19 young (19456K), 2 survivors (2048K)
 Metaspace       used 52928K, capacity 54204K, committed 54400K, reserved 1097728K
  class space    used 6455K, capacity 6964K, committed 7040K, reserved 1048576K
}
Event: 85.363 GC heap after
{Heap after GC invocations=31 (full 0):
 garbage-first heap   total 81920K, used 46392K [0x0000000081c00000, 0x0000000100000000)
  region size 1024K, 2 young (2048K), 2 survivors (2048K)
 Metaspace       used 52928K, capacity 54204K, committed 54400K, reserved 1097728K
  class space    used 6455K, capacity 6964K, committed 7040K, reserved 1048576K
}
Event: 86.694 GC heap before
{Heap before GC invocations=32 (full 0):
 garbage-first heap   total 83968K, used 63800K [0x0000000081c00000, 0x0000000100000000)
  region size 1024K, 19 young (19456K), 2 survivors (2048K)
 Metaspace       used 53833K, capacity 55202K, committed 55296K, reserved 1097728K
  class space    used 6582K, capacity 7104K, committed 7168K, reserved 1048576K
}
Event: 86.700 GC heap after
{Heap after GC invocations=33 (full 0):
 garbage-first heap   total 83968K, used 47175K [0x0000000081c00000, 0x0000000100000000)
  region size 1024K, 2 young (2048K), 2 survivors (2048K)
 Metaspace       used 53833K, capacity 55202K, committed 55296K, reserved 1097728K
  class space    used 6582K, capacity 7104K, committed 7168K, reserved 1048576K
}
Event: 87.968 GC heap before
{Heap before GC invocations=33 (full 0):
 garbage-first heap   total 83968K, used 64583K [0x0000000081c00000, 0x0000000100000000)
  region size 1024K, 19 young (19456K), 2 survivors (2048K)
 Metaspace       used 54628K, capacity 56002K, committed 56192K, reserved 1097728K
  class space    used 6700K, capacity 7220K, committed 7296K, reserved 1048576K
}
Event: 87.974 GC heap after
{Heap after GC invocations=34 (full 0):
 garbage-first heap   total 83968K, used 48041K [0x0000000081c00000, 0x0000000100000000)
  region size 1024K, 2 young (2048K), 2 survivors (2048K)
 Metaspace       used 54628K, capacity 56002K, committed 56192K, reserved 1097728K
  class space    used 6700K, capacity 7220K, committed 7296K, reserved 1048576K
}
Event: 89.530 GC heap before
{Heap before GC invocations=35 (full 0):
 garbage-first heap   total 87040K, used 66473K [0x0000000081c00000, 0x0000000100000000)
  region size 1024K, 20 young (20480K), 2 survivors (2048K)
 Metaspace       used 55776K, capacity 57226K, committed 57472K, reserved 1099776K
  class space    used 6862K, capacity 7433K, committed 7552K, reserved 1048576K
}
Event: 89.536 GC heap after
{Heap after GC invocations=36 (full 0):
 garbage-first heap   total 87040K, used 49138K [0x0000000081c00000, 0x0000000100000000)
  region size 1024K, 2 young (2048K), 2 survivors (2048K)
 Metaspace       used 55776K, capacity 57226K, committed 57472K, reserved 1099776K
  class space    used 6862K, capacity 7433K, committed 7552K, reserved 1048576K
}
Event: 106.638 GC heap before
{Heap before GC invocations=36 (full 0):
 garbage-first heap   total 87040K, used 68594K [0x0000000081c00000, 0x0000000100000000)
  region size 1024K, 21 young (21504K), 2 survivors (2048K)
 Metaspace       used 58364K, capacity 59856K, committed 60032K, reserved 1101824K
  class space    used 7166K, capacity 7752K, committed 7808K, reserved 1048576K
}
Event: 106.646 GC heap after
{Heap after GC invocations=37 (full 0):
 garbage-first heap   total 87040K, used 50863K [0x0000000081c00000, 0x0000000100000000)
  region size 1024K, 3 young (3072K), 3 survivors (3072K)
 Metaspace       used 58364K, capacity 59856K, committed 60032K, reserved 1101824K
  class space    used 7166K, capacity 7752K, committed 7808K, reserved 1048576K
}

Deoptimization events (20 events):
Event: 108.146 Thread 0x000002286ea96000 Uncommon trap: trap_request=0xffffffde fr.pc=0x000002285c5c9cb4 relative=0x0000000000000334
Event: 108.146 Thread 0x000002286ea96000 Uncommon trap: reason=class_check action=maybe_recompile pc=0x000002285c5c9cb4 method=javax.crypto.Mac.doFinal()[B @ 25 c2
Event: 108.146 Thread 0x000002286ea96000 DEOPT PACKING pc=0x000002285c5c9cb4 sp=0x0000009e1e9fbcf0
Event: 108.146 Thread 0x000002286ea96000 DEOPT UNPACKING pc=0x00000228545e912f sp=0x0000009e1e9fbca8 mode 2
Event: 108.146 Thread 0x000002286ea96000 Uncommon trap: trap_request=0xffffffde fr.pc=0x000002285c5cacac relative=0x000000000000026c
Event: 108.146 Thread 0x000002286ea96000 Uncommon trap: reason=class_check action=maybe_recompile pc=0x000002285c5cacac method=javax.crypto.Mac.update([B)V @ 33 c2
Event: 108.146 Thread 0x000002286ea96000 DEOPT PACKING pc=0x000002285c5cacac sp=0x0000009e1e9fbca0
Event: 108.146 Thread 0x000002286ea96000 DEOPT UNPACKING pc=0x00000228545e912f sp=0x0000009e1e9fbc58 mode 2
Event: 108.146 Thread 0x000002286ea96000 Uncommon trap: trap_request=0xffffffde fr.pc=0x000002285c5c9cb4 relative=0x0000000000000334
Event: 108.146 Thread 0x000002286ea96000 Uncommon trap: reason=class_check action=maybe_recompile pc=0x000002285c5c9cb4 method=javax.crypto.Mac.doFinal()[B @ 25 c2
Event: 108.146 Thread 0x000002286ea96000 DEOPT PACKING pc=0x000002285c5c9cb4 sp=0x0000009e1e9fbc30
Event: 108.146 Thread 0x000002286ea96000 DEOPT UNPACKING pc=0x00000228545e912f sp=0x0000009e1e9fbbe8 mode 2
Event: 108.146 Thread 0x000002286ea96000 Uncommon trap: trap_request=0xffffffde fr.pc=0x000002285c5cacac relative=0x000000000000026c
Event: 108.146 Thread 0x000002286ea96000 Uncommon trap: reason=class_check action=maybe_recompile pc=0x000002285c5cacac method=javax.crypto.Mac.update([B)V @ 33 c2
Event: 108.146 Thread 0x000002286ea96000 DEOPT PACKING pc=0x000002285c5cacac sp=0x0000009e1e9fbce0
Event: 108.146 Thread 0x000002286ea96000 DEOPT UNPACKING pc=0x00000228545e912f sp=0x0000009e1e9fbc98 mode 2
Event: 108.146 Thread 0x000002286ea96000 Uncommon trap: trap_request=0xffffffde fr.pc=0x000002285c5c9cb4 relative=0x0000000000000334
Event: 108.146 Thread 0x000002286ea96000 Uncommon trap: reason=class_check action=maybe_recompile pc=0x000002285c5c9cb4 method=javax.crypto.Mac.doFinal()[B @ 25 c2
Event: 108.146 Thread 0x000002286ea96000 DEOPT PACKING pc=0x000002285c5c9cb4 sp=0x0000009e1e9fbd00
Event: 108.146 Thread 0x000002286ea96000 DEOPT UNPACKING pc=0x00000228545e912f sp=0x0000009e1e9fbcb8 mode 2

Classes unloaded (15 events):
Event: 80.439 Thread 0x000002286ad36000 Unloading class 0x00000008010f4c40 'jdk/internal/reflect/GeneratedConstructorAccessor46'
Event: 80.439 Thread 0x000002286ad36000 Unloading class 0x00000008010f4840 'sun/security/ec/XDHKeyAgreement$$Lambda$767'
Event: 80.439 Thread 0x000002286ad36000 Unloading class 0x00000008010f4440 'sun/security/ec/XDHKeyAgreement$$Lambda$766'
Event: 80.439 Thread 0x000002286ad36000 Unloading class 0x00000008010f3040 'sun/security/ec/XDHKeyFactory$$Lambda$761'
Event: 80.439 Thread 0x000002286ad36000 Unloading class 0x00000008010f2c40 'sun/security/ec/XDHKeyFactory$$Lambda$760'
Event: 80.439 Thread 0x000002286ad36000 Unloading class 0x00000008010f2040 'sun/security/ssl/KeyShareExtension$SHKeyShareConsumer$$Lambda$755'
Event: 80.439 Thread 0x000002286ad36000 Unloading class 0x00000008010f1840 'sun/security/ssl/KeyShareExtension$SHKeyShareConsumer$$Lambda$756'
Event: 80.439 Thread 0x000002286ad36000 Unloading class 0x00000008010b4c40 'java/lang/invoke/LambdaForm$MH'
Event: 80.439 Thread 0x000002286ad36000 Unloading class 0x00000008010b4840 'java/lang/invoke/LambdaForm$MH'
Event: 80.439 Thread 0x000002286ad36000 Unloading class 0x00000008010b5440 'sun/security/ec/XDHKeyPairGenerator$$Lambda$712'
Event: 80.439 Thread 0x000002286ad36000 Unloading class 0x00000008010b5040 'sun/security/ec/XDHKeyPairGenerator$$Lambda$713'
Event: 81.399 Thread 0x000002286ad36000 Unloading class 0x0000000801118040 'sun/security/util/DomainName$Rules$$Lambda$774'
Event: 81.399 Thread 0x000002286ad36000 Unloading class 0x00000008010f5440 'sun/security/util/DomainName$Rules$$Lambda$775'
Event: 81.399 Thread 0x000002286ad36000 Unloading class 0x00000008010f5c40 'sun/security/x509/X509CertImpl$$Lambda$772'
Event: 81.399 Thread 0x000002286ad36000 Unloading class 0x00000008010f5040 'sun/security/x509/X509CertImpl$$Lambda$771'

Classes redefined (0 events):
No events

Internal exceptions (20 events):
Event: 82.506 Thread 0x000002284a619800 Exception <a 'java/lang/ClassNotFoundException'{0x00000000880146b8}: org/springframework/context/annotation/ImportAwareCustomizer> (0x00000000880146b8) 
thrown [./src/hotspot/share/classfile/systemDictionary.cpp, line 232]
Event: 82.507 Thread 0x000002284a619800 Exception <a 'java/lang/ClassNotFoundException'{0x000000008802df40}: org/springframework/beans/factory/AwareCustomizer> (0x000000008802df40) 
thrown [./src/hotspot/share/classfile/systemDictionary.cpp, line 232]
Event: 82.508 Thread 0x000002284a619800 Exception <a 'java/lang/ClassNotFoundException'{0x000000008804ad88}: org/springframework/beans/factory/BeanClassLoaderAwareCustomizer> (0x000000008804ad88) 
thrown [./src/hotspot/share/classfile/systemDictionary.cpp, line 232]
Event: 82.509 Thread 0x000002284a619800 Exception <a 'java/lang/ClassNotFoundException'{0x0000000088064620}: org/springframework/beans/factory/AwareCustomizer> (0x0000000088064620) 
thrown [./src/hotspot/share/classfile/systemDictionary.cpp, line 232]
Event: 83.098 Thread 0x000002284a619800 Exception <a 'java/lang/NullPointerException'{0x000000008821a5f0}> (0x000000008821a5f0) 
thrown [./src/hotspot/share/interpreter/linkResolver.cpp, line 1431]
Event: 84.821 Thread 0x000002284a619800 Implicit null exception at 0x000002285c486253 to 0x000002285c486720
Event: 86.555 Thread 0x000002284a619800 Exception <a 'java/lang/ClassNotFoundException'{0x000000008621f150}: java/lang/ObjectCustomizer> (0x000000008621f150) 
thrown [./src/hotspot/share/classfile/systemDictionary.cpp, line 232]
Event: 86.556 Thread 0x000002284a619800 Exception <a 'java/lang/ClassNotFoundException'{0x0000000086248680}: org/springframework/messaging/simp/config/AbstractMessageBrokerConfigurationCustomizer> (0x0000000086248680) 
thrown [./src/hotspot/share/classfile/systemDictionary.cpp, line 232]
Event: 86.557 Thread 0x000002284a619800 Exception <a 'java/lang/ClassNotFoundException'{0x000000008627d1d0}: org/springframework/web/socket/config/annotation/WebSocketMessageBrokerConfigurationSupportCustomizer> (0x000000008627d1d0) 
thrown [./src/hotspot/share/classfile/systemDictionary.cpp, line 232]
Event: 86.557 Thread 0x000002284a619800 Exception <a 'java/lang/ClassNotFoundException'{0x00000000862aad38}: org/springframework/web/socket/config/annotation/DelegatingWebSocketMessageBrokerConfigurationCustomizer> (0x00000000862aad38) 
thrown [./src/hotspot/share/classfile/systemDictionary.cpp, line 232]
Event: 86.558 Thread 0x000002284a619800 Exception <a 'java/lang/ClassNotFoundException'{0x00000000862e2598}: org/springframework/web/socket/config/annotation/DelegatingWebSocketMessageBrokerConfiguration$$EnhancerBySpringCGLIB$$8a57689Customizer> (0x00000000862e2598) 
thrown [./src/hotspot/share/classfile/systemDictionary.cpp, line 232]
Event: 86.559 Thread 0x000002284a619800 Exception <a 'java/lang/ClassNotFoundException'{0x0000000086123dd0}: org/springframework/context/annotation/ConfigurationClassEnhancer$EnhancedConfigurationCustomizer> (0x0000000086123dd0) 
thrown [./src/hotspot/share/classfile/systemDictionary.cpp, line 232]
Event: 86.560 Thread 0x000002284a619800 Exception <a 'java/lang/ClassNotFoundException'{0x0000000086142fe8}: org/springframework/beans/factory/BeanFactoryAwareCustomizer> (0x0000000086142fe8) 
thrown [./src/hotspot/share/classfile/systemDictionary.cpp, line 232]
Event: 86.561 Thread 0x000002284a619800 Exception <a 'java/lang/ClassNotFoundException'{0x000000008615fac8}: org/springframework/beans/factory/AwareCustomizer> (0x000000008615fac8) 
thrown [./src/hotspot/share/classfile/systemDictionary.cpp, line 232]
Event: 86.561 Thread 0x000002284a619800 Exception <a 'java/lang/ClassNotFoundException'{0x000000008617eca8}: org/springframework/context/ApplicationContextAwareCustomizer> (0x000000008617eca8) 
thrown [./src/hotspot/share/classfile/systemDictionary.cpp, line 232]
Event: 86.562 Thread 0x000002284a619800 Exception <a 'java/lang/ClassNotFoundException'{0x000000008619b530}: org/springframework/beans/factory/AwareCustomizer> (0x000000008619b530) 
thrown [./src/hotspot/share/classfile/systemDictionary.cpp, line 232]
Event: 87.482 Thread 0x000002284a619800 Exception <a 'java/lang/NoSuchMethodError'{0x00000000881f99d0}: 'java.lang.Object java.lang.invoke.DirectMethodHandle$Holder.invokeInterface(java.lang.Object, java.lang.Object, java.lang.Object, java.lang.Object)'> (0x00000000881f99d0) 
thrown [./src/hotspot/share/interpreter/linkResolver.cpp, line 767]
Event: 87.522 Thread 0x000002284a619800 Exception <a 'java/lang/NoSuchMethodError'{0x0000000086598340}: 'int java.lang.invoke.DirectMethodHandle$Holder.invokeVirtual(java.lang.Object, java.lang.Object, java.lang.Object)'> (0x0000000086598340) 
thrown [./src/hotspot/share/interpreter/linkResolver.cpp, line 767]
Event: 88.974 Thread 0x000002284a619800 Exception <a 'java/lang/NoSuchMethodError'{0x000000008669f0c8}: 'java.lang.Object java.lang.invoke.DirectMethodHandle$Holder.invokeInterface(java.lang.Object, java.lang.Object, java.lang.Object)'> (0x000000008669f0c8) 
thrown [./src/hotspot/share/interpreter/linkResolver.cpp, line 767]
Event: 88.974 Thread 0x000002284a619800 Exception <a 'java/lang/IncompatibleClassChangeError'{0x00000000866a1d28}: Found class java.lang.Object, but interface was expected> (0x00000000866a1d28) 
thrown [./src/hotspot/share/interpreter/linkResolver.cpp, line 833]

Events (20 events):
Event: 108.162 loading class com/mongodb/operation/CommandOperationHelper
Event: 108.162 loading class com/mongodb/operation/CommandOperationHelper done
Event: 108.176 loading class com/mongodb/operation/OperationHelper$CallableWithConnectionAndSource
Event: 108.176 loading class com/mongodb/operation/OperationHelper$CallableWithConnectionAndSource done
Event: 108.208 loading class com/mongodb/operation/CommandOperationHelper$CommandWriteTransformer
Event: 108.208 loading class com/mongodb/operation/CommandOperationHelper$CommandWriteTransformer done
Event: 108.209 loading class com/mongodb/operation/CommandOperationHelper$CommandWriteTransformerAsync
Event: 108.209 loading class com/mongodb/operation/CommandOperationHelper$CommandWriteTransformerAsync done
Event: 108.209 loading class com/mongodb/internal/connection/ReadConcernAwareNoOpSessionContext
Event: 108.209 loading class com/mongodb/internal/connection/ReadConcernAwareNoOpSessionContext done
Event: 108.210 loading class com/mongodb/operation/OperationReadConcernHelper
Event: 108.210 loading class com/mongodb/operation/OperationReadConcernHelper done
Event: 108.210 loading class com/mongodb/internal/connection/ReadConcernHelper
Event: 108.210 loading class com/mongodb/internal/connection/ReadConcernHelper done
Event: 108.211 loading class com/mongodb/operation/DocumentHelper
Event: 108.211 loading class com/mongodb/operation/DocumentHelper done
Event: 108.211 loading class com/mongodb/internal/connection/CommandProtocolImpl
Event: 108.211 loading class com/mongodb/internal/connection/CommandProtocolImpl done
Event: 108.212 loading class org/bson/codecs/BsonDocumentWrapperCodec
Event: 108.212 loading class org/bson/codecs/BsonDocumentWrapperCodec done


Dynamic libraries:
0x00007ff63b2c0000 - 0x00007ff63b2cd000 	D:\zulu13.35.17-ca-jdk13.0.5-win_x64\bin\java.exe
0x00007ffb92790000 - 0x00007ffb92985000 	C:\WINDOWS\SYSTEM32\ntdll.dll
0x00007ffb90900000 - 0x00007ffb909bd000 	C:\WINDOWS\System32\KERNEL32.DLL
0x00007ffb90400000 - 0x00007ffb906cd000 	C:\WINDOWS\System32\KERNELBASE.dll
0x00007ffb8ffb0000 - 0x00007ffb900b0000 	C:\WINDOWS\System32\ucrtbase.dll
0x00007ffb8d3e0000 - 0x00007ffb8d3f5000 	D:\zulu13.35.17-ca-jdk13.0.5-win_x64\bin\VCRUNTIME140.dll
0x00007ffb8d400000 - 0x00007ffb8d417000 	D:\zulu13.35.17-ca-jdk13.0.5-win_x64\bin\jli.dll
0x00007ffb91a00000 - 0x00007ffb91ba0000 	C:\WINDOWS\System32\USER32.dll
0x00007ffb90320000 - 0x00007ffb90342000 	C:\WINDOWS\System32\win32u.dll
0x00007ffb92360000 - 0x00007ffb9238a000 	C:\WINDOWS\System32\GDI32.dll
0x00007ffb906d0000 - 0x00007ffb907db000 	C:\WINDOWS\System32\gdi32full.dll
0x00007ffb8fea0000 - 0x00007ffb8ff3d000 	C:\WINDOWS\System32\msvcp_win.dll
0x00007ffb85670000 - 0x00007ffb8590a000 	C:\WINDOWS\WinSxS\amd64_microsoft.windows.common-controls_6595b64144ccf1df_6.0.19041.1110_none_60b5254171f9507e\COMCTL32.dll
0x00007ffb90d10000 - 0x00007ffb90dae000 	C:\WINDOWS\System32\msvcrt.dll
0x00007ffb90db0000 - 0x00007ffb90de0000 	C:\WINDOWS\System32\IMM32.DLL
0x00007ffb83000000 - 0x00007ffb8309b000 	D:\zulu13.35.17-ca-jdk13.0.5-win_x64\bin\msvcp140.dll
0x00007ffb5a570000 - 0x00007ffb5b15f000 	D:\zulu13.35.17-ca-jdk13.0.5-win_x64\bin\server\jvm.dll
0x00007ffb922b0000 - 0x00007ffb9235e000 	C:\WINDOWS\System32\ADVAPI32.dll
0x00007ffb90a60000 - 0x00007ffb90afc000 	C:\WINDOWS\System32\sechost.dll
0x00007ffb918d0000 - 0x00007ffb919f5000 	C:\WINDOWS\System32\RPCRT4.dll
0x00007ffb90a50000 - 0x00007ffb90a58000 	C:\WINDOWS\System32\PSAPI.DLL
0x00007ffb7de20000 - 0x00007ffb7de29000 	C:\WINDOWS\SYSTEM32\WSOCK32.dll
0x00007ffb6f220000 - 0x00007ffb6f247000 	C:\WINDOWS\SYSTEM32\WINMM.dll
0x00007ffb91050000 - 0x00007ffb910bb000 	C:\WINDOWS\System32\WS2_32.dll
0x00007ffb8cb30000 - 0x00007ffb8cb3a000 	C:\WINDOWS\SYSTEM32\VERSION.dll
0x00007ffb8e750000 - 0x00007ffb8e762000 	C:\WINDOWS\SYSTEM32\kernel.appcore.dll
0x00007ffb8d3d0000 - 0x00007ffb8d3e0000 	D:\zulu13.35.17-ca-jdk13.0.5-win_x64\bin\verify.dll
0x00007ffb7bed0000 - 0x00007ffb7c0b4000 	C:\WINDOWS\SYSTEM32\DBGHELP.DLL
0x00007ffb7bea0000 - 0x00007ffb7becc000 	C:\WINDOWS\SYSTEM32\dbgcore.DLL
0x00007ffb90100000 - 0x00007ffb90182000 	C:\WINDOWS\System32\bcryptPrimitives.dll
0x00007ffb8d3a0000 - 0x00007ffb8d3c6000 	D:\zulu13.35.17-ca-jdk13.0.5-win_x64\bin\java.dll
0x00007ffb8bf90000 - 0x00007ffb8bf9a000 	D:\zulu13.35.17-ca-jdk13.0.5-win_x64\bin\jimage.dll
0x00007ffb89360000 - 0x00007ffb89398000 	D:\zulu13.35.17-ca-jdk13.0.5-win_x64\bin\jdwp.dll
0x00007ffb8bf80000 - 0x00007ffb8bf8e000 	D:\zulu13.35.17-ca-jdk13.0.5-win_x64\bin\instrument.dll
0x00007ffb89090000 - 0x00007ffb890a7000 	D:\zulu13.35.17-ca-jdk13.0.5-win_x64\bin\zip.dll
0x00007ffb910d0000 - 0x00007ffb91814000 	C:\WINDOWS\System32\SHELL32.dll
0x00007ffb8dfa0000 - 0x00007ffb8e734000 	C:\WINDOWS\SYSTEM32\windows.storage.dll
0x00007ffb92390000 - 0x00007ffb926e4000 	C:\WINDOWS\System32\combase.dll
0x00007ffb8f830000 - 0x00007ffb8f85c000 	C:\WINDOWS\SYSTEM32\Wldp.dll
0x00007ffb91820000 - 0x00007ffb918cd000 	C:\WINDOWS\System32\SHCORE.dll
0x00007ffb90f10000 - 0x00007ffb90f65000 	C:\WINDOWS\System32\shlwapi.dll
0x00007ffb8fde0000 - 0x00007ffb8fdff000 	C:\WINDOWS\SYSTEM32\profapi.dll
0x00007ffb8be80000 - 0x00007ffb8be8a000 	D:\zulu13.35.17-ca-jdk13.0.5-win_x64\bin\dt_socket.dll
0x00007ffb8f590000 - 0x00007ffb8f5fa000 	C:\WINDOWS\system32\mswsock.dll
0x00007ffb82fe0000 - 0x00007ffb82ff9000 	D:\zulu13.35.17-ca-jdk13.0.5-win_x64\bin\net.dll
0x00007ffb8a950000 - 0x00007ffb8aa5a000 	C:\WINDOWS\SYSTEM32\WINHTTP.dll
0x00007ffb82fc0000 - 0x00007ffb82fd2000 	D:\zulu13.35.17-ca-jdk13.0.5-win_x64\bin\nio.dll
0x00007ffb89290000 - 0x00007ffb89299000 	D:\zulu13.35.17-ca-jdk13.0.5-win_x64\bin\management.dll
0x00007ffb82fa0000 - 0x00007ffb82fab000 	D:\zulu13.35.17-ca-jdk13.0.5-win_x64\bin\management_ext.dll
0x00007ffb7e560000 - 0x00007ffb7e577000 	C:\WINDOWS\system32\napinsp.dll
0x00007ffb6f050000 - 0x00007ffb6f06b000 	C:\WINDOWS\system32\pnrpnsp.dll
0x00007ffb6efe0000 - 0x00007ffb6eff5000 	C:\WINDOWS\system32\wshbth.dll
0x00007ffb8bec0000 - 0x00007ffb8bedd000 	C:\WINDOWS\system32\NLAapi.dll
0x00007ffb8f280000 - 0x00007ffb8f2bb000 	C:\WINDOWS\SYSTEM32\IPHLPAPI.DLL
0x00007ffb8f2c0000 - 0x00007ffb8f38b000 	C:\WINDOWS\SYSTEM32\DNSAPI.dll
0x00007ffb910c0000 - 0x00007ffb910c8000 	C:\WINDOWS\System32\NSI.dll
0x00007ffb7e670000 - 0x00007ffb7e682000 	C:\WINDOWS\System32\winrnr.dll
0x00007ffb89ad0000 - 0x00007ffb89ada000 	C:\Windows\System32\rasadhlp.dll
0x00007ffb89a50000 - 0x00007ffb89ad0000 	C:\WINDOWS\System32\fwpuclnt.dll
0x00007ffb90190000 - 0x00007ffb901b7000 	C:\WINDOWS\System32\bcrypt.dll
0x0000000180000000 - 0x0000000180286000 	E:\xampp\tomcat\bin\tcnative-1.dll
0x00007ffb901c0000 - 0x00007ffb90316000 	C:\WINDOWS\System32\CRYPT32.dll
0x00007ffb8f780000 - 0x00007ffb8f798000 	C:\WINDOWS\SYSTEM32\CRYPTSP.dll
0x00007ffb8ef10000 - 0x00007ffb8ef44000 	C:\WINDOWS\system32\rsaenh.dll
0x00007ffb8fd60000 - 0x00007ffb8fd8e000 	C:\WINDOWS\SYSTEM32\USERENV.dll
0x00007ffb8f7a0000 - 0x00007ffb8f7ac000 	C:\WINDOWS\SYSTEM32\CRYPTBASE.dll
0x00007ffb89630000 - 0x00007ffb89647000 	C:\WINDOWS\SYSTEM32\dhcpcsvc6.DLL
0x00007ffb89e50000 - 0x00007ffb89e6d000 	C:\WINDOWS\SYSTEM32\dhcpcsvc.DLL
0x00007ffb82d60000 - 0x00007ffb82d85000 	D:\zulu13.35.17-ca-jdk13.0.5-win_x64\bin\sunec.dll
0x00007ffb82de0000 - 0x00007ffb82dee000 	D:\zulu13.35.17-ca-jdk13.0.5-win_x64\bin\sunmscapi.dll
0x00007ffb8f8a0000 - 0x00007ffb8f8c7000 	C:\WINDOWS\SYSTEM32\ncrypt.dll
0x00007ffb8f860000 - 0x00007ffb8f89b000 	C:\WINDOWS\SYSTEM32\NTASN1.dll

dbghelp: loaded successfully - version: 4.0.5 - missing functions: none
symbol engine: initialized successfully - sym options: 0x614 - pdb path: .;D:\zulu13.35.17-ca-jdk13.0.5-win_x64\bin;C:\WINDOWS\SYSTEM32;C:\WINDOWS\WinSxS\amd64_microsoft.windows.common-controls_6595b64144ccf1df_6.0.19041.1110_none_60b5254171f9507e;D:\zulu13.35.17-ca-jdk13.0.5-win_x64\bin\server;E:\xampp\tomcat\bin

VM Arguments:
jvm_args: -agentlib:jdwp=transport=dt_socket,address=127.0.0.1:53996,suspend=y,server=n -javaagent:C:\Users\Entrepreware\AppData\Local\JetBrains\IdeaIC2020.3\captureAgent\debugger-agent.jar -Dfile.encoding=UTF-8 
java_command: com.sun.supplierpoc.SupplierPocApplication
java_class_path (initial): E:\bendary\projects\backend\infor-sun-poc\target\classes;E:\bendary\jars\libphonenumber-8.12.10.jar;C:\Users\Entrepreware\.m2\repository\org\springframework\boot\spring-boot-starter-web\2.2.4.RELEASE\spring-boot-starter-web-2.2.4.RELEASE.jar;C:\Users\Entrepreware\.m2\repository\org\springframework\boot\spring-boot-starter-json\2.2.4.RELEASE\spring-boot-starter-json-2.2.4.RELEASE.jar;C:\Users\Entrepreware\.m2\repository\com\fasterxml\jackson\datatype\jackson-datatype-jdk8\2.10.2\jackson-datatype-jdk8-2.10.2.jar;C:\Users\Entrepreware\.m2\repository\com\fasterxml\jackson\datatype\jackson-datatype-jsr310\2.10.2\jackson-datatype-jsr310-2.10.2.jar;C:\Users\Entrepreware\.m2\repository\com\fasterxml\jackson\module\jackson-module-parameter-names\2.10.2\jackson-module-parameter-names-2.10.2.jar;C:\Users\Entrepreware\.m2\repository\org\springframework\boot\spring-boot-starter-tomcat\2.2.4.RELEASE\spring-boot-starter-tomcat-2.2.4.RELEASE.jar;C:\Users\Entrepreware\.m2\repository\org\apache\tomcat\embed\tomcat-embed-core\9.0.30\tomcat-embed-core-9.0.30.jar;C:\Users\Entrepreware\.m2\repository\org\apache\tomcat\embed\tomcat-embed-el\9.0.30\tomcat-embed-el-9.0.30.jar;C:\Users\Entrepreware\.m2\repository\org\apache\tomcat\embed\tomcat-embed-websocket\9.0.30\tomcat-embed-websocket-9.0.30.jar;C:\Users\Entrepreware\.m2\repository\org\springframework\boot\spring-boot-starter-validation\2.2.4.RELEASE\spring-boot-starter-validation-2.2.4.RELEASE.jar;C:\Users\Entrepreware\.m2\repository\jakarta\validation\jakarta.validation-api\2.0.2\jakarta.validation-api-2.0.2.jar;C:\Users\Entrepreware\.m2\repository\org\hibernate\validator\hibernate-validator\6.0.18.Final\hibernate-validator-6.0.18.Final.jar;C:\Users\Entrepreware\.m2\repository\org\jboss\logging\jboss-logging\3.4.1.Final\jboss-logging-3.4.1.Final.jar;C:\Users\Entrepreware\.m2\repository\com\fasterxml\classmate\1.5.1\classmate-1.5.1.jar;C:\Users\Entrepreware\.m2\repository\org\springframework\spring-web\5.2.3
Launcher Type: SUN_STANDARD

[Global flags]
     intx CICompilerCount                          = 3                                         {product} {ergonomic}
     uint ConcGCThreads                            = 1                                         {product} {ergonomic}
     uint G1ConcRefinementThreads                  = 4                                         {product} {ergonomic}
   size_t G1HeapRegionSize                         = 1048576                                   {product} {ergonomic}
    uintx GCDrainStackTargetSize                   = 64                                        {product} {ergonomic}
   size_t InitialHeapSize                          = 134217728                                 {product} {ergonomic}
   size_t MarkStackSize                            = 4194304                                   {product} {ergonomic}
   size_t MaxHeapSize                              = 2118123520                                {product} {ergonomic}
   size_t MaxNewSize                               = 1270874112                                {product} {ergonomic}
   size_t MinHeapDeltaBytes                        = 1048576                                   {product} {ergonomic}
   size_t MinHeapSize                              = 8388608                                   {product} {ergonomic}
    uintx NonNMethodCodeHeapSize                   = 5832780                                {pd product} {ergonomic}
    uintx NonProfiledCodeHeapSize                  = 122912730                              {pd product} {ergonomic}
    uintx ProfiledCodeHeapSize                     = 122912730                              {pd product} {ergonomic}
    uintx ReservedCodeCacheSize                    = 251658240                              {pd product} {ergonomic}
     bool SegmentedCodeCache                       = true                                      {product} {ergonomic}
   size_t SoftMaxHeapSize                          = 2118123520                             {manageable} {ergonomic}
     bool UseCompressedClassPointers               = true                                 {lp64_product} {ergonomic}
     bool UseCompressedOops                        = true                                 {lp64_product} {ergonomic}
     bool UseG1GC                                  = true                                      {product} {ergonomic}
     bool UseLargePagesIndividualAllocation        = false                                  {pd product} {ergonomic}

Logging:
Log output configuration:
 #0: stdout all=warning uptime,level,tags
 #1: stderr all=off uptime,level,tags

Environment Variables:
JAVA_HOME=C:\Program Files\Java\jdk1.8.0_271
PATH=D:\1.Bassel\dbhomeXE\bin;C:\ProgramData\Oracle\Java\javapath;C:\WINDOWS\system32;C:\WINDOWS;C:\WINDOWS\System32\Wbem;C:\WINDOWS\System32\WindowsPowerShell\v1.0\;E:\gradle-3.3\bin;E:\MySQL\MySQL Utilities 1.6;E:\MySQL\MySQL Server 5.6\bin;C:\WINDOWS\System32\OpenSSH\;E:\PUTTY\;D:\Android-SDK\sdk;D:\Android-SDK\sdk\tools;D:\Android-SDK\sdk\platform-tools;D:\Android-SDK\sdk\build-tools\27.0.3;C:\Program Files (x86)\Google\Cloud SDK\google-cloud-sdk\bin;C:\Program Files (x86)\Microsoft SQL Server\90\Tools\binn\;C:\Program Files (x86)\Microsoft SQL Server\100\Tools\Binn\VSShell\Common7\IDE\;C:\Program Files (x86)\Microsoft SQL Server\100\Tools\Binn\;C:\Program Files (x86)\Microsoft SQL Server\100\DTS\Binn\;C:\Program Files (x86)\Microsoft SQL Server\Client SDK\ODBC\130\Tools\Binn\;C:\Program Files (x86)\Microsoft SQL Server\140\Tools\Binn\;C:\Program Files (x86)\Microsoft SQL Server\140\DTS\Binn\;C:\Program Files (x86)\Microsoft SQL Server\140\Tools\Binn\ManagementStudio\;C:\Users\Entrepreware\AppData\Local\Programs\Python\Python37\Scripts;C:\Users\Entrepreware\AppData\Local\Programs\Python\Python37;C:\Program Files (x86)\Gpg4win\..\GnuPG\bin;C:\Program Files\dotnet\;C:\Program Files\Microsoft SQL Server\130\Tools\Binn\;C:\Program Files\Microsoft SQL Server\Client SDK\ODBC\170\Tools\Binn\;C:\Program Files (x86)\dotnet\;E:\Downloads\jad158g.win;E:\xampp\tomcat\bin;D:\zulu13.35.17-ca-jdk13.0.5-win_x64\bin;E:\1.Bassel\gradle-6.9.1\bin;E:\nodejs\;C:/Users/Entrepreware/.m2/wrapper/dists/apache-maven-3.6.3-bin/1iopthnavndlasol9gbrbg6bf2/apache-maven-3.6.3\bin;C:\WINDOWS\system32;C:\WINDOWS;C:\WINDOWS\System32\Wbem;C:\WINDOWS\System32\WindowsPowerShell\v1.0\;C:\WINDOWS\System32\OpenSSH\;C:\Program Files (x86)\Microsoft SQL Server\150\Tools\Binn\;C:\Program Files\Microsoft SQL Server\150\Tools\Binn\;C:\Program Files\Microsoft SQL Server\150\DTS\Binn\;E:\Git\cmd;C:\Users\Entrepreware\AppData\Local\Programs\Python\Python37\Scripts\;C:\Users\Entrepreware\AppData\Local\Programs\Py
USERNAME=Entrepreware
OS=Windows_NT
PROCESSOR_IDENTIFIER=Intel64 Family 6 Model 42 Stepping 7, GenuineIntel



---------------  S Y S T E M  ---------------

OS: Windows 10 , 64 bit Build 19041 (10.0.19041.1706)
OS uptime: 0 days 3:08 hours

CPU:total 4 (initial active 4) (4 cores per cpu, 1 threads per core) family 6 model 42 stepping 7, cmov, cx8, fxsr, mmx, sse, sse2, sse3, ssse3, sse4.1, sse4.2, popcnt, avx, aes, clmul, tsc, tscinvbit

Memory: 4k page, system-wide physical 8072M (353M free)
TotalPageFile size 20791M (AvailPageFile size 4M)
current process WorkingSet (physical memory assigned to process): 294M, peak: 342M
current process commit charge ("private bytes"): 329M, peak: 377M

vm_info: OpenJDK 64-Bit Server VM (13.0.5+3-MTS) for windows-amd64 JRE (13.0.5+3-MTS) (Zulu13.35+17-CA), built on Oct  6 2020 05:30:46 by "zulu_re" with MS VC++ 15.9 (VS2017)

END.
