#
# A fatal error has been detected by the Java Runtime Environment:
#
#  EXCEPTION_ACCESS_VIOLATION (0xc0000005) at pc=0x00007ff82ed362f3, pid=12968, tid=26288
#
# JRE version: OpenJDK Runtime Environment Zulu13.35+17-CA (13.0.5+3) (build 13.0.5+3-MTS)
# Java VM: OpenJDK 64-Bit Server VM Zulu13.35+17-CA (13.0.5+3-MTS, mixed mode, sharing, tiered, compressed oops, g1 gc, windows-amd64)
# Problematic frame:
# V  [jvm.dll+0x3862f3]
#
# No core dump will be written. Minidumps are not enabled by default on client versions of Windows
#
# If you would like to submit a bug report, please visit:
#   http://www.azulsystems.com/support/
#

---------------  S U M M A R Y ------------

Command Line: -agentlib:jdwp=transport=dt_socket,address=127.0.0.1:56396,suspend=y,server=n -Djdk.tls.client.protocols=TLSv1.2 -javaagent:C:\Users\Entrepreware\AppData\Local\JetBrains\IdeaIC2020.3\captureAgent\debugger-agent.jar -Dfile.encoding=UTF-8 com.sun.supplierpoc.SupplierPocApplication

Host: Intel(R) Core(TM) i5-2400 CPU @ 3.10GHz, 4 cores, 7G,  Windows 10 , 64 bit Build 19041 (10.0.19041.1466)
Time: Fri Feb 25 06:54:13 2022 Egypt Standard Time elapsed time: 61493 seconds (0d 17h 4m 53s)

---------------  T H R E A D  ---------------

Current thread (0x000001ce4967e800):  JavaThread "Exec Stream Pumper" daemon [_thread_in_vm, id=26288, stack(0x0000008863600000,0x0000008863700000)]

Stack: [0x0000008863600000,0x0000008863700000],  sp=0x00000088636ff2e0,  free space=1020k
Native frames: (J=compiled Java code, j=interpreted, Vv=VM code, C=native code)
V  [jvm.dll+0x3862f3]
V  [jvm.dll+0x633182]
V  [jvm.dll+0x386df9]
V  [jvm.dll+0x387087]
V  [jvm.dll+0x3f7f01]
V  [jvm.dll+0x7a2c46]
V  [jvm.dll+0x79bb0a]
