#
# There is insufficient memory for the Java Runtime Environment to continue.
# Native memory allocation (malloc) failed to allocate 1583088 bytes for Chunk::new
# Possible reasons:
#   The system is out of physical RAM or swap space
#   The process is running with CompressedOops enabled, and the Java Heap may be blocking the growth of the native heap
# Possible solutions:
#   Reduce memory load on the system
#   Increase physical memory or swap space
#   Check if swap backing store is full
#   Decrease Java heap size (-Xmx/-Xms)
#   Decrease number of Java threads
#   Decrease Java thread stack sizes (-Xss)
#   Set larger code cache with -XX:ReservedCodeCacheSize=
#   JVM is running with Unscaled Compressed Oops mode in which the Java heap is
#     placed in the first 4GB address space. The Java Heap base address is the
#     maximum limit for the native heap growth. Please use -XX:HeapBaseMinAddress
#     to set the Java Heap base and to place the Java Heap above 4GB virtual address.
# This output file may be truncated or incomplete.
#
#  Out of Memory Error (./src/hotspot/share/memory/arena.cpp:196), pid=11536, tid=15212
#
# JRE version: OpenJDK Runtime Environment Zulu13.35+17-CA (13.0.5+3) (build 13.0.5+3-MTS)
# Java VM: OpenJDK 64-Bit Server VM Zulu13.35+17-CA (13.0.5+3-MTS, mixed mode, sharing, tiered, compressed oops, g1 gc, windows-amd64)
# No core dump will be written. Minidumps are not enabled by default on client versions of Windows
#

---------------  S U M M A R Y ------------

Command Line: -agentlib:jdwp=transport=dt_socket,address=127.0.0.1:65092,suspend=y,server=n -javaagent:C:\Users\Entrepreware\AppData\Local\JetBrains\IdeaIC2020.3\captureAgent\debugger-agent.jar -Dfile.encoding=UTF-8 com.sun.supplierpoc.SupplierPocApplication

Host: Intel(R) Core(TM) i5-2400 CPU @ 3.10GHz, 4 cores, 7G,  Windows 10 , 64 bit Build 19041 (10.0.19041.1706)
Time: Tue May 31 15:16:23 2022 Egypt Standard Time elapsed time: 8597 seconds (0d 2h 23m 17s)

---------------  T H R E A D  ---------------

Current thread (0x0000024127c3b000):  JavaThread "C2 CompilerThread0" daemon [_thread_in_native, id=15212, stack(0x0000008e1e300000,0x0000008e1e400000)]


Current CompileTask:
C2:8597781 16282       4       org.springframework.data.util.TypeDiscoverer::createInfo (158 bytes)

Stack: [0x0000008e1e300000,0x0000008e1e400000]
Native frames: (J=compiled Java code, j=interpreted, Vv=VM code, C=native code)
V  [jvm.dll+0x63325a]
V  [jvm.dll+0x7dd2fa]
V  [jvm.dll+0x7deaaf]
V  [jvm.dll+0x7df0f3]
V  [jvm.dll+0x250fe8]
V  [jvm.dll+0xc51c7]
V  [jvm.dll+0xc58bc]
V  [jvm.dll+0x364885]
V  [jvm.dll+0x1a3490]
V  [jvm.dll+0x20ab96]
V  [jvm.dll+0x209c6f]
V  [jvm.dll+0x18e03c]
V  [jvm.dll+0x218d6d]
V  [jvm.dll+0x216fbb]
V  [jvm.dll+0x7a2c46]
V  [jvm.dll+0x79bb0a]
V  [jvm.dll+0x632166]
C  [ucrtbase.dll+0x21bb2]
C  [KERNEL32.DLL+0x17034]
C  [ntdll.dll+0x52651]


---------------  P R O C E S S  ---------------

Threads class SMR info:
_java_thread_list=0x000002412b5d9010, length=95, elements={
0x0000024127c17000, 0x0000024127c1a800, 0x0000024127c36800, 0x0000024127c38800,
0x0000024127c3b000, 0x0000024127c3c800, 0x0000024127c3e000, 0x0000024127bfe000,
0x000002412885e000, 0x0000024128879800, 0x000002412887e800, 0x0000024129225800,
0x000002412bb0d800, 0x000002412b5cc800, 0x000002412eeb7000, 0x000002412b770800,
0x000002412ba0b800, 0x000002412e9ce800, 0x000002412dcae800, 0x000002412bb23800,
0x00000241328d2000, 0x00000241328d1800, 0x00000241328cf800, 0x0000024131ddc800,
0x0000024131dde000, 0x0000024131ddd000, 0x0000024131dd8800, 0x0000024131dda000,
0x0000024131dd9000, 0x0000024131ddf000, 0x0000024131dda800, 0x0000024131ddb800,
0x00000241328d0800, 0x000002412c6d1000, 0x000002412c6cd000, 0x000002412c6cb800,
0x000002412c6cf800, 0x000002412c6cd800, 0x000002412c6d2000, 0x000002412c6d0000,
0x000002412c6cc000, 0x000002412c6d2800, 0x000002412c6d3800, 0x000002412c6d8800,
0x000002412c6d9000, 0x000002412c6da000, 0x000002412c6d4800, 0x000002412c6d5000,
0x0000024129d3b000, 0x0000024129d38800, 0x0000024129d3c000, 0x0000024129d36000,
0x0000024129d37000, 0x0000024129d42800, 0x0000024129d41000, 0x0000024129d40000,
0x0000024129d41800, 0x0000024129d3d000, 0x0000024129d3f000, 0x0000024129d3d800,
0x0000024129d44000, 0x0000024129d43800, 0x0000024129d45000, 0x000002412c6ce800,
0x000002412b352800, 0x000002412b34f800, 0x000002412b354000, 0x000002412b353800,
0x000002412b34e800, 0x000002412b355000, 0x000002412b350000, 0x000002412b356800,
0x000002412b351000, 0x000002412b357800, 0x000002412b35d000, 0x000002412b35c800,
0x000002412b356000, 0x000002412b351800, 0x000002412b359000, 0x000002412b358000,
0x000002412b35a000, 0x0000024129d38000, 0x0000024129d3e800, 0x000002412e3fd800,
0x000002412e3f9800, 0x000002412e3fa000, 0x000002412e3f7800, 0x000002412e3fc000,
0x000002412e3f8800, 0x000002412e3fc800, 0x000002412e3fb000, 0x000002412e3f7000,
0x000002412e3fe000, 0x000002412e402800, 0x000002412e403000
}

Java Threads: ( => current thread )
  0x0000024127c17000 JavaThread "Reference Handler" daemon [_thread_blocked, id=7356, stack(0x0000008e1df00000,0x0000008e1e000000)]
  0x0000024127c1a800 JavaThread "Finalizer" daemon [_thread_blocked, id=12448, stack(0x0000008e1e000000,0x0000008e1e100000)]
  0x0000024127c36800 JavaThread "Signal Dispatcher" daemon [_thread_blocked, id=8540, stack(0x0000008e1e100000,0x0000008e1e200000)]
  0x0000024127c38800 JavaThread "Attach Listener" daemon [_thread_blocked, id=14100, stack(0x0000008e1e200000,0x0000008e1e300000)]
=>0x0000024127c3b000 JavaThread "C2 CompilerThread0" daemon [_thread_in_native, id=15212, stack(0x0000008e1e300000,0x0000008e1e400000)]
  0x0000024127c3c800 JavaThread "C1 CompilerThread0" daemon [_thread_blocked, id=15148, stack(0x0000008e1e400000,0x0000008e1e500000)]
  0x0000024127c3e000 JavaThread "Sweeper thread" daemon [_thread_blocked, id=13148, stack(0x0000008e1e500000,0x0000008e1e600000)]
  0x0000024127bfe000 JavaThread "Common-Cleaner" daemon [_thread_blocked, id=7896, stack(0x0000008e1e600000,0x0000008e1e700000)]
  0x000002412885e000 JavaThread "JDWP Transport Listener: dt_socket" daemon [_thread_blocked, id=11968, stack(0x0000008e1e700000,0x0000008e1e800000)]
  0x0000024128879800 JavaThread "JDWP Event Helper Thread" daemon [_thread_blocked, id=5212, stack(0x0000008e1e800000,0x0000008e1e900000)]
  0x000002412887e800 JavaThread "JDWP Command Reader" daemon [_thread_in_native, id=3740, stack(0x0000008e1e900000,0x0000008e1ea00000)]
  0x0000024129225800 JavaThread "Service Thread" daemon [_thread_blocked, id=13780, stack(0x0000008e1ec00000,0x0000008e1ed00000)]
  0x000002412bb0d800 JavaThread "Catalina-utility-1" [_thread_blocked, id=1504, stack(0x0000008e1d700000,0x0000008e1d800000)]
  0x000002412b5cc800 JavaThread "Catalina-utility-2" [_thread_blocked, id=2436, stack(0x0000008e1f100000,0x0000008e1f200000)]
  0x000002412eeb7000 JavaThread "container-0" [_thread_blocked, id=5032, stack(0x0000008e1f200000,0x0000008e1f300000)]
  0x000002412b770800 JavaThread "Thread-1" daemon [_thread_in_native, id=12028, stack(0x0000008e1d600000,0x0000008e1d700000)]
  0x000002412ba0b800 JavaThread "CleanCursors-1-thread-1" daemon [_thread_blocked, id=1272, stack(0x0000008e1f400000,0x0000008e1f500000)]
  0x000002412e9ce800 JavaThread "cluster-ClusterId{value='6295f3db7abf5d2d10198b48', description='null'}-oraclehospitality-shard-00-02-q9dzj.mongodb.net:27017" daemon [_thread_blocked, id=1316, stack(0x0000008e1f600000,0x0000008e1f700000)]
  0x000002412dcae800 JavaThread "cluster-ClusterId{value='6295f3db7abf5d2d10198b48', description='null'}-oraclehospitality-shard-00-01-q9dzj.mongodb.net:27017" daemon [_thread_blocked, id=9084, stack(0x0000008e1f500000,0x0000008e1f600000)]
  0x000002412bb23800 JavaThread "cluster-ClusterId{value='6295f3db7abf5d2d10198b48', description='null'}-oraclehospitality-shard-00-00-q9dzj.mongodb.net:27017" daemon [_thread_blocked, id=12216, stack(0x0000008e1f700000,0x0000008e1f800000)]
  0x00000241328d2000 JavaThread "MessageBroker-1" [_thread_blocked, id=5952, stack(0x0000008e1fb00000,0x0000008e1fc00000)]
  0x00000241328d1800 JavaThread "my-scheduled-task-pool-1" [_thread_blocked, id=2732, stack(0x0000008e1fd00000,0x0000008e1fe00000)]
  0x00000241328cf800 JavaThread "my-scheduled-task-pool-2" [_thread_blocked, id=10848, stack(0x0000008e1fe00000,0x0000008e1ff00000)]
  0x0000024131ddc800 JavaThread "my-scheduled-task-pool-3" [_thread_blocked, id=5064, stack(0x0000008e1ff00000,0x0000008e20000000)]
  0x0000024131dde000 JavaThread "http-nio-8081-BlockPoller" daemon [_thread_in_native, id=8148, stack(0x0000008e1fc00000,0x0000008e1fd00000)]
  0x0000024131ddd000 JavaThread "http-nio-8081-exec-1" daemon [_thread_blocked, id=11436, stack(0x0000008e20000000,0x0000008e20100000)]
  0x0000024131dd8800 JavaThread "http-nio-8081-exec-2" daemon [_thread_blocked, id=14284, stack(0x0000008e20100000,0x0000008e20200000)]
  0x0000024131dda000 JavaThread "Forwarding quit on session 52733606-a6bb-4d6b-beef-914e95d7fe19 to remote" daemon [_thread_in_native, id=964, stack(0x0000008e20200000,0x0000008e20300000)]
  0x0000024131dd9000 JavaThread "http-nio-8081-exec-4" daemon [_thread_blocked, id=3684, stack(0x0000008e20300000,0x0000008e20400000)]
  0x0000024131ddf000 JavaThread "http-nio-8081-exec-5" daemon [_thread_blocked, id=10272, stack(0x0000008e20400000,0x0000008e20500000)]
  0x0000024131dda800 JavaThread "http-nio-8081-exec-6" daemon [_thread_blocked, id=2336, stack(0x0000008e20500000,0x0000008e20600000)]
  0x0000024131ddb800 JavaThread "http-nio-8081-exec-7" daemon [_thread_blocked, id=6276, stack(0x0000008e20600000,0x0000008e20700000)]
  0x00000241328d0800 JavaThread "http-nio-8081-exec-8" daemon [_thread_blocked, id=10100, stack(0x0000008e20700000,0x0000008e20800000)]
  0x000002412c6d1000 JavaThread "http-nio-8081-exec-9" daemon [_thread_blocked, id=14724, stack(0x0000008e20800000,0x0000008e20900000)]
  0x000002412c6cd000 JavaThread "http-nio-8081-exec-10" daemon [_thread_blocked, id=2204, stack(0x0000008e20900000,0x0000008e20a00000)]
  0x000002412c6cb800 JavaThread "http-nio-8081-ClientPoller" daemon [_thread_in_native, id=2664, stack(0x0000008e20a00000,0x0000008e20b00000)]
  0x000002412c6cf800 JavaThread "http-nio-8081-Acceptor" daemon [_thread_in_native, id=2920, stack(0x0000008e20b00000,0x0000008e20c00000)]
  0x000002412c6cd800 JavaThread "DestroyJavaVM" [_thread_blocked, id=14380, stack(0x0000008e1d800000,0x0000008e1d900000)]
  0x000002412c6d2000 JavaThread "MessageBroker-2" [_thread_blocked, id=10264, stack(0x0000008e1d500000,0x0000008e1d600000)]
  0x000002412c6d0000 JavaThread "my-scheduled-task-pool-4" [_thread_blocked, id=4012, stack(0x0000008e1f900000,0x0000008e1fa00000)]
  0x000002412c6cc000 JavaThread "Exec Default Executor" daemon [_thread_in_native, id=9732, stack(0x0000008e20c00000,0x0000008e20d00000)]
  0x000002412c6d2800 JavaThread "Exec Stream Pumper" daemon [_thread_in_native, id=11724, stack(0x0000008e20d00000,0x0000008e20e00000)]
  0x000002412c6d3800 JavaThread "Exec Stream Pumper" daemon [_thread_in_native, id=11400, stack(0x0000008e20e00000,0x0000008e20f00000)]
  0x000002412c6d8800 JavaThread "Okio Watchdog" daemon [_thread_blocked, id=13792, stack(0x0000008e1f000000,0x0000008e1f100000)]
  0x000002412c6d9000 JavaThread "Exec Default Executor" daemon [_thread_in_native, id=8136, stack(0x0000008e20f00000,0x0000008e21000000)]
  0x000002412c6da000 JavaThread "Exec Stream Pumper" daemon [_thread_in_native, id=380, stack(0x0000008e21100000,0x0000008e21200000)]
  0x000002412c6d4800 JavaThread "Exec Stream Pumper" daemon [_thread_in_native, id=4768, stack(0x0000008e21300000,0x0000008e21400000)]
  0x000002412c6d5000 JavaThread "MessageBroker-3" [_thread_blocked, id=9196, stack(0x0000008e21400000,0x0000008e21500000)]
  0x0000024129d3b000 JavaThread "Exec Default Executor" daemon [_thread_in_native, id=2304, stack(0x0000008e21200000,0x0000008e21300000)]
  0x0000024129d38800 JavaThread "Exec Stream Pumper" daemon [_thread_in_native, id=8812, stack(0x0000008e21500000,0x0000008e21600000)]
  0x0000024129d3c000 JavaThread "Exec Stream Pumper" daemon [_thread_in_native, id=2652, stack(0x0000008e21600000,0x0000008e21700000)]
  0x0000024129d36000 JavaThread "Exec Default Executor" daemon [_thread_in_native, id=5852, stack(0x0000008e21000000,0x0000008e21100000)]
  0x0000024129d37000 JavaThread "Exec Stream Pumper" daemon [_thread_in_native, id=3168, stack(0x0000008e21800000,0x0000008e21900000)]
  0x0000024129d42800 JavaThread "Exec Stream Pumper" daemon [_thread_in_native, id=7488, stack(0x0000008e21900000,0x0000008e21a00000)]
  0x0000024129d41000 JavaThread "Exec Default Executor" daemon [_thread_in_native, id=16288, stack(0x0000008e21700000,0x0000008e21800000)]
  0x0000024129d40000 JavaThread "Exec Stream Pumper" daemon [_thread_in_native, id=8828, stack(0x0000008e21a00000,0x0000008e21b00000)]
  0x0000024129d41800 JavaThread "Exec Stream Pumper" daemon [_thread_in_native, id=8444, stack(0x0000008e21b00000,0x0000008e21c00000)]
  0x0000024129d3d000 JavaThread "MessageBroker-4" [_thread_blocked, id=14104, stack(0x0000008e21c00000,0x0000008e21d00000)]
  0x0000024129d3f000 JavaThread "Exec Default Executor" daemon [_thread_in_native, id=17536, stack(0x0000008e21f00000,0x0000008e22000000)]
  0x0000024129d3d800 JavaThread "Exec Stream Pumper" daemon [_thread_in_native, id=17288, stack(0x0000008e22000000,0x0000008e22100000)]
  0x0000024129d44000 JavaThread "Exec Stream Pumper" daemon [_thread_in_native, id=16712, stack(0x0000008e22200000,0x0000008e22300000)]
  0x0000024129d43800 JavaThread "Exec Default Executor" daemon [_thread_in_native, id=16604, stack(0x0000008e21e00000,0x0000008e21f00000)]
  0x0000024129d45000 JavaThread "Exec Stream Pumper" daemon [_thread_in_native, id=912, stack(0x0000008e22300000,0x0000008e22400000)]
  0x000002412c6ce800 JavaThread "Exec Stream Pumper" daemon [_thread_in_native, id=17096, stack(0x0000008e22400000,0x0000008e22500000)]
  0x000002412b352800 JavaThread "Exec Default Executor" daemon [_thread_in_native, id=14484, stack(0x0000008e22100000,0x0000008e22200000)]
  0x000002412b34f800 JavaThread "Exec Stream Pumper" daemon [_thread_in_native, id=19488, stack(0x0000008e22600000,0x0000008e22700000)]
  0x000002412b354000 JavaThread "Exec Stream Pumper" daemon [_thread_in_native, id=19696, stack(0x0000008e22700000,0x0000008e22800000)]
  0x000002412b353800 JavaThread "Exec Default Executor" daemon [_thread_in_native, id=1800, stack(0x0000008e22500000,0x0000008e22600000)]
  0x000002412b34e800 JavaThread "Exec Stream Pumper" daemon [_thread_in_native, id=18556, stack(0x0000008e22800000,0x0000008e22900000)]
  0x000002412b355000 JavaThread "Exec Stream Pumper" daemon [_thread_in_native, id=16624, stack(0x0000008e22a00000,0x0000008e22b00000)]
  0x000002412b350000 JavaThread "Exec Default Executor" daemon [_thread_in_native, id=9072, stack(0x0000008e22900000,0x0000008e22a00000)]
  0x000002412b356800 JavaThread "Exec Stream Pumper" daemon [_thread_in_native, id=21252, stack(0x0000008e22b00000,0x0000008e22c00000)]
  0x000002412b351000 JavaThread "Exec Stream Pumper" daemon [_thread_in_native, id=976, stack(0x0000008e22c00000,0x0000008e22d00000)]
  0x000002412b357800 JavaThread "Exec Default Executor" daemon [_thread_in_native, id=20096, stack(0x0000008e22f00000,0x0000008e23000000)]
  0x000002412b35d000 JavaThread "Exec Stream Pumper" daemon [_thread_in_native, id=8252, stack(0x0000008e23000000,0x0000008e23100000)]
  0x000002412b35c800 JavaThread "Exec Stream Pumper" daemon [_thread_in_native, id=9192, stack(0x0000008e23100000,0x0000008e23200000)]
  0x000002412b356000 JavaThread "Exec Default Executor" daemon [_thread_in_native, id=20488, stack(0x0000008e1f300000,0x0000008e1f400000)]
  0x000002412b351800 JavaThread "Exec Stream Pumper" daemon [_thread_in_native, id=21556, stack(0x0000008e21d00000,0x0000008e21e00000)]
  0x000002412b359000 JavaThread "Exec Stream Pumper" daemon [_thread_in_native, id=15188, stack(0x0000008e22e00000,0x0000008e22f00000)]
  0x000002412b358000 JavaThread "OkHttp ConnectionPool" daemon [_thread_blocked, id=21816, stack(0x0000008e23400000,0x0000008e23500000)]
  0x000002412b35a000 JavaThread "Exec Default Executor" daemon [_thread_in_native, id=17724, stack(0x0000008e23200000,0x0000008e23300000)]
  0x0000024129d38000 JavaThread "Exec Stream Pumper" daemon [_thread_in_native, id=20004, stack(0x0000008e23500000,0x0000008e23600000)]
  0x0000024129d3e800 JavaThread "Exec Stream Pumper" daemon [_thread_in_native, id=14804, stack(0x0000008e23600000,0x0000008e23700000)]
  0x000002412e3fd800 JavaThread "ForkJoinPool.commonPool-worker-5" daemon [_thread_blocked, id=23228, stack(0x0000008e22d00000,0x0000008e22e00000)]
  0x000002412e3f9800 JavaThread "Exec Default Executor" daemon [_thread_in_native, id=22540, stack(0x0000008e23300000,0x0000008e23400000)]
  0x000002412e3fa000 JavaThread "Exec Stream Pumper" daemon [_thread_in_native, id=10160, stack(0x0000008e23700000,0x0000008e23800000)]
  0x000002412e3f7800 JavaThread "Exec Stream Pumper" daemon [_thread_in_native, id=17036, stack(0x0000008e23800000,0x0000008e23900000)]
  0x000002412e3fc000 JavaThread "ForkJoinPool.commonPool-worker-7" daemon [_thread_blocked, id=14520, stack(0x0000008e23900000,0x0000008e23a00000)]
  0x000002412e3f8800 JavaThread "Exec Default Executor" daemon [_thread_in_native, id=18656, stack(0x0000008e23a00000,0x0000008e23b00000)]
  0x000002412e3fc800 JavaThread "Exec Stream Pumper" daemon [_thread_in_native, id=17908, stack(0x0000008e23b00000,0x0000008e23c00000)]
  0x000002412e3fb000 JavaThread "Exec Stream Pumper" daemon [_thread_in_native, id=10868, stack(0x0000008e23c00000,0x0000008e23d00000)]
  0x000002412e3f7000 JavaThread "Exec Default Executor" daemon [_thread_in_native, id=9748, stack(0x0000008e23d00000,0x0000008e23e00000)]
  0x000002412e3fe000 JavaThread "Exec Stream Pumper" daemon [_thread_in_native, id=23380, stack(0x0000008e23e00000,0x0000008e23f00000)]
  0x000002412e402800 JavaThread "Exec Stream Pumper" daemon [_thread_in_native, id=17548, stack(0x0000008e23f00000,0x0000008e24000000)]
  0x000002412e403000 JavaThread "ForkJoinPool.commonPool-worker-3" daemon [_thread_blocked, id=20232, stack(0x0000008e24000000,0x0000008e24100000)]

Other Threads:
  0x0000024127c15800 VMThread "VM Thread" [stack: 0x0000008e1de00000,0x0000008e1df00000] [id=5512]
  0x0000024129226800 WatcherThread [stack: 0x0000008e1ed00000,0x0000008e1ee00000] [id=5588]
  0x0000024109471000 GCTaskThread "GC Thread#0" [stack: 0x0000008e1d900000,0x0000008e1da00000] [id=1636]
  0x0000024128912800 GCTaskThread "GC Thread#1" [stack: 0x0000008e1ea00000,0x0000008e1eb00000] [id=3212]
  0x0000024128eea800 GCTaskThread "GC Thread#2" [stack: 0x0000008e1eb00000,0x0000008e1ec00000] [id=724]
  0x000002412957d800 GCTaskThread "GC Thread#3" [stack: 0x0000008e1ef00000,0x0000008e1f000000] [id=10540]
  0x0000024109483000 ConcurrentGCThread "G1 Main Marker" [stack: 0x0000008e1da00000,0x0000008e1db00000] [id=15232]
  0x0000024109484800 ConcurrentGCThread "G1 Conc#0" [stack: 0x0000008e1db00000,0x0000008e1dc00000] [id=1940]
  0x0000024127a92000 ConcurrentGCThread "G1 Refine#0" [stack: 0x0000008e1dc00000,0x0000008e1dd00000] [id=8084]
  0x000002412f5d8800 ConcurrentGCThread "G1 Refine#1" [stack: 0x0000008e1f800000,0x0000008e1f900000] [id=5184]
  0x0000024129f64800 ConcurrentGCThread "G1 Refine#2" [stack: 0x0000008e1fa00000,0x0000008e1fb00000] [id=13540]
  0x0000024127a94000 ConcurrentGCThread "G1 Young RemSet Sampling" [stack: 0x0000008e1dd00000,0x0000008e1de00000] [id=14820]

Threads with active compile tasks:
C2 CompilerThread0  8600291 16282       4       org.springframework.data.util.TypeDiscoverer::createInfo (158 bytes)

VM state:not at safepoint (normal execution)

VM Mutex/Monitor currently owned by a thread: None

Heap address: 0x0000000081c00000, size: 2020 MB, Compressed Oops mode: 32-bit
Narrow klass base: 0x0000000800000000, Narrow klass shift: 3
Compressed class space size: 1073741824 Address: 0x0000000800b20000

Heap:
 garbage-first heap   total 99328K, used 80161K [0x0000000081c00000, 0x0000000100000000)
  region size 1024K, 30 young (30720K), 1 survivors (1024K)
 Metaspace       used 76224K, capacity 78875K, committed 78976K, reserved 1118208K
  class space    used 8914K, capacity 9833K, committed 9856K, reserved 1048576K
Heap Regions: E=young(eden), S=young(survivor), O=old, HS=humongous(starts), HC=humongous(continues), CS=collection set, F=free, A=archive, TAMS=top-at-mark-start (previous, next)
|   0|0x0000000081c00000, 0x0000000081d00000, 0x0000000081d00000|100%|HS|  |TAMS 0x0000000081d00000, 0x0000000081c00000| Complete 
|   1|0x0000000081d00000, 0x0000000081e00000, 0x0000000081e00000|100%| O|  |TAMS 0x0000000081e00000, 0x0000000081d00000| Untracked 
|   2|0x0000000081e00000, 0x0000000081f00000, 0x0000000081f00000|100%| O|  |TAMS 0x0000000081f00000, 0x0000000081e00000| Untracked 
|   3|0x0000000081f00000, 0x0000000082000000, 0x0000000082000000|100%| O|  |TAMS 0x0000000082000000, 0x0000000081f00000| Untracked 
|   4|0x0000000082000000, 0x0000000082100000, 0x0000000082100000|100%| O|  |TAMS 0x0000000082100000, 0x0000000082000000| Untracked 
|   5|0x0000000082100000, 0x0000000082200000, 0x0000000082200000|100%| O|  |TAMS 0x0000000082200000, 0x0000000082100000| Untracked 
|   6|0x0000000082200000, 0x0000000082300000, 0x0000000082300000|100%| O|  |TAMS 0x0000000082300000, 0x0000000082200000| Untracked 
|   7|0x0000000082300000, 0x0000000082400000, 0x0000000082400000|100%| O|  |TAMS 0x0000000082400000, 0x0000000082300000| Untracked 
|   8|0x0000000082400000, 0x0000000082500000, 0x0000000082500000|100%| O|  |TAMS 0x0000000082500000, 0x0000000082400000| Untracked 
|   9|0x0000000082500000, 0x0000000082600000, 0x0000000082600000|100%| O|  |TAMS 0x0000000082600000, 0x0000000082500000| Untracked 
|  10|0x0000000082600000, 0x0000000082700000, 0x0000000082700000|100%| O|  |TAMS 0x0000000082700000, 0x0000000082600000| Untracked 
|  11|0x0000000082700000, 0x0000000082800000, 0x0000000082800000|100%| O|  |TAMS 0x0000000082800000, 0x0000000082700000| Untracked 
|  12|0x0000000082800000, 0x0000000082900000, 0x0000000082900000|100%| O|  |TAMS 0x0000000082900000, 0x0000000082800000| Untracked 
|  13|0x0000000082900000, 0x0000000082a00000, 0x0000000082a00000|100%| O|  |TAMS 0x0000000082a00000, 0x0000000082900000| Untracked 
|  14|0x0000000082a00000, 0x0000000082b00000, 0x0000000082b00000|100%| O|  |TAMS 0x0000000082b00000, 0x0000000082a00000| Untracked 
|  15|0x0000000082b00000, 0x0000000082c00000, 0x0000000082c00000|100%| O|  |TAMS 0x0000000082c00000, 0x0000000082b00000| Untracked 
|  16|0x0000000082c00000, 0x0000000082d00000, 0x0000000082d00000|100%| O|  |TAMS 0x0000000082d00000, 0x0000000082c00000| Untracked 
|  17|0x0000000082d00000, 0x0000000082e00000, 0x0000000082e00000|100%| O|  |TAMS 0x0000000082e00000, 0x0000000082d00000| Untracked 
|  18|0x0000000082e00000, 0x0000000082f00000, 0x0000000082f00000|100%| O|  |TAMS 0x0000000082f00000, 0x0000000082e00000| Untracked 
|  19|0x0000000082f00000, 0x0000000083000000, 0x0000000083000000|100%| O|  |TAMS 0x0000000083000000, 0x0000000082f00000| Untracked 
|  20|0x0000000083000000, 0x0000000083100000, 0x0000000083100000|100%| O|  |TAMS 0x0000000083100000, 0x0000000083000000| Untracked 
|  21|0x0000000083100000, 0x0000000083200000, 0x0000000083200000|100%| O|  |TAMS 0x0000000083200000, 0x0000000083100000| Untracked 
|  22|0x0000000083200000, 0x0000000083300000, 0x0000000083300000|100%| O|  |TAMS 0x0000000083300000, 0x0000000083200000| Untracked 
|  23|0x0000000083300000, 0x0000000083400000, 0x0000000083400000|100%| O|  |TAMS 0x0000000083400000, 0x0000000083300000| Untracked 
|  24|0x0000000083400000, 0x0000000083500000, 0x0000000083500000|100%| O|  |TAMS 0x0000000083500000, 0x0000000083400000| Untracked 
|  25|0x0000000083500000, 0x0000000083600000, 0x0000000083600000|100%| O|  |TAMS 0x0000000083600000, 0x0000000083500000| Untracked 
|  26|0x0000000083600000, 0x0000000083700000, 0x0000000083700000|100%| O|  |TAMS 0x0000000083700000, 0x0000000083600000| Untracked 
|  27|0x0000000083700000, 0x0000000083800000, 0x0000000083800000|100%| O|  |TAMS 0x0000000083800000, 0x0000000083700000| Untracked 
|  28|0x0000000083800000, 0x0000000083900000, 0x0000000083900000|100%| O|  |TAMS 0x0000000083821800, 0x0000000083800000| Untracked 
|  29|0x0000000083900000, 0x0000000083a00000, 0x0000000083a00000|100%| O|  |TAMS 0x0000000083a00000, 0x0000000083900000| Untracked 
|  30|0x0000000083a00000, 0x0000000083b00000, 0x0000000083b00000|100%| O|  |TAMS 0x0000000083b00000, 0x0000000083a00000| Untracked 
|  31|0x0000000083b00000, 0x0000000083bd0800, 0x0000000083c00000| 81%| O|  |TAMS 0x0000000083b00000, 0x0000000083b00000| Untracked 
|  32|0x0000000083c00000, 0x0000000083d00000, 0x0000000083d00000|100%| O|  |TAMS 0x0000000083d00000, 0x0000000083c00000| Untracked 
|  33|0x0000000083d00000, 0x0000000083e00000, 0x0000000083e00000|100%| O|  |TAMS 0x0000000083e00000, 0x0000000083d00000| Untracked 
|  34|0x0000000083e00000, 0x0000000083f00000, 0x0000000083f00000|100%| O|  |TAMS 0x0000000083f00000, 0x0000000083e00000| Untracked 
|  35|0x0000000083f00000, 0x0000000084000000, 0x0000000084000000|100%| O|  |TAMS 0x0000000084000000, 0x0000000083f00000| Untracked 
|  36|0x0000000084000000, 0x0000000084000000, 0x0000000084100000|  0%| F|  |TAMS 0x0000000084000000, 0x0000000084000000| Untracked 
|  37|0x0000000084100000, 0x0000000084200000, 0x0000000084200000|100%| O|  |TAMS 0x0000000084200000, 0x0000000084100000| Untracked 
|  38|0x0000000084200000, 0x0000000084300000, 0x0000000084300000|100%| O|  |TAMS 0x0000000084300000, 0x0000000084200000| Untracked 
|  39|0x0000000084300000, 0x0000000084400000, 0x0000000084400000|100%| O|  |TAMS 0x0000000084400000, 0x0000000084300000| Untracked 
|  40|0x0000000084400000, 0x0000000084500000, 0x0000000084500000|100%| O|  |TAMS 0x0000000084500000, 0x0000000084400000| Untracked 
|  41|0x0000000084500000, 0x0000000084600000, 0x0000000084600000|100%| O|  |TAMS 0x0000000084600000, 0x0000000084500000| Untracked 
|  42|0x0000000084600000, 0x0000000084700000, 0x0000000084700000|100%| O|  |TAMS 0x0000000084700000, 0x0000000084600000| Untracked 
|  43|0x0000000084700000, 0x0000000084800000, 0x0000000084800000|100%| O|  |TAMS 0x0000000084800000, 0x0000000084700000| Untracked 
|  44|0x0000000084800000, 0x0000000084900000, 0x0000000084900000|100%| O|  |TAMS 0x0000000084900000, 0x0000000084800000| Untracked 
|  45|0x0000000084900000, 0x0000000084900000, 0x0000000084a00000|  0%| F|  |TAMS 0x0000000084900000, 0x0000000084900000| Untracked 
|  46|0x0000000084a00000, 0x0000000084a00000, 0x0000000084b00000|  0%| F|  |TAMS 0x0000000084a00000, 0x0000000084a00000| Untracked 
|  47|0x0000000084b00000, 0x0000000084b00000, 0x0000000084c00000|  0%| F|  |TAMS 0x0000000084b00000, 0x0000000084b00000| Untracked 
|  48|0x0000000084c00000, 0x0000000084d00000, 0x0000000084d00000|100%| O|  |TAMS 0x0000000084d00000, 0x0000000084c00000| Untracked 
|  49|0x0000000084d00000, 0x0000000084d00000, 0x0000000084e00000|  0%| F|  |TAMS 0x0000000084d00000, 0x0000000084d00000| Untracked 
|  50|0x0000000084e00000, 0x0000000084f00000, 0x0000000084f00000|100%| O|  |TAMS 0x0000000084f00000, 0x0000000084e00000| Untracked 
|  51|0x0000000084f00000, 0x0000000085000000, 0x0000000085000000|100%| O|  |TAMS 0x0000000085000000, 0x0000000084f00000| Untracked 
|  52|0x0000000085000000, 0x0000000085100000, 0x0000000085100000|100%| O|  |TAMS 0x0000000085100000, 0x0000000085000000| Untracked 
|  53|0x0000000085100000, 0x0000000085100000, 0x0000000085200000|  0%| F|  |TAMS 0x0000000085100000, 0x0000000085100000| Untracked 
|  54|0x0000000085200000, 0x0000000085300000, 0x0000000085300000|100%| O|  |TAMS 0x0000000085300000, 0x0000000085200000| Untracked 
|  55|0x0000000085300000, 0x0000000085400000, 0x0000000085400000|100%| O|  |TAMS 0x0000000085400000, 0x0000000085300000| Untracked 
|  56|0x0000000085400000, 0x0000000085500000, 0x0000000085500000|100%| O|  |TAMS 0x0000000085500000, 0x0000000085400000| Untracked 
|  57|0x0000000085500000, 0x0000000085500000, 0x0000000085600000|  0%| F|  |TAMS 0x0000000085500000, 0x0000000085500000| Untracked 
|  58|0x0000000085600000, 0x0000000085600000, 0x0000000085700000|  0%| F|  |TAMS 0x0000000085600000, 0x0000000085600000| Untracked 
|  59|0x0000000085700000, 0x0000000085700000, 0x0000000085800000|  0%| F|  |TAMS 0x0000000085700000, 0x0000000085700000| Untracked 
|  60|0x0000000085800000, 0x0000000085800000, 0x0000000085900000|  0%| F|  |TAMS 0x0000000085800000, 0x0000000085800000| Untracked 
|  61|0x0000000085900000, 0x0000000085900000, 0x0000000085a00000|  0%| F|  |TAMS 0x0000000085900000, 0x0000000085900000| Untracked 
|  62|0x0000000085a00000, 0x0000000085a77f60, 0x0000000085b00000| 46%| S|CS|TAMS 0x0000000085a00000, 0x0000000085a00000| Complete 
|  63|0x0000000085b00000, 0x0000000085b00000, 0x0000000085c00000|  0%| F|  |TAMS 0x0000000085b00000, 0x0000000085b00000| Untracked 
|  64|0x0000000085c00000, 0x0000000085c00000, 0x0000000085d00000|  0%| F|  |TAMS 0x0000000085c00000, 0x0000000085c00000| Untracked 
|  65|0x0000000085d00000, 0x0000000085d00000, 0x0000000085e00000|  0%| F|  |TAMS 0x0000000085d00000, 0x0000000085d00000| Untracked 
|  66|0x0000000085e00000, 0x0000000085e00000, 0x0000000085f00000|  0%| F|  |TAMS 0x0000000085e00000, 0x0000000085e00000| Untracked 
|  67|0x0000000085f00000, 0x0000000085f00000, 0x0000000086000000|  0%| F|  |TAMS 0x0000000085f00000, 0x0000000085f00000| Untracked 
|  68|0x0000000086000000, 0x0000000086053248, 0x0000000086100000| 32%| E|  |TAMS 0x0000000086000000, 0x0000000086000000| Complete 
|  69|0x0000000086100000, 0x0000000086200000, 0x0000000086200000|100%| E|CS|TAMS 0x0000000086100000, 0x0000000086100000| Complete 
|  70|0x0000000086200000, 0x0000000086300000, 0x0000000086300000|100%| E|CS|TAMS 0x0000000086200000, 0x0000000086200000| Complete 
|  71|0x0000000086300000, 0x0000000086400000, 0x0000000086400000|100%| E|CS|TAMS 0x0000000086300000, 0x0000000086300000| Complete 
|  72|0x0000000086400000, 0x0000000086500000, 0x0000000086500000|100%| E|CS|TAMS 0x0000000086400000, 0x0000000086400000| Complete 
|  73|0x0000000086500000, 0x0000000086600000, 0x0000000086600000|100%| E|  |TAMS 0x0000000086500000, 0x0000000086500000| Complete 
|  74|0x0000000086600000, 0x0000000086700000, 0x0000000086700000|100%| E|CS|TAMS 0x0000000086600000, 0x0000000086600000| Complete 
|  75|0x0000000086700000, 0x0000000086800000, 0x0000000086800000|100%| E|CS|TAMS 0x0000000086700000, 0x0000000086700000| Complete 
|  76|0x0000000086800000, 0x0000000086900000, 0x0000000086900000|100%| E|CS|TAMS 0x0000000086800000, 0x0000000086800000| Complete 
|  77|0x0000000086900000, 0x0000000086a00000, 0x0000000086a00000|100%| E|CS|TAMS 0x0000000086900000, 0x0000000086900000| Complete 
|  78|0x0000000086a00000, 0x0000000086b00000, 0x0000000086b00000|100%| E|CS|TAMS 0x0000000086a00000, 0x0000000086a00000| Complete 
|  79|0x0000000086b00000, 0x0000000086c00000, 0x0000000086c00000|100%| E|CS|TAMS 0x0000000086b00000, 0x0000000086b00000| Complete 
|  80|0x0000000086c00000, 0x0000000086d00000, 0x0000000086d00000|100%| E|CS|TAMS 0x0000000086c00000, 0x0000000086c00000| Complete 
|  81|0x0000000086d00000, 0x0000000086e00000, 0x0000000086e00000|100%| E|CS|TAMS 0x0000000086d00000, 0x0000000086d00000| Complete 
|  82|0x0000000086e00000, 0x0000000086f00000, 0x0000000086f00000|100%| E|CS|TAMS 0x0000000086e00000, 0x0000000086e00000| Complete 
|  83|0x0000000086f00000, 0x0000000087000000, 0x0000000087000000|100%| E|CS|TAMS 0x0000000086f00000, 0x0000000086f00000| Complete 
|  84|0x0000000087000000, 0x0000000087100000, 0x0000000087100000|100%| E|CS|TAMS 0x0000000087000000, 0x0000000087000000| Complete 
|  85|0x0000000087100000, 0x0000000087200000, 0x0000000087200000|100%| E|CS|TAMS 0x0000000087100000, 0x0000000087100000| Complete 
|  86|0x0000000087200000, 0x0000000087300000, 0x0000000087300000|100%| E|CS|TAMS 0x0000000087200000, 0x0000000087200000| Complete 
|  87|0x0000000087300000, 0x0000000087400000, 0x0000000087400000|100%| E|CS|TAMS 0x0000000087300000, 0x0000000087300000| Complete 
|  88|0x0000000087400000, 0x0000000087500000, 0x0000000087500000|100%| E|CS|TAMS 0x0000000087400000, 0x0000000087400000| Complete 
|  89|0x0000000087500000, 0x0000000087600000, 0x0000000087600000|100%| E|CS|TAMS 0x0000000087500000, 0x0000000087500000| Complete 
|  90|0x0000000087600000, 0x0000000087700000, 0x0000000087700000|100%| E|CS|TAMS 0x0000000087600000, 0x0000000087600000| Complete 
|  91|0x0000000087700000, 0x0000000087800000, 0x0000000087800000|100%| E|CS|TAMS 0x0000000087700000, 0x0000000087700000| Complete 
|  92|0x0000000087800000, 0x0000000087900000, 0x0000000087900000|100%| E|CS|TAMS 0x0000000087800000, 0x0000000087800000| Complete 
|  93|0x0000000087900000, 0x0000000087a00000, 0x0000000087a00000|100%| E|CS|TAMS 0x0000000087900000, 0x0000000087900000| Complete 
|  94|0x0000000087a00000, 0x0000000087b00000, 0x0000000087b00000|100%| E|CS|TAMS 0x0000000087a00000, 0x0000000087a00000| Complete 
|  95|0x0000000087b00000, 0x0000000087c00000, 0x0000000087c00000|100%| E|CS|TAMS 0x0000000087b00000, 0x0000000087b00000| Complete 
| 127|0x0000000089b00000, 0x0000000089c00000, 0x0000000089c00000|100%| E|CS|TAMS 0x0000000089b00000, 0x0000000089b00000| Complete 

Card table byte_map: [0x0000024121000000,0x0000024121400000] _byte_map_base: 0x0000024120bf2000

Marking Bits (Prev, Next): (CMBitMap*) 0x0000024109471e58, (CMBitMap*) 0x0000024109471e98
 Prev Bits: [0x0000024121800000, 0x0000024123790000)
 Next Bits: [0x0000024123790000, 0x0000024125720000)

Polling page: 0x0000024107220000

Metaspace:

Usage:
  Non-class:     67.42 MB capacity,    65.73 MB ( 97%) used,     1.38 MB (  2%) free+waste,   322.88 KB ( <1%) overhead. 
      Class:      9.60 MB capacity,     8.71 MB ( 91%) used,   780.35 KB (  8%) free+waste,   138.44 KB (  1%) overhead. 
       Both:     77.03 MB capacity,    74.44 MB ( 97%) used,     2.14 MB (  3%) free+waste,   461.31 KB ( <1%) overhead. 

Virtual space:
  Non-class space:       68.00 MB reserved,      67.50 MB (>99%) committed 
      Class space:        1.00 GB reserved,       9.63 MB ( <1%) committed 
             Both:        1.07 GB reserved,      77.13 MB (  7%) committed 

Chunk freelists:
   Non-Class:  14.00 KB
       Class:  0 bytes
        Both:  14.00 KB

MaxMetaspaceSize: 17179869184.00 GB
CompressedClassSpaceSize: 1.00 GB

CodeHeap 'non-profiled nmethods': size=120000Kb used=12716Kb max_used=12716Kb free=107283Kb
 bounds [0x00000241196d0000, 0x000002411a340000, 0x0000024120c00000]
CodeHeap 'profiled nmethods': size=120000Kb used=32033Kb max_used=32033Kb free=87967Kb
 bounds [0x00000241121a0000, 0x00000241140f0000, 0x00000241196d0000]
CodeHeap 'non-nmethods': size=5760Kb used=1438Kb max_used=1529Kb free=4321Kb
 bounds [0x0000024111c00000, 0x0000024111e70000, 0x00000241121a0000]
 total_blobs=13937 nmethods=13289 adapters=566
 compilation: enabled
              stopped_count=0, restarted_count=0
 full_count=0

Compilation events (20 events):
Event: 8591.327 Thread 0x0000024127c3b000 nmethod 16281 0x000002411a33a710 code [0x000002411a33a8a0, 0x000002411a33a998]
Event: 8592.799 Thread 0x0000024127c3b000 16282       4       org.springframework.data.util.TypeDiscoverer::createInfo (158 bytes)
Event: 8593.139 Thread 0x0000024127c3c800 16283       3       com.sun.supplierpoc.models.SyncJobType_Instantiator_4n94r5::newInstance (8 bytes)
Event: 8593.139 Thread 0x0000024127c3c800 nmethod 16283 0x00000241140e3e10 code [0x00000241140e3fc0, 0x00000241140e4218]
Event: 8593.139 Thread 0x0000024127c3c800 16284       3       com.sun.supplierpoc.models.configurations.Configuration_Instantiator_kq0kqk::newInstance (8 bytes)
Event: 8593.139 Thread 0x0000024127c3c800 nmethod 16284 0x00000241140e4310 code [0x00000241140e44c0, 0x00000241140e46a8]
Event: 8593.375 Thread 0x0000024127c3c800 16285       3       org.springframework.util.LinkedCaseInsensitiveMap::put (10 bytes)
Event: 8593.375 Thread 0x0000024127c3c800 nmethod 16285 0x00000241140e4790 code [0x00000241140e4940, 0x00000241140e4bc8]
Event: 8593.414 Thread 0x0000024127c3c800 16286       3       com.sun.supplierpoc.models.auth.AccessToken_Accessor_b86aed::<init> (16 bytes)
Event: 8593.465 Thread 0x0000024127c3c800 nmethod 16286 0x00000241140e4c90 code [0x00000241140e4e60, 0x00000241140e51c8]
Event: 8593.465 Thread 0x0000024127c3c800 16287       3       org.springframework.web.util.UrlPathHelper::getContextPath (42 bytes)
Event: 8593.465 Thread 0x0000024127c3c800 nmethod 16287 0x00000241140e5310 code [0x00000241140e5500, 0x00000241140e5ab8]
Event: 8593.466 Thread 0x0000024127c3c800 16288       1       org.apache.coyote.Response::setContentTypeNoCharset (6 bytes)
Event: 8593.466 Thread 0x0000024127c3c800 nmethod 16288 0x000002411a33aa90 code [0x000002411a33ac20, 0x000002411a33ad38]
Event: 8593.467 Thread 0x0000024127c3c800 16289   !   3       jdk.internal.reflect.GeneratedMethodAccessor93::invoke (64 bytes)
Event: 8593.488 Thread 0x0000024127c3c800 nmethod 16289 0x00000241140e5c90 code [0x00000241140e5ee0, 0x00000241140e66a8]
Event: 8593.488 Thread 0x0000024127c3c800 16290   !   3       jdk.internal.reflect.GeneratedMethodAccessor94::invoke (61 bytes)
Event: 8593.661 Thread 0x0000024127c3c800 nmethod 16290 0x00000241140e6a10 code [0x00000241140e6c40, 0x00000241140e7328]
Event: 8593.792 Thread 0x0000024127c3c800 16294       1       com.sun.supplierpoc.models.auth.User::getUsername (5 bytes)
Event: 8593.904 Thread 0x0000024127c3c800 nmethod 16294 0x000002411a33ad90 code [0x000002411a33af20, 0x000002411a33aff8]

GC Heap History (20 events):
Event: 8265.166 GC heap before
{Heap before GC invocations=327 (full 0):
 garbage-first heap   total 99328K, used 86154K [0x0000000081c00000, 0x0000000100000000)
  region size 1024K, 34 young (34816K), 1 survivors (1024K)
 Metaspace       used 76170K, capacity 78808K, committed 78976K, reserved 1118208K
  class space    used 8914K, capacity 9833K, committed 9856K, reserved 1048576K
}
Event: 8265.168 GC heap after
{Heap after GC invocations=328 (full 0):
 garbage-first heap   total 99328K, used 52381K [0x0000000081c00000, 0x0000000100000000)
  region size 1024K, 1 young (1024K), 1 survivors (1024K)
 Metaspace       used 76170K, capacity 78808K, committed 78976K, reserved 1118208K
  class space    used 8914K, capacity 9833K, committed 9856K, reserved 1048576K
}
Event: 8294.760 GC heap before
{Heap before GC invocations=328 (full 0):
 garbage-first heap   total 99328K, used 86173K [0x0000000081c00000, 0x0000000100000000)
  region size 1024K, 34 young (34816K), 1 survivors (1024K)
 Metaspace       used 76170K, capacity 78808K, committed 78976K, reserved 1118208K
  class space    used 8914K, capacity 9833K, committed 9856K, reserved 1048576K
}
Event: 8294.762 GC heap after
{Heap after GC invocations=329 (full 0):
 garbage-first heap   total 99328K, used 52348K [0x0000000081c00000, 0x0000000100000000)
  region size 1024K, 1 young (1024K), 1 survivors (1024K)
 Metaspace       used 76170K, capacity 78808K, committed 78976K, reserved 1118208K
  class space    used 8914K, capacity 9833K, committed 9856K, reserved 1048576K
}
Event: 8304.784 GC heap before
{Heap before GC invocations=329 (full 0):
 garbage-first heap   total 99328K, used 86140K [0x0000000081c00000, 0x0000000100000000)
  region size 1024K, 34 young (34816K), 1 survivors (1024K)
 Metaspace       used 76170K, capacity 78808K, committed 78976K, reserved 1118208K
  class space    used 8914K, capacity 9833K, committed 9856K, reserved 1048576K
}
Event: 8304.786 GC heap after
{Heap after GC invocations=330 (full 0):
 garbage-first heap   total 99328K, used 52320K [0x0000000081c00000, 0x0000000100000000)
  region size 1024K, 1 young (1024K), 1 survivors (1024K)
 Metaspace       used 76170K, capacity 78808K, committed 78976K, reserved 1118208K
  class space    used 8914K, capacity 9833K, committed 9856K, reserved 1048576K
}
Event: 8351.505 GC heap before
{Heap before GC invocations=330 (full 0):
 garbage-first heap   total 99328K, used 86112K [0x0000000081c00000, 0x0000000100000000)
  region size 1024K, 34 young (34816K), 1 survivors (1024K)
 Metaspace       used 76187K, capacity 78808K, committed 78976K, reserved 1118208K
  class space    used 8914K, capacity 9833K, committed 9856K, reserved 1048576K
}
Event: 8351.508 GC heap after
{Heap after GC invocations=331 (full 0):
 garbage-first heap   total 99328K, used 52472K [0x0000000081c00000, 0x0000000100000000)
  region size 1024K, 1 young (1024K), 1 survivors (1024K)
 Metaspace       used 76187K, capacity 78808K, committed 78976K, reserved 1118208K
  class space    used 8914K, capacity 9833K, committed 9856K, reserved 1048576K
}
Event: 8366.464 GC heap before
{Heap before GC invocations=331 (full 0):
 garbage-first heap   total 99328K, used 86264K [0x0000000081c00000, 0x0000000100000000)
  region size 1024K, 34 young (34816K), 1 survivors (1024K)
 Metaspace       used 76187K, capacity 78808K, committed 78976K, reserved 1118208K
  class space    used 8914K, capacity 9833K, committed 9856K, reserved 1048576K
}
Event: 8366.488 GC heap after
{Heap after GC invocations=332 (full 0):
 garbage-first heap   total 99328K, used 52394K [0x0000000081c00000, 0x0000000100000000)
  region size 1024K, 1 young (1024K), 1 survivors (1024K)
 Metaspace       used 76187K, capacity 78808K, committed 78976K, reserved 1118208K
  class space    used 8914K, capacity 9833K, committed 9856K, reserved 1048576K
}
Event: 8386.381 GC heap before
{Heap before GC invocations=332 (full 0):
 garbage-first heap   total 99328K, used 86186K [0x0000000081c00000, 0x0000000100000000)
  region size 1024K, 34 young (34816K), 1 survivors (1024K)
 Metaspace       used 76187K, capacity 78808K, committed 78976K, reserved 1118208K
  class space    used 8914K, capacity 9833K, committed 9856K, reserved 1048576K
}
Event: 8386.385 GC heap after
{Heap after GC invocations=333 (full 0):
 garbage-first heap   total 99328K, used 52416K [0x0000000081c00000, 0x0000000100000000)
  region size 1024K, 1 young (1024K), 1 survivors (1024K)
 Metaspace       used 76187K, capacity 78808K, committed 78976K, reserved 1118208K
  class space    used 8914K, capacity 9833K, committed 9856K, reserved 1048576K
}
Event: 8407.344 GC heap before
{Heap before GC invocations=333 (full 0):
 garbage-first heap   total 99328K, used 86208K [0x0000000081c00000, 0x0000000100000000)
  region size 1024K, 34 young (34816K), 1 survivors (1024K)
 Metaspace       used 76187K, capacity 78808K, committed 78976K, reserved 1118208K
  class space    used 8914K, capacity 9833K, committed 9856K, reserved 1048576K
}
Event: 8407.346 GC heap after
{Heap after GC invocations=334 (full 0):
 garbage-first heap   total 99328K, used 52339K [0x0000000081c00000, 0x0000000100000000)
  region size 1024K, 1 young (1024K), 1 survivors (1024K)
 Metaspace       used 76187K, capacity 78808K, committed 78976K, reserved 1118208K
  class space    used 8914K, capacity 9833K, committed 9856K, reserved 1048576K
}
Event: 8420.435 GC heap before
{Heap before GC invocations=334 (full 0):
 garbage-first heap   total 99328K, used 86131K [0x0000000081c00000, 0x0000000100000000)
  region size 1024K, 34 young (34816K), 1 survivors (1024K)
 Metaspace       used 76187K, capacity 78808K, committed 78976K, reserved 1118208K
  class space    used 8914K, capacity 9833K, committed 9856K, reserved 1048576K
}
Event: 8420.437 GC heap after
{Heap after GC invocations=335 (full 0):
 garbage-first heap   total 99328K, used 52306K [0x0000000081c00000, 0x0000000100000000)
  region size 1024K, 1 young (1024K), 1 survivors (1024K)
 Metaspace       used 76187K, capacity 78808K, committed 78976K, reserved 1118208K
  class space    used 8914K, capacity 9833K, committed 9856K, reserved 1048576K
}
Event: 8433.579 GC heap before
{Heap before GC invocations=335 (full 0):
 garbage-first heap   total 99328K, used 86098K [0x0000000081c00000, 0x0000000100000000)
  region size 1024K, 34 young (34816K), 1 survivors (1024K)
 Metaspace       used 76192K, capacity 78809K, committed 78976K, reserved 1118208K
  class space    used 8914K, capacity 9833K, committed 9856K, reserved 1048576K
}
Event: 8433.647 GC heap after
{Heap after GC invocations=336 (full 0):
 garbage-first heap   total 99328K, used 52288K [0x0000000081c00000, 0x0000000100000000)
  region size 1024K, 1 young (1024K), 1 survivors (1024K)
 Metaspace       used 76192K, capacity 78809K, committed 78976K, reserved 1118208K
  class space    used 8914K, capacity 9833K, committed 9856K, reserved 1048576K
}
Event: 8504.982 GC heap before
{Heap before GC invocations=336 (full 0):
 garbage-first heap   total 99328K, used 86080K [0x0000000081c00000, 0x0000000100000000)
  region size 1024K, 34 young (34816K), 1 survivors (1024K)
 Metaspace       used 76196K, capacity 78809K, committed 78976K, reserved 1118208K
  class space    used 8914K, capacity 9833K, committed 9856K, reserved 1048576K
}
Event: 8504.985 GC heap after
{Heap after GC invocations=337 (full 0):
 garbage-first heap   total 99328K, used 52513K [0x0000000081c00000, 0x0000000100000000)
  region size 1024K, 1 young (1024K), 1 survivors (1024K)
 Metaspace       used 76196K, capacity 78809K, committed 78976K, reserved 1118208K
  class space    used 8914K, capacity 9833K, committed 9856K, reserved 1048576K
}

Deoptimization events (20 events):
Event: 8595.547 Thread 0x0000024131dda000 DEOPT PACKING pc=0x000002411a02146c sp=0x0000008e202f9580
Event: 8595.547 Thread 0x0000024131dda000 DEOPT UNPACKING pc=0x0000024111c4964e sp=0x0000008e202f8808 mode 1
Event: 8595.551 Thread 0x0000024131dda000 DEOPT PACKING pc=0x000002411a07ef48 sp=0x0000008e202fa0e0
Event: 8595.551 Thread 0x0000024131dda000 DEOPT UNPACKING pc=0x0000024111c4964e sp=0x0000008e202f95c8 mode 1
Event: 8595.551 Thread 0x0000024131dda000 DEOPT PACKING pc=0x000002411a2ff5ac sp=0x0000008e202fa1c0
Event: 8595.551 Thread 0x0000024131dda000 DEOPT UNPACKING pc=0x0000024111c4964e sp=0x0000008e202f95c0 mode 1
Event: 8595.551 Thread 0x0000024131dda000 DEOPT PACKING pc=0x00000241139d70cc sp=0x0000008e202fa260
Event: 8595.551 Thread 0x0000024131dda000 DEOPT UNPACKING pc=0x0000024111c4964e sp=0x0000008e202f9680 mode 1
Event: 8596.060 Thread 0x0000024131dda000 DEOPT PACKING pc=0x000002411a02146c sp=0x0000008e202f9580
Event: 8596.060 Thread 0x0000024131dda000 DEOPT UNPACKING pc=0x0000024111c4964e sp=0x0000008e202f8808 mode 1
Event: 8596.063 Thread 0x0000024131dda000 DEOPT PACKING pc=0x000002411a07ef48 sp=0x0000008e202fa0e0
Event: 8596.063 Thread 0x0000024131dda000 DEOPT UNPACKING pc=0x0000024111c4964e sp=0x0000008e202f95c8 mode 1
Event: 8596.063 Thread 0x0000024131dda000 DEOPT PACKING pc=0x000002411a2ff5ac sp=0x0000008e202fa1c0
Event: 8596.063 Thread 0x0000024131dda000 DEOPT UNPACKING pc=0x0000024111c4964e sp=0x0000008e202f95c0 mode 1
Event: 8596.063 Thread 0x0000024131dda000 DEOPT PACKING pc=0x00000241139d70cc sp=0x0000008e202fa260
Event: 8596.063 Thread 0x0000024131dda000 DEOPT UNPACKING pc=0x0000024111c4964e sp=0x0000008e202f9680 mode 1
Event: 8596.575 Thread 0x0000024131dda000 DEOPT PACKING pc=0x000002411a02146c sp=0x0000008e202f9580
Event: 8596.575 Thread 0x0000024131dda000 DEOPT UNPACKING pc=0x0000024111c4964e sp=0x0000008e202f8808 mode 1
Event: 8596.593 Thread 0x0000024131dda000 DEOPT PACKING pc=0x000002411a02146c sp=0x0000008e202f94f0
Event: 8596.593 Thread 0x0000024131dda000 DEOPT UNPACKING pc=0x0000024111c4964e sp=0x0000008e202f8778 mode 1

Classes unloaded (20 events):
Event: 4242.708 Thread 0x0000024127c15800 Unloading class 0x0000000800dbf840 'java/lang/invoke/LambdaForm$MH'
Event: 4242.708 Thread 0x0000024127c15800 Unloading class 0x00000008010f2c40 'java/lang/invoke/LambdaForm$MH'
Event: 4242.708 Thread 0x0000024127c15800 Unloading class 0x00000008010f2440 'java/lang/invoke/LambdaForm$MH'
Event: 4242.708 Thread 0x0000024127c15800 Unloading class 0x00000008010e6440 'java/lang/invoke/LambdaForm$MH'
Event: 4242.708 Thread 0x0000024127c15800 Unloading class 0x00000008010e5c40 'java/lang/invoke/LambdaForm$MH'
Event: 4242.708 Thread 0x0000024127c15800 Unloading class 0x000000080110bc40 'java/lang/invoke/LambdaForm$MH'
Event: 4242.708 Thread 0x0000024127c15800 Unloading class 0x00000008010f1040 'java/lang/invoke/LambdaForm$MH'
Event: 4242.708 Thread 0x0000024127c15800 Unloading class 0x0000000801150440 'java/lang/invoke/LambdaForm$MH'
Event: 4242.708 Thread 0x0000024127c15800 Unloading class 0x0000000801157840 'java/lang/invoke/LambdaForm$MH'
Event: 4242.708 Thread 0x0000024127c15800 Unloading class 0x0000000801153040 'java/lang/invoke/LambdaForm$MH'
Event: 4242.708 Thread 0x0000024127c15800 Unloading class 0x0000000801215440 'java/lang/invoke/LambdaForm$MH'
Event: 4242.708 Thread 0x0000024127c15800 Unloading class 0x0000000801214840 'java/lang/invoke/LambdaForm$MH'
Event: 4242.708 Thread 0x0000024127c15800 Unloading class 0x0000000801421440 'java/lang/invoke/LambdaForm$MH'
Event: 4242.708 Thread 0x0000024127c15800 Unloading class 0x0000000801421040 'java/lang/invoke/LambdaForm$MH'
Event: 4242.708 Thread 0x0000024127c15800 Unloading class 0x0000000801420c40 'java/lang/invoke/LambdaForm$MH'
Event: 4242.708 Thread 0x0000024127c15800 Unloading class 0x0000000801420840 'java/lang/invoke/LambdaForm$MH'
Event: 4242.708 Thread 0x0000024127c15800 Unloading class 0x0000000801420440 'java/lang/invoke/LambdaForm$MH'
Event: 4242.708 Thread 0x0000024127c15800 Unloading class 0x0000000801420040 'java/lang/invoke/LambdaForm$MH'
Event: 4242.708 Thread 0x0000024127c15800 Unloading class 0x0000000800ca4040 'java/lang/invoke/LambdaForm$MH'
Event: 4242.708 Thread 0x0000024127c15800 Unloading class 0x0000000800bcc040 'java/lang/invoke/LambdaForm$MH'

Classes redefined (0 events):
No events

Internal exceptions (20 events):
Event: 6891.569 Thread 0x000002412dcae800 Exception <a 'java/net/UnknownHostException'{0x00000000874869d8}> (0x00000000874869d8) 
thrown [./src/hotspot/share/prims/jni.cpp, line 598]
Event: 6893.234 Thread 0x000002412e9ce800 Exception <a 'java/net/UnknownHostException'{0x000000008748a020}> (0x000000008748a020) 
thrown [./src/hotspot/share/prims/jni.cpp, line 598]
Event: 6902.934 Thread 0x0000024131dda800 Exception <a 'java/lang/reflect/InvocationTargetException'{0x0000000087417450}> (0x0000000087417450) 
thrown [./src/hotspot/share/runtime/reflection.cpp, line 1188]
Event: 6911.765 Thread 0x000002412bb23800 Exception <a 'java/net/UnknownHostException'{0x00000000873ad590}> (0x00000000873ad590) 
thrown [./src/hotspot/share/prims/jni.cpp, line 598]
Event: 6912.718 Thread 0x000002412dcae800 Exception <a 'java/net/UnknownHostException'{0x000000008730fde0}> (0x000000008730fde0) 
thrown [./src/hotspot/share/prims/jni.cpp, line 598]
Event: 6915.649 Thread 0x000002412e9ce800 Exception <a 'java/net/UnknownHostException'{0x00000000873ab1a0}> (0x00000000873ab1a0) 
thrown [./src/hotspot/share/prims/jni.cpp, line 598]
Event: 6931.715 Thread 0x0000024131dda800 Implicit null exception at 0x000002411a23b684 to 0x000002411a24b94c
Event: 7440.233 Thread 0x0000024131ddb800 Implicit null exception at 0x000002411992f7e9 to 0x000002411992f850
Event: 7475.159 Thread 0x0000024131dda000 Exception <a 'java/net/SocketException'{0x00000000870cf510}: Socket is not connected: shutdown> (0x00000000870cf510) 
thrown [./src/hotspot/share/prims/jni.cpp, line 619]
Event: 7578.101 Thread 0x0000024131dda000 Exception <a 'java/net/SocketException'{0x00000000879180a0}: Socket is not connected: shutdown> (0x00000000879180a0) 
thrown [./src/hotspot/share/prims/jni.cpp, line 619]
Event: 7688.926 Thread 0x0000024131dda000 Exception <a 'java/net/SocketException'{0x0000000087bd41a0}: Socket is not connected: shutdown> (0x0000000087bd41a0) 
thrown [./src/hotspot/share/prims/jni.cpp, line 619]
Event: 7689.931 Thread 0x0000024131dda000 Exception <a 'java/net/SocketException'{0x0000000087bef120}: Socket is not connected: shutdown> (0x0000000087bef120) 
thrown [./src/hotspot/share/prims/jni.cpp, line 619]
Event: 7835.643 Thread 0x0000024131dda000 Exception <a 'java/net/SocketException'{0x00000000865f49c0}: Socket is not connected: shutdown> (0x00000000865f49c0) 
thrown [./src/hotspot/share/prims/jni.cpp, line 619]
Event: 7967.476 Thread 0x0000024131dda000 Exception <a 'java/net/SocketException'{0x0000000085f3a158}: Socket is not connected: shutdown> (0x0000000085f3a158) 
thrown [./src/hotspot/share/prims/jni.cpp, line 619]
Event: 8098.515 Thread 0x0000024131dda000 Exception <a 'java/net/SocketException'{0x000000008755a178}: Socket is not connected: shutdown> (0x000000008755a178) 
thrown [./src/hotspot/share/prims/jni.cpp, line 619]
Event: 8207.705 Thread 0x0000024131dda000 Exception <a 'java/net/SocketException'{0x0000000086ce6678}: Socket is not connected: shutdown> (0x0000000086ce6678) 
thrown [./src/hotspot/share/prims/jni.cpp, line 619]
Event: 8316.203 Thread 0x0000024131dda000 Exception <a 'java/net/SocketException'{0x0000000086a3e650}: Socket is not connected: shutdown> (0x0000000086a3e650) 
thrown [./src/hotspot/share/prims/jni.cpp, line 619]
Event: 8441.897 Thread 0x0000024131dda000 Exception <a 'java/net/SocketException'{0x00000000877b9208}: Socket is not connected: shutdown> (0x00000000877b9208) 
thrown [./src/hotspot/share/prims/jni.cpp, line 619]
Event: 8504.441 Thread 0x0000024131dda000 Exception <a 'java/net/SocketException'{0x0000000085d30250}: Socket is not connected: shutdown> (0x0000000085d30250) 
thrown [./src/hotspot/share/prims/jni.cpp, line 619]
Event: 8574.344 Thread 0x0000024131dda000 Exception <a 'java/net/SocketException'{0x0000000086c46018}: Socket is not connected: shutdown> (0x0000000086c46018) 
thrown [./src/hotspot/share/prims/jni.cpp, line 619]

Events (20 events):
Event: 8504.955 Thread 0x000002412e3f7000 Thread added: 0x000002412e3f7000
Event: 8504.956 Executing VM operation: G1CollectForAllocation
Event: 8504.985 Executing VM operation: G1CollectForAllocation done
Event: 8505.088 Executing VM operation: RevokeBias
Event: 8505.088 Executing VM operation: RevokeBias done
Event: 8564.999 Executing VM operation: RevokeBias
Event: 8564.999 Executing VM operation: RevokeBias done
Event: 8564.999 Thread 0x000002412e3f7000 Thread exited: 0x000002412e3f7000
Event: 8574.346 Thread 0x000002412e3f7000 Thread added: 0x000002412e3f7000
Event: 8574.346 Executing VM operation: RevokeBias
Event: 8574.401 Executing VM operation: RevokeBias done
Event: 8574.405 Thread 0x000002412e3fe000 Thread added: 0x000002412e3fe000
Event: 8574.405 Thread 0x000002412e402800 Thread added: 0x000002412e402800
Event: 8574.859 Thread 0x000002412e403000 Thread added: 0x000002412e403000
Event: 8576.310 Executing VM operation: RevokeBias
Event: 8576.310 Executing VM operation: RevokeBias done
Event: 8589.755 Executing VM operation: RevokeBias
Event: 8589.755 Executing VM operation: RevokeBias done
Event: 8590.552 Executing VM operation: RevokeBias
Event: 8590.604 Executing VM operation: RevokeBias done


Dynamic libraries:
0x00007ff63b2c0000 - 0x00007ff63b2cd000 	D:\zulu13.35.17-ca-jdk13.0.5-win_x64\bin\java.exe
0x00007ffb92790000 - 0x00007ffb92985000 	C:\WINDOWS\SYSTEM32\ntdll.dll
0x00007ffb90900000 - 0x00007ffb909bd000 	C:\WINDOWS\System32\KERNEL32.DLL
0x00007ffb90400000 - 0x00007ffb906cd000 	C:\WINDOWS\System32\KERNELBASE.dll
0x00007ffb8ffb0000 - 0x00007ffb900b0000 	C:\WINDOWS\System32\ucrtbase.dll
0x00007ffb8d3c0000 - 0x00007ffb8d3d7000 	D:\zulu13.35.17-ca-jdk13.0.5-win_x64\bin\jli.dll
0x00007ffb8d3a0000 - 0x00007ffb8d3b5000 	D:\zulu13.35.17-ca-jdk13.0.5-win_x64\bin\VCRUNTIME140.dll
0x00007ffb91a00000 - 0x00007ffb91ba0000 	C:\WINDOWS\System32\USER32.dll
0x00007ffb90320000 - 0x00007ffb90342000 	C:\WINDOWS\System32\win32u.dll
0x00007ffb92360000 - 0x00007ffb9238a000 	C:\WINDOWS\System32\GDI32.dll
0x00007ffb906d0000 - 0x00007ffb907db000 	C:\WINDOWS\System32\gdi32full.dll
0x00007ffb8fea0000 - 0x00007ffb8ff3d000 	C:\WINDOWS\System32\msvcp_win.dll
0x00007ffb85670000 - 0x00007ffb8590a000 	C:\WINDOWS\WinSxS\amd64_microsoft.windows.common-controls_6595b64144ccf1df_6.0.19041.1110_none_60b5254171f9507e\COMCTL32.dll
0x00007ffb90d10000 - 0x00007ffb90dae000 	C:\WINDOWS\System32\msvcrt.dll
0x00007ffb90db0000 - 0x00007ffb90de0000 	C:\WINDOWS\System32\IMM32.DLL
0x00007ffb83000000 - 0x00007ffb8309b000 	D:\zulu13.35.17-ca-jdk13.0.5-win_x64\bin\msvcp140.dll
0x00007ffb2d2f0000 - 0x00007ffb2dedf000 	D:\zulu13.35.17-ca-jdk13.0.5-win_x64\bin\server\jvm.dll
0x00007ffb922b0000 - 0x00007ffb9235e000 	C:\WINDOWS\System32\ADVAPI32.dll
0x00007ffb90a60000 - 0x00007ffb90afc000 	C:\WINDOWS\System32\sechost.dll
0x00007ffb918d0000 - 0x00007ffb919f5000 	C:\WINDOWS\System32\RPCRT4.dll
0x00007ffb90a50000 - 0x00007ffb90a58000 	C:\WINDOWS\System32\PSAPI.DLL
0x00007ffb6f220000 - 0x00007ffb6f247000 	C:\WINDOWS\SYSTEM32\WINMM.dll
0x00007ffb7de20000 - 0x00007ffb7de29000 	C:\WINDOWS\SYSTEM32\WSOCK32.dll
0x00007ffb8cb30000 - 0x00007ffb8cb3a000 	C:\WINDOWS\SYSTEM32\VERSION.dll
0x00007ffb91050000 - 0x00007ffb910bb000 	C:\WINDOWS\System32\WS2_32.dll
0x00007ffb8e750000 - 0x00007ffb8e762000 	C:\WINDOWS\SYSTEM32\kernel.appcore.dll
0x00007ffb8bf90000 - 0x00007ffb8bfa0000 	D:\zulu13.35.17-ca-jdk13.0.5-win_x64\bin\verify.dll
0x00007ffb7bed0000 - 0x00007ffb7c0b4000 	C:\WINDOWS\SYSTEM32\DBGHELP.DLL
0x00007ffb7bea0000 - 0x00007ffb7becc000 	C:\WINDOWS\SYSTEM32\dbgcore.DLL
0x00007ffb90100000 - 0x00007ffb90182000 	C:\WINDOWS\System32\bcryptPrimitives.dll
0x00007ffb89370000 - 0x00007ffb89396000 	D:\zulu13.35.17-ca-jdk13.0.5-win_x64\bin\java.dll
0x00007ffb8bf80000 - 0x00007ffb8bf8a000 	D:\zulu13.35.17-ca-jdk13.0.5-win_x64\bin\jimage.dll
0x00007ffb7e790000 - 0x00007ffb7e7c8000 	D:\zulu13.35.17-ca-jdk13.0.5-win_x64\bin\jdwp.dll
0x00007ffb82fa0000 - 0x00007ffb82fae000 	D:\zulu13.35.17-ca-jdk13.0.5-win_x64\bin\instrument.dll
0x00007ffb89090000 - 0x00007ffb890a7000 	D:\zulu13.35.17-ca-jdk13.0.5-win_x64\bin\zip.dll
0x00007ffb910d0000 - 0x00007ffb91814000 	C:\WINDOWS\System32\SHELL32.dll
0x00007ffb8dfa0000 - 0x00007ffb8e734000 	C:\WINDOWS\SYSTEM32\windows.storage.dll
0x00007ffb92390000 - 0x00007ffb926e4000 	C:\WINDOWS\System32\combase.dll
0x00007ffb8f830000 - 0x00007ffb8f85c000 	C:\WINDOWS\SYSTEM32\Wldp.dll
0x00007ffb91820000 - 0x00007ffb918cd000 	C:\WINDOWS\System32\SHCORE.dll
0x00007ffb90f10000 - 0x00007ffb90f65000 	C:\WINDOWS\System32\shlwapi.dll
0x00007ffb8fde0000 - 0x00007ffb8fdff000 	C:\WINDOWS\SYSTEM32\profapi.dll
0x00007ffb82d80000 - 0x00007ffb82d8a000 	D:\zulu13.35.17-ca-jdk13.0.5-win_x64\bin\dt_socket.dll
0x00007ffb8f590000 - 0x00007ffb8f5fa000 	C:\WINDOWS\system32\mswsock.dll
0x00007ffb82fe0000 - 0x00007ffb82ff9000 	D:\zulu13.35.17-ca-jdk13.0.5-win_x64\bin\net.dll
0x00007ffb8a950000 - 0x00007ffb8aa5a000 	C:\WINDOWS\SYSTEM32\WINHTTP.dll
0x00007ffb82fc0000 - 0x00007ffb82fd2000 	D:\zulu13.35.17-ca-jdk13.0.5-win_x64\bin\nio.dll
0x00007ffb8be80000 - 0x00007ffb8be89000 	D:\zulu13.35.17-ca-jdk13.0.5-win_x64\bin\management.dll
0x00007ffb89360000 - 0x00007ffb8936b000 	D:\zulu13.35.17-ca-jdk13.0.5-win_x64\bin\management_ext.dll
0x00007ffb7e560000 - 0x00007ffb7e577000 	C:\WINDOWS\system32\napinsp.dll
0x00007ffb6f050000 - 0x00007ffb6f06b000 	C:\WINDOWS\system32\pnrpnsp.dll
0x00007ffb6efe0000 - 0x00007ffb6eff5000 	C:\WINDOWS\system32\wshbth.dll
0x00007ffb8bec0000 - 0x00007ffb8bedd000 	C:\WINDOWS\system32\NLAapi.dll
0x00007ffb8f280000 - 0x00007ffb8f2bb000 	C:\WINDOWS\SYSTEM32\IPHLPAPI.DLL
0x00007ffb8f2c0000 - 0x00007ffb8f38b000 	C:\WINDOWS\SYSTEM32\DNSAPI.dll
0x00007ffb910c0000 - 0x00007ffb910c8000 	C:\WINDOWS\System32\NSI.dll
0x00007ffb7e670000 - 0x00007ffb7e682000 	C:\WINDOWS\System32\winrnr.dll
0x00007ffb89ad0000 - 0x00007ffb89ada000 	C:\Windows\System32\rasadhlp.dll
0x00007ffb89a50000 - 0x00007ffb89ad0000 	C:\WINDOWS\System32\fwpuclnt.dll
0x00007ffb90190000 - 0x00007ffb901b7000 	C:\WINDOWS\System32\bcrypt.dll
0x0000000180000000 - 0x0000000180286000 	E:\xampp\tomcat\bin\tcnative-1.dll
0x00007ffb901c0000 - 0x00007ffb90316000 	C:\WINDOWS\System32\CRYPT32.dll
0x00007ffb8f780000 - 0x00007ffb8f798000 	C:\WINDOWS\SYSTEM32\CRYPTSP.dll
0x00007ffb8ef10000 - 0x00007ffb8ef44000 	C:\WINDOWS\system32\rsaenh.dll
0x00007ffb8fd60000 - 0x00007ffb8fd8e000 	C:\WINDOWS\SYSTEM32\USERENV.dll
0x00007ffb8f7a0000 - 0x00007ffb8f7ac000 	C:\WINDOWS\SYSTEM32\CRYPTBASE.dll
0x00007ffb89630000 - 0x00007ffb89647000 	C:\WINDOWS\SYSTEM32\dhcpcsvc6.DLL
0x00007ffb89e50000 - 0x00007ffb89e6d000 	C:\WINDOWS\SYSTEM32\dhcpcsvc.DLL
0x00007ffb8d3f0000 - 0x00007ffb8d415000 	D:\zulu13.35.17-ca-jdk13.0.5-win_x64\bin\sunec.dll
0x00007ffb8d3e0000 - 0x00007ffb8d3ee000 	D:\zulu13.35.17-ca-jdk13.0.5-win_x64\bin\sunmscapi.dll
0x00007ffb8f8a0000 - 0x00007ffb8f8c7000 	C:\WINDOWS\SYSTEM32\ncrypt.dll
0x00007ffb8f860000 - 0x00007ffb8f89b000 	C:\WINDOWS\SYSTEM32\NTASN1.dll

dbghelp: loaded successfully - version: 4.0.5 - missing functions: none
symbol engine: initialized successfully - sym options: 0x614 - pdb path: .;D:\zulu13.35.17-ca-jdk13.0.5-win_x64\bin;C:\WINDOWS\SYSTEM32;C:\WINDOWS\WinSxS\amd64_microsoft.windows.common-controls_6595b64144ccf1df_6.0.19041.1110_none_60b5254171f9507e;D:\zulu13.35.17-ca-jdk13.0.5-win_x64\bin\server;E:\xampp\tomcat\bin

VM Arguments:
jvm_args: -agentlib:jdwp=transport=dt_socket,address=127.0.0.1:65092,suspend=y,server=n -javaagent:C:\Users\Entrepreware\AppData\Local\JetBrains\IdeaIC2020.3\captureAgent\debugger-agent.jar -Dfile.encoding=UTF-8 
java_command: com.sun.supplierpoc.SupplierPocApplication
java_class_path (initial): E:\bendary\projects\backend\infor-sun-poc\target\classes;E:\bendary\jars\libphonenumber-8.12.10.jar;C:\Users\Entrepreware\.m2\repository\org\springframework\boot\spring-boot-starter-web\2.2.4.RELEASE\spring-boot-starter-web-2.2.4.RELEASE.jar;C:\Users\Entrepreware\.m2\repository\org\springframework\boot\spring-boot-starter-json\2.2.4.RELEASE\spring-boot-starter-json-2.2.4.RELEASE.jar;C:\Users\Entrepreware\.m2\repository\com\fasterxml\jackson\datatype\jackson-datatype-jdk8\2.10.2\jackson-datatype-jdk8-2.10.2.jar;C:\Users\Entrepreware\.m2\repository\com\fasterxml\jackson\datatype\jackson-datatype-jsr310\2.10.2\jackson-datatype-jsr310-2.10.2.jar;C:\Users\Entrepreware\.m2\repository\com\fasterxml\jackson\module\jackson-module-parameter-names\2.10.2\jackson-module-parameter-names-2.10.2.jar;C:\Users\Entrepreware\.m2\repository\org\springframework\boot\spring-boot-starter-tomcat\2.2.4.RELEASE\spring-boot-starter-tomcat-2.2.4.RELEASE.jar;C:\Users\Entrepreware\.m2\repository\org\apache\tomcat\embed\tomcat-embed-core\9.0.30\tomcat-embed-core-9.0.30.jar;C:\Users\Entrepreware\.m2\repository\org\apache\tomcat\embed\tomcat-embed-el\9.0.30\tomcat-embed-el-9.0.30.jar;C:\Users\Entrepreware\.m2\repository\org\apache\tomcat\embed\tomcat-embed-websocket\9.0.30\tomcat-embed-websocket-9.0.30.jar;C:\Users\Entrepreware\.m2\repository\org\springframework\boot\spring-boot-starter-validation\2.2.4.RELEASE\spring-boot-starter-validation-2.2.4.RELEASE.jar;C:\Users\Entrepreware\.m2\repository\jakarta\validation\jakarta.validation-api\2.0.2\jakarta.validation-api-2.0.2.jar;C:\Users\Entrepreware\.m2\repository\org\hibernate\validator\hibernate-validator\6.0.18.Final\hibernate-validator-6.0.18.Final.jar;C:\Users\Entrepreware\.m2\repository\org\jboss\logging\jboss-logging\3.4.1.Final\jboss-logging-3.4.1.Final.jar;C:\Users\Entrepreware\.m2\repository\com\fasterxml\classmate\1.5.1\classmate-1.5.1.jar;C:\Users\Entrepreware\.m2\repository\org\springframework\spring-web\5.2.3
Launcher Type: SUN_STANDARD

[Global flags]
     intx CICompilerCount                          = 3                                         {product} {ergonomic}
     uint ConcGCThreads                            = 1                                         {product} {ergonomic}
     uint G1ConcRefinementThreads                  = 4                                         {product} {ergonomic}
   size_t G1HeapRegionSize                         = 1048576                                   {product} {ergonomic}
    uintx GCDrainStackTargetSize                   = 64                                        {product} {ergonomic}
   size_t InitialHeapSize                          = 134217728                                 {product} {ergonomic}
   size_t MarkStackSize                            = 4194304                                   {product} {ergonomic}
   size_t MaxHeapSize                              = 2118123520                                {product} {ergonomic}
   size_t MaxNewSize                               = 1270874112                                {product} {ergonomic}
   size_t MinHeapDeltaBytes                        = 1048576                                   {product} {ergonomic}
   size_t MinHeapSize                              = 8388608                                   {product} {ergonomic}
    uintx NonNMethodCodeHeapSize                   = 5832780                                {pd product} {ergonomic}
    uintx NonProfiledCodeHeapSize                  = 122912730                              {pd product} {ergonomic}
    uintx ProfiledCodeHeapSize                     = 122912730                              {pd product} {ergonomic}
    uintx ReservedCodeCacheSize                    = 251658240                              {pd product} {ergonomic}
     bool SegmentedCodeCache                       = true                                      {product} {ergonomic}
   size_t SoftMaxHeapSize                          = 2118123520                             {manageable} {ergonomic}
     bool UseCompressedClassPointers               = true                                 {lp64_product} {ergonomic}
     bool UseCompressedOops                        = true                                 {lp64_product} {ergonomic}
     bool UseG1GC                                  = true                                      {product} {ergonomic}
     bool UseLargePagesIndividualAllocation        = false                                  {pd product} {ergonomic}

Logging:
Log output configuration:
 #0: stdout all=warning uptime,level,tags
 #1: stderr all=off uptime,level,tags

Environment Variables:
JAVA_HOME=C:\Program Files\Java\jdk1.8.0_271
PATH=D:\1.Bassel\dbhomeXE\bin;C:\ProgramData\Oracle\Java\javapath;C:\WINDOWS\system32;C:\WINDOWS;C:\WINDOWS\System32\Wbem;C:\WINDOWS\System32\WindowsPowerShell\v1.0\;E:\gradle-3.3\bin;E:\MySQL\MySQL Utilities 1.6;E:\MySQL\MySQL Server 5.6\bin;C:\WINDOWS\System32\OpenSSH\;E:\PUTTY\;D:\Android-SDK\sdk;D:\Android-SDK\sdk\tools;D:\Android-SDK\sdk\platform-tools;D:\Android-SDK\sdk\build-tools\27.0.3;C:\Program Files (x86)\Google\Cloud SDK\google-cloud-sdk\bin;C:\Program Files (x86)\Microsoft SQL Server\90\Tools\binn\;C:\Program Files (x86)\Microsoft SQL Server\100\Tools\Binn\VSShell\Common7\IDE\;C:\Program Files (x86)\Microsoft SQL Server\100\Tools\Binn\;C:\Program Files (x86)\Microsoft SQL Server\100\DTS\Binn\;C:\Program Files (x86)\Microsoft SQL Server\Client SDK\ODBC\130\Tools\Binn\;C:\Program Files (x86)\Microsoft SQL Server\140\Tools\Binn\;C:\Program Files (x86)\Microsoft SQL Server\140\DTS\Binn\;C:\Program Files (x86)\Microsoft SQL Server\140\Tools\Binn\ManagementStudio\;C:\Users\Entrepreware\AppData\Local\Programs\Python\Python37\Scripts;C:\Users\Entrepreware\AppData\Local\Programs\Python\Python37;C:\Program Files (x86)\Gpg4win\..\GnuPG\bin;C:\Program Files\dotnet\;C:\Program Files\Microsoft SQL Server\130\Tools\Binn\;C:\Program Files\Microsoft SQL Server\Client SDK\ODBC\170\Tools\Binn\;C:\Program Files (x86)\dotnet\;E:\Downloads\jad158g.win;E:\xampp\tomcat\bin;D:\zulu13.35.17-ca-jdk13.0.5-win_x64\bin;E:\1.Bassel\gradle-6.9.1\bin;E:\nodejs\;C:/Users/Entrepreware/.m2/wrapper/dists/apache-maven-3.6.3-bin/1iopthnavndlasol9gbrbg6bf2/apache-maven-3.6.3\bin;C:\WINDOWS\system32;C:\WINDOWS;C:\WINDOWS\System32\Wbem;C:\WINDOWS\System32\WindowsPowerShell\v1.0\;C:\WINDOWS\System32\OpenSSH\;C:\Program Files (x86)\Microsoft SQL Server\150\Tools\Binn\;C:\Program Files\Microsoft SQL Server\150\Tools\Binn\;C:\Program Files\Microsoft SQL Server\150\DTS\Binn\;E:\Git\cmd;C:\Users\Entrepreware\AppData\Local\Programs\Python\Python37\Scripts\;C:\Users\Entrepreware\AppData\Local\Programs\Py
USERNAME=Entrepreware
OS=Windows_NT
PROCESSOR_IDENTIFIER=Intel64 Family 6 Model 42 Stepping 7, GenuineIntel



---------------  S Y S T E M  ---------------

OS: Windows 10 , 64 bit Build 19041 (10.0.19041.1706)
OS uptime: 0 days 3:02 hours

CPU:total 4 (initial active 4) (4 cores per cpu, 1 threads per core) family 6 model 42 stepping 7, cmov, cx8, fxsr, mmx, sse, sse2, sse3, ssse3, sse4.1, sse4.2, popcnt, avx, aes, clmul, tsc, tscinvbit

Memory: 4k page, system-wide physical 8072M (309M free)
TotalPageFile size 20791M (AvailPageFile size 5M)
current process WorkingSet (physical memory assigned to process): 201M, peak: 326M
current process commit charge ("private bytes"): 405M, peak: 464M

vm_info: OpenJDK 64-Bit Server VM (13.0.5+3-MTS) for windows-amd64 JRE (13.0.5+3-MTS) (Zulu13.35+17-CA), built on Oct  6 2020 05:30:46 by "zulu_re" with MS VC++ 15.9 (VS2017)

END.
